number,value,datetime_start,datetime_complete,duration,params_learning_rate,params_max_bins,params_max_leaves,params_max_rounds,params_min_samples_leaf,params_outer_bags,params_smoothing_rounds,user_attrs_mean_r2,user_attrs_mean_wmape_pct,user_attrs_std_nrmse,system_attrs_tpe:relative_params:0,state
66,0.17146438220200633,2026-10-08 20:33:21.722381,2026-10-08 20:33:22.093942,0 days 00:00:00.371561,0.005386889360469594,32,4,1000,22,1,0,0.5411859155296855,12.459358084681098,0.06365321899002015,"{""learning_rate"": 0.005386889360469594, ""max_bins"": 32, ""max_leaves"": 4, ""max_rounds"": 1000, ""min_samples_leaf"": 22, ""outer_bags"": 1, ""smoothing_rounds"": 0}",COMPLETE
67,0.17183514679635403,2026-10-08 20:33:22.093942,2026-10-08 20:33:22.487938,0 days 00:00:00.393996,0.005354514146917642,32,4,900,22,1,0,0.53984251031061,12.480779887431375,0.06341217666372721,"{""learning_rate"": 0.005354514146917642, ""max_bins"": 32, ""max_leaves"": 4, ""max_rounds"": 900, ""min_samples_leaf"": 22, ""outer_bags"": 1, ""smoothing_rounds"": 0}",COMPLETE
68,0.17140971763038348,2026-10-08 20:33:22.487938,2026-10-08 20:33:22.877640,0 days 00:00:00.389702,0.005826084702179824,32,4,900,22,1,0,0.5420407652696726,12.490171795471744,0.06345612490074969,"{""learning_rate"": 0.005826084702179824, ""max_bins"": 32, ""max_leaves"": 4, ""max_rounds"": 900, ""min_samples_leaf"": 22, ""outer_bags"": 1, ""smoothing_rounds"": 0}",COMPLETE
69,0.1789885973987875,2026-10-08 20:33:22.877640,2026-10-08 20:33:23.152889,0 days 00:00:00.275249,0.005887199244678883,32,4,1000,19,1,0,0.507607471224641,12.907431337659553,0.06657012459121364,"{""learning_rate"": 0.005887199244678883, ""max_bins"": 32, ""max_leaves"": 4, ""max_rounds"": 1000, ""min_samples_leaf"": 19, ""outer_bags"": 1, ""smoothing_rounds"": 0}",COMPLETE
70,0.171676230845055,2026-10-08 20:33:23.152889,2026-10-08 20:33:23.522225,0 days 00:00:00.369336,0.005628883545850932,32,4,1000,22,1,0,0.5407517928781429,12.469281331562797,0.0632665650447023,"{""learning_rate"": 0.005628883545850932, ""max_bins"": 32, ""max_leaves"": 4, ""max_rounds"": 1000, ""min_samples_leaf"": 22, ""outer_bags"": 1, ""smoothing_rounds"": 0}",COMPLETE
71,0.17140293677975038,2026-10-08 20:33:23.522225,2026-10-08 20:33:23.911578,0 days 00:00:00.389353,0.005712540673253849,32,4,1000,22,1,0,0.5412725562541029,12.465483113836207,0.06381523938545194,"{""learning_rate"": 0.005712540673253849, ""max_bins"": 32, ""max_leaves"": 4, ""max_rounds"": 1000, ""min_samples_leaf"": 22, ""outer_bags"": 1, ""smoothing_rounds"": 0}",COMPLETE
72,0.17912537629898292,2026-10-08 20:33:23.911578,2026-10-08 20:33:24.192833,0 days 00:00:00.281255,0.006522251213784673,32,4,1000,21,1,25,0.49415668833923476,14.551746460752097,0.07360653203401765,"{""learning_rate"": 0.006522251213784673, ""max_bins"": 32, ""max_leaves"": 4, ""max_rounds"": 1000, ""min_samples_leaf"": 21, ""outer_bags"": 1, ""smoothing_rounds"": 25}",COMPLETE
73,0.1846599635545444,2026-10-08 20:33:24.192833,2026-10-08 20:33:24.486605,0 days 00:00:00.293772,0.007498509974272686,32,4,900,24,1,25,0.46854684636979177,15.042041355073119,0.07189027320843538,"{""learning_rate"": 0.007498509974272686, ""max_bins"": 32, ""max_leaves"": 4, ""max_rounds"": 900, ""min_samples_leaf"": 24, ""outer_bags"": 1, ""smoothing_rounds"": 25}",COMPLETE
74,0.1721729776677838,2026-10-08 20:33:24.486605,2026-10-08 20:33:24.870956,0 days 00:00:00.384351,0.007417613153525817,32,4,800,23,1,0,0.537717391917985,12.483989730417433,0.06433760838247515,"{""learning_rate"": 0.007417613153525817, ""max_bins"": 32, ""max_leaves"": 4, ""max_rounds"": 800, ""min_samples_leaf"": 23, ""outer_bags"": 1, ""smoothing_rounds"": 0}",COMPLETE
75,0.17139627206439245,2026-10-08 20:33:24.870956,2026-10-08 20:33:25.191753,0 days 00:00:00.320797,0.006115223923803178,32,4,1000,22,1,0,0.5407533060843328,12.467837927841394,0.06440120320640284,"{""learning_rate"": 0.006115223923803178, ""max_bins"": 32, ""max_leaves"": 4, ""max_rounds"": 1000, ""min_samples_leaf"": 22, ""outer_bags"": 1, ""smoothing_rounds"": 0}",COMPLETE
76,0.1819070030332911,2026-10-08 20:33:25.192754,2026-10-08 20:33:25.485019,0 days 00:00:00.292265,0.005321052191960869,32,3,1000,24,1,0,0.4942127056551073,12.698780206168529,0.06643060951774571,"{""learning_rate"": 0.005321052191960869, ""max_bins"": 32, ""max_leaves"": 3, ""max_rounds"": 1000, ""min_samples_leaf"": 24, ""outer_bags"": 1, ""smoothing_rounds"": 0}",COMPLETE
77,0.1714062906571029,2026-10-08 20:33:25.485019,2026-10-08 20:33:25.826960,0 days 00:00:00.341941,0.006107177825177228,32,4,800,21,1,0,0.540481614632376,12.43709458691159,0.06528878745961574,"{""learning_rate"": 0.006107177825177228, ""max_bins"": 32, ""max_leaves"": 4, ""max_rounds"": 800, ""min_samples_leaf"": 21, ""outer_bags"": 1, ""smoothing_rounds"": 0}",COMPLETE
78,0.1710612619069878,2026-10-08 20:33:25.826960,2026-10-08 20:33:26.203302,0 days 00:00:00.376342,0.005988910681637893,32,4,800,22,1,0,0.5432656576189356,12.459444841352775,0.06374189233578659,"{""learning_rate"": 0.005988910681637893, ""max_bins"": 32, ""max_leaves"": 4, ""max_rounds"": 800, ""min_samples_leaf"": 22, ""outer_bags"": 1, ""smoothing_rounds"": 0}",COMPLETE
79,0.17777704249724055,2026-10-08 20:33:26.203302,2026-10-08 20:33:26.512582,0 days 00:00:00.309280,0.005719542084920511,32,4,700,20,1,0,0.5135235301810098,12.965256914081571,0.06623669787507128,"{""learning_rate"": 0.005719542084920511, ""max_bins"": 32, ""max_leaves"": 4, ""max_rounds"": 700, ""min_samples_leaf"": 20, ""outer_bags"": 1, ""smoothing_rounds"": 0}",COMPLETE
80,0.18529349642812856,2026-10-08 20:33:26.512582,2026-10-08 20:33:26.792840,0 days 00:00:00.280258,0.007157115367713655,32,4,1000,25,1,0,0.48098494401755304,12.9681228713887,0.06279283040762108,"{""learning_rate"": 0.007157115367713655, ""max_bins"": 32, ""max_leaves"": 4, ""max_rounds"": 1000, ""min_samples_leaf"": 25, ""outer_bags"": 1, ""smoothing_rounds"": 0}",COMPLETE
81,0.17181863620824692,2026-10-08 20:33:26.792840,2026-10-08 20:33:27.186199,0 days 00:00:00.393359,0.005069634879477236,32,4,700,22,1,0,0.5400224396658833,12.465317313137733,0.06331348374234536,"{""learning_rate"": 0.005069634879477236, ""max_bins"": 32, ""max_leaves"": 4, ""max_rounds"": 700, ""min_samples_leaf"": 22, ""outer_bags"": 1, ""smoothing_rounds"": 0}",COMPLETE
82,0.1752674262128363,2026-10-08 20:33:27.186199,2026-10-08 20:33:27.932014,0 days 00:00:00.745815,0.00671483505511989,32,4,900,21,2,0,0.5217011168764629,12.73064640483218,0.06605767902735504,"{""learning_rate"": 0.00671483505511989, ""max_bins"": 32, ""max_leaves"": 4, ""max_rounds"": 900, ""min_samples_leaf"": 21, ""outer_bags"": 2, ""smoothing_rounds"": 0}",COMPLETE
83,0.17824112846758242,2026-10-08 20:33:27.932014,2026-10-08 20:33:28.658903,0 days 00:00:00.726889,0.0059561370949927596,32,4,1000,23,2,0,0.5068540232299952,12.939724968026278,0.06644038092193724,"{""learning_rate"": 0.0059561370949927596, ""max_bins"": 32, ""max_leaves"": 4, ""max_rounds"": 1000, ""min_samples_leaf"": 23, ""outer_bags"": 2, ""smoothing_rounds"": 0}",COMPLETE
84,0.1826015027870788,2026-10-08 20:33:28.658903,2026-10-08 20:33:28.970193,0 days 00:00:00.311290,0.007183398346729598,32,4,800,25,1,0,0.4938288414032484,12.871948253531583,0.06172488839946584,"{""learning_rate"": 0.007183398346729598, ""max_bins"": 32, ""max_leaves"": 4, ""max_rounds"": 800, ""min_samples_leaf"": 25, ""outer_bags"": 1, ""smoothing_rounds"": 0}",COMPLETE
85,0.17281913427023762,2026-10-08 20:33:28.970193,2026-10-08 20:33:29.311682,0 days 00:00:00.341489,0.009464162080752386,32,4,900,23,1,0,0.534831621590719,12.626143943625827,0.06427712838593638,"{""learning_rate"": 0.009464162080752386, ""max_bins"": 32, ""max_leaves"": 4, ""max_rounds"": 900, ""min_samples_leaf"": 23, ""outer_bags"": 1, ""smoothing_rounds"": 0}",COMPLETE
86,0.18327975896958973,2026-10-08 20:33:29.311682,2026-10-08 20:33:29.633987,0 days 00:00:00.322305,0.006832550235856048,32,4,1000,24,1,25,0.47559193887810186,14.813382335437602,0.07231957937559953,"{""learning_rate"": 0.006832550235856048, ""max_bins"": 32, ""max_leaves"": 4, ""max_rounds"": 1000, ""min_samples_leaf"": 24, ""outer_bags"": 1, ""smoothing_rounds"": 25}",COMPLETE
87,0.17135158697743855,2026-10-08 20:33:29.633987,2026-10-08 20:33:30.014336,0 days 00:00:00.380349,0.006030649694756237,32,4,800,22,1,0,0.5419222475479809,12.48310004279059,0.06374615101153931,"{""learning_rate"": 0.006030649694756237, ""max_bins"": 32, ""max_leaves"": 4, ""max_rounds"": 800, ""min_samples_leaf"": 22, ""outer_bags"": 1, ""smoothing_rounds"": 0}",COMPLETE
88,0.17135385625034483,2026-10-08 20:33:30.014336,2026-10-08 20:33:30.389182,0 days 00:00:00.374846,0.0052544910088357915,32,5,900,22,1,0,0.5414579820050796,12.44519734750118,0.06395563889178207,"{""learning_rate"": 0.0052544910088357915, ""max_bins"": 32, ""max_leaves"": 5, ""max_rounds"": 900, ""min_samples_leaf"": 22, ""outer_bags"": 1, ""smoothing_rounds"": 0}",COMPLETE
89,0.1755154508331064,2026-10-08 20:33:30.389182,2026-10-08 20:33:30.687452,0 days 00:00:00.298270,0.0053239350238006525,32,4,800,20,1,25,0.514946924976026,14.060542427871175,0.07016980533078612,"{""learning_rate"": 0.0053239350238006525, ""max_bins"": 32, ""max_leaves"": 4, ""max_rounds"": 800, ""min_samples_leaf"": 20, ""outer_bags"": 1, ""smoothing_rounds"": 25}",COMPLETE
90,0.17808269045539285,2026-10-08 20:33:30.687452,2026-10-08 20:33:30.959700,0 days 00:00:00.272248,0.006357236763493502,32,4,800,20,1,0,0.512157507963415,12.95448270152037,0.06619754866785428,"{""learning_rate"": 0.006357236763493502, ""max_bins"": 32, ""max_leaves"": 4, ""max_rounds"": 800, ""min_samples_leaf"": 20, ""outer_bags"": 1, ""smoothing_rounds"": 0}",COMPLETE
91,0.17190840832918408,2026-10-08 20:33:30.959700,2026-10-08 20:33:31.298007,0 days 00:00:00.338307,0.008080012980181168,32,4,700,21,1,0,0.5374965167958491,12.523878964476994,0.06584458092568694,"{""learning_rate"": 0.008080012980181168, ""max_bins"": 32, ""max_leaves"": 4, ""max_rounds"": 700, ""min_samples_leaf"": 21, ""outer_bags"": 1, ""smoothing_rounds"": 0}",COMPLETE
92,0.17345228854425865,2026-10-08 20:33:31.298007,2026-10-08 20:33:31.693873,0 days 00:00:00.395866,0.005331179677031935,32,3,900,22,1,0,0.531877813473105,12.260497405595379,0.06278227694264087,"{""learning_rate"": 0.005331179677031935, ""max_bins"": 32, ""max_leaves"": 3, ""max_rounds"": 900, ""min_samples_leaf"": 22, ""outer_bags"": 1, ""smoothing_rounds"": 0}",COMPLETE
93,0.17270248608061523,2026-10-08 20:33:31.693873,2026-10-08 20:33:32.174309,0 days 00:00:00.480436,0.005427351522462955,32,4,800,23,1,0,0.5358903212818239,12.40664471136787,0.06377460406938372,"{""learning_rate"": 0.005427351522462955, ""max_bins"": 32, ""max_leaves"": 4, ""max_rounds"": 800, ""min_samples_leaf"": 23, ""outer_bags"": 1, ""smoothing_rounds"": 0}",COMPLETE
94,0.17222272680887532,2026-10-08 20:33:32.175310,2026-10-08 20:33:32.534853,0 days 00:00:00.359543,0.007242123685420903,32,5,800,21,1,0,0.5368895823388726,12.52099283878024,0.06510289123232707,"{""learning_rate"": 0.007242123685420903, ""max_bins"": 32, ""max_leaves"": 5, ""max_rounds"": 800, ""min_samples_leaf"": 21, ""outer_bags"": 1, ""smoothing_rounds"": 0}",COMPLETE
95,0.18061346180739302,2026-10-08 20:33:32.535854,2026-10-08 20:33:32.790084,0 days 00:00:00.254230,0.009116101675834227,32,4,1000,24,1,0,0.49887895433109763,12.742502148419293,0.06818150569980685,"{""learning_rate"": 0.009116101675834227, ""max_bins"": 32, ""max_leaves"": 4, ""max_rounds"": 1000, ""min_samples_leaf"": 24, ""outer_bags"": 1, ""smoothing_rounds"": 0}",COMPLETE
96,0.17376226318137178,2026-10-08 20:33:32.790084,2026-10-08 20:33:33.137400,0 days 00:00:00.347316,0.0062190926586603605,32,3,1000,21,1,0,0.5302931405898982,12.25449704774264,0.06381834993120693,"{""learning_rate"": 0.0062190926586603605, ""max_bins"": 32, ""max_leaves"": 3, ""max_rounds"": 1000, ""min_samples_leaf"": 21, ""outer_bags"": 1, ""smoothing_rounds"": 0}",COMPLETE
97,0.17306174360802187,2026-10-08 20:33:33.137400,2026-10-08 20:33:33.487718,0 days 00:00:00.350318,0.007462508602344854,32,3,800,22,1,0,0.5334523604772042,12.3203960124248,0.0632841051686172,"{""learning_rate"": 0.007462508602344854, ""max_bins"": 32, ""max_leaves"": 3, ""max_rounds"": 800, ""min_samples_leaf"": 22, ""outer_bags"": 1, ""smoothing_rounds"": 0}",COMPLETE
98,0.17168093074643853,2026-10-08 20:33:33.487718,2026-10-08 20:33:33.801830,0 days 00:00:00.314112,0.00892613167772207,32,4,1000,22,1,0,0.5394337407138584,12.666427503493885,0.06428664371646761,"{""learning_rate"": 0.00892613167772207, ""max_bins"": 32, ""max_leaves"": 4, ""max_rounds"": 1000, ""min_samples_leaf"": 22, ""outer_bags"": 1, ""smoothing_rounds"": 0}",COMPLETE
99,0.172339505184146,2026-10-08 20:33:33.801830,2026-10-08 20:33:34.185179,0 days 00:00:00.383349,0.005940835976146319,32,5,1000,23,1,0,0.537713071575392,12.407727924753523,0.06367874502750955,"{""learning_rate"": 0.005940835976146319, ""max_bins"": 32, ""max_leaves"": 5, ""max_rounds"": 1000, ""min_samples_leaf"": 23, ""outer_bags"": 1, ""smoothing_rounds"": 0}",COMPLETE
