number,value,datetime_start,datetime_complete,duration,params_degree,params_n_knots,params_ridge_alpha,user_attrs_mean_r2,user_attrs_mean_wmape_pct,user_attrs_std_nrmse,system_attrs_tpe:relative_params:0,state
0,0.17880676701099363,2026-10-08 20:35:25.381074,2026-10-08 20:35:25.523202,0 days 00:00:00.142128,3,5,45.70563099801453,0.49216245392841884,14.480247857208028,0.06931322695926978,,COMPLETE
1,0.1813675354077946,2026-10-08 20:35:25.523202,2026-10-08 20:35:25.600270,0 days 00:00:00.077068,2,6,0.060252157362038566,0.49347211006213537,11.413464640899706,0.06844258826906055,,COMPLETE
2,0.16798295033345423,2026-10-08 20:35:25.600270,2026-10-08 20:35:25.677341,0 days 00:00:00.077071,3,3,10.129197956845726,0.5546406324615036,12.41263712630203,0.06477609001014639,,COMPLETE
3,0.3212599544720768,2026-10-08 20:35:25.677341,2026-10-08 20:35:25.753414,0 days 00:00:00.076073,2,7,707.2114131472224,-0.4806051553123187,28.511953099933056,0.05513223309609516,,COMPLETE
4,0.1786333584558992,2026-10-08 20:35:25.753414,2026-10-08 20:35:25.828993,0 days 00:00:00.075579,2,7,0.08111941985431921,0.5055099725846658,11.145766033064325,0.07065380019978242,,COMPLETE
5,0.1700255641635092,2026-10-08 20:35:25.828993,2026-10-08 20:35:25.909065,0 days 00:00:00.080072,2,4,4.205156450913866,0.536551194178536,11.950673636820786,0.0741345763138579,,COMPLETE
6,0.16956907637831198,2026-10-08 20:35:25.909065,2026-10-08 20:35:25.977640,0 days 00:00:00.068575,2,5,11.462107403425028,0.5420991522741142,11.96070590190898,0.07169438234966381,,COMPLETE
7,0.16334185733717405,2026-10-08 20:35:25.977640,2026-10-08 20:35:26.048704,0 days 00:00:00.071064,2,3,0.6789053271698483,0.577162773786513,11.147371334735242,0.06613984365603583,,COMPLETE
8,0.17392534062712936,2026-10-08 20:35:26.048704,2026-10-08 20:35:26.117766,0 days 00:00:00.069062,3,5,0.09962513222055108,0.5361734063151187,10.780255837736183,0.06309737557062779,,COMPLETE
9,0.18859624313758025,2026-10-08 20:35:26.117766,2026-10-08 20:35:26.197839,0 days 00:00:00.080073,3,6,0.017070728830306643,0.45379532205570583,12.285466258906167,0.07068098296082606,,COMPLETE
10,0.18172943344083659,2026-10-08 20:35:26.197839,2026-10-08 20:35:26.265901,0 days 00:00:00.068062,2,6,0.021147447960615712,0.4929179991423487,11.414581370570831,0.06742087826151463,,COMPLETE
11,0.19957401595006655,2026-10-08 20:35:26.265901,2026-10-08 20:35:26.337967,0 days 00:00:00.072066,3,8,110.15056790269621,0.3772995550962155,16.863241756660912,0.07243293984352374,,COMPLETE
12,0.17676154521087795,2026-10-08 20:35:26.337967,2026-10-08 20:35:26.408031,0 days 00:00:00.070064,2,4,26.373339933815235,0.5016949997658271,13.820992639586484,0.07333126117144763,,COMPLETE
13,0.16975913180109217,2026-10-08 20:35:26.408031,2026-10-08 20:35:26.475092,0 days 00:00:00.067061,2,5,2.991469302130215,0.5413755136217688,11.013643264105049,0.07365488204928285,,COMPLETE
14,0.1678865418523038,2026-10-08 20:35:26.475092,2026-10-08 20:35:26.545672,0 days 00:00:00.070580,3,3,0.19674328025306115,0.5567103290967926,11.149237053446727,0.06808838600182508,,COMPLETE
15,0.17773303853138078,2026-10-08 20:35:26.545672,2026-10-08 20:35:26.616736,0 days 00:00:00.071064,2,6,3.9841905944346854,0.49967126075309315,12.145144511906727,0.07418602074908004,,COMPLETE
16,0.3198029042771205,2026-10-08 20:35:26.616736,2026-10-08 20:35:26.685799,0 days 00:00:00.069063,2,6,704.5683638454491,-0.46893645517493016,28.43211056866944,0.057561905344572395,,COMPLETE
17,0.24700244138647776,2026-10-08 20:35:26.685799,2026-10-08 20:35:26.753860,0 days 00:00:00.068061,3,7,297.94544625913585,0.08219015929139233,21.92331734676021,0.07310941575959513,,COMPLETE
18,0.18718037732224735,2026-10-08 20:35:26.753860,2026-10-08 20:35:26.820921,0 days 00:00:00.067061,3,6,0.027698899227562825,0.462845071627968,12.138930504716823,0.06869072226971501,,COMPLETE
19,0.17071832879207208,2026-10-08 20:35:26.820921,2026-10-08 20:35:26.895989,0 days 00:00:00.075068,2,4,0.42330329965275953,0.5462312112849078,11.334668233332197,0.06377014583680445,,COMPLETE
20,0.16630175006802247,2026-10-08 20:35:26.895989,2026-10-08 20:35:26.968055,0 days 00:00:00.072066,2,3,0.028683665759872586,0.5688257257947482,11.209764824776732,0.0623958793728249,"{""degree"": 2, ""n_knots"": 3, ""ridge_alpha"": 0.028683665759872586}",COMPLETE
21,0.16632826231246658,2026-10-08 20:35:26.968055,2026-10-08 20:35:27.041121,0 days 00:00:00.073066,2,3,0.025087960906969638,0.5687453266288537,11.21070604576189,0.06236378154820841,"{""degree"": 2, ""n_knots"": 3, ""ridge_alpha"": 0.025087960906969638}",COMPLETE
22,0.16640701204093114,2026-10-08 20:35:27.041121,2026-10-08 20:35:27.110184,0 days 00:00:00.069063,2,3,0.01453891762278327,0.5685060322340242,11.213502241893684,0.062268523798037365,"{""degree"": 2, ""n_knots"": 3, ""ridge_alpha"": 0.01453891762278327}",COMPLETE
23,0.16439315910256938,2026-10-08 20:35:27.110184,2026-10-08 20:35:27.181248,0 days 00:00:00.071064,2,3,0.36868596729453235,0.5743726034364043,11.156252195206621,0.06475836113439813,"{""degree"": 2, ""n_knots"": 3, ""ridge_alpha"": 0.36868596729453235}",COMPLETE
24,0.16560596684721343,2026-10-08 20:35:27.181248,2026-10-08 20:35:27.254313,0 days 00:00:00.073065,2,3,0.1319797732826279,0.570905312738044,11.186123029546074,0.06324389974576482,"{""degree"": 2, ""n_knots"": 3, ""ridge_alpha"": 0.1319797732826279}",COMPLETE
25,0.16462605699446847,2026-10-08 20:35:27.254313,2026-10-08 20:35:27.323377,0 days 00:00:00.069064,2,3,0.3158395457933859,0.5737243720869133,11.159780456742352,0.06446274831031358,"{""degree"": 2, ""n_knots"": 3, ""ridge_alpha"": 0.3158395457933859}",COMPLETE
26,0.162470224222548,2026-10-08 20:35:27.324378,2026-10-08 20:35:27.396443,0 days 00:00:00.072065,2,3,1.1111691387520357,0.579211326309723,11.148172421796447,0.06740021514356247,"{""degree"": 2, ""n_knots"": 3, ""ridge_alpha"": 1.1111691387520357}",COMPLETE
27,0.1685375688318218,2026-10-08 20:35:27.396443,2026-10-08 20:35:27.465506,0 days 00:00:00.069063,3,3,1.1055534434588097,0.5550115875645086,11.428601221764913,0.06669740757971454,"{""degree"": 3, ""n_knots"": 3, ""ridge_alpha"": 1.1055534434588097}",COMPLETE
28,0.17801648765965708,2026-10-08 20:35:27.465506,2026-10-08 20:35:27.539572,0 days 00:00:00.074066,3,4,1.6957414285014236,0.5191237618915371,11.904074522896957,0.056354554287900434,"{""degree"": 3, ""n_knots"": 4, ""ridge_alpha"": 1.6957414285014236}",COMPLETE
29,0.16896900536979245,2026-10-08 20:35:27.539572,2026-10-08 20:35:27.609144,0 days 00:00:00.069572,2,3,26.031691564801672,0.5412329024809512,13.203046308241069,0.07108247501579323,"{""degree"": 2, ""n_knots"": 3, ""ridge_alpha"": 26.031691564801672}",COMPLETE
30,0.16192148933848985,2026-10-08 20:35:27.609144,2026-10-08 20:35:27.676710,0 days 00:00:00.067566,2,3,1.6296555416877543,0.580200507327175,11.175456686733291,0.06835127391408811,"{""degree"": 2, ""n_knots"": 3, ""ridge_alpha"": 1.6296555416877543}",COMPLETE
31,0.1616194000499899,2026-10-08 20:35:27.676710,2026-10-08 20:35:27.746778,0 days 00:00:00.070068,2,3,2.299210623573363,0.5803343275756031,11.227971066635547,0.06910914912323118,"{""degree"": 2, ""n_knots"": 3, ""ridge_alpha"": 2.299210623573363}",COMPLETE
32,0.1616023442391481,2026-10-08 20:35:27.746778,2026-10-08 20:35:27.859885,0 days 00:00:00.113107,2,3,2.3762013359554572,0.5803019281074909,11.236457161547778,0.06917515527367005,"{""degree"": 2, ""n_knots"": 3, ""ridge_alpha"": 2.3762013359554572}",COMPLETE
33,0.16943276328392498,2026-10-08 20:35:27.859885,2026-10-08 20:35:27.929952,0 days 00:00:00.070067,2,4,1.3739903116840835,0.5442549970058148,11.507479752616225,0.07068252968730183,"{""degree"": 2, ""n_knots"": 4, ""ridge_alpha"": 1.3739903116840835}",COMPLETE
34,0.1615504409358922,2026-10-08 20:35:27.929952,2026-10-08 20:35:28.030043,0 days 00:00:00.100091,2,3,3.153082941005524,0.5796647488026557,11.329799175880188,0.06969015480709345,"{""degree"": 2, ""n_knots"": 3, ""ridge_alpha"": 3.153082941005524}",COMPLETE
35,0.16161337911747956,2026-10-08 20:35:28.030043,2026-10-08 20:35:28.127130,0 days 00:00:00.097087,2,3,3.8059380349482814,0.5788671439898428,11.40515393881723,0.06998123954626428,"{""degree"": 2, ""n_knots"": 3, ""ridge_alpha"": 3.8059380349482814}",COMPLETE
36,0.17419161766205737,2026-10-08 20:35:28.127130,2026-10-08 20:35:28.209211,0 days 00:00:00.082081,2,4,0.08233313157346935,0.5372530323662361,11.534168787718194,0.05584839709298726,"{""degree"": 2, ""n_knots"": 4, ""ridge_alpha"": 0.08233313157346935}",COMPLETE
37,0.17107747260889095,2026-10-08 20:35:28.209211,2026-10-08 20:35:28.280786,0 days 00:00:00.071575,2,5,0.34830545739642,0.5393570216448978,10.401442723207552,0.07164740236764554,"{""degree"": 2, ""n_knots"": 5, ""ridge_alpha"": 0.34830545739642}",COMPLETE
38,0.16168513073642368,2026-10-08 20:35:28.280786,2026-10-08 20:35:28.354853,0 days 00:00:00.074067,2,3,4.238461992736863,0.5782706991981675,11.451289075547137,0.07013019856177584,"{""degree"": 2, ""n_knots"": 3, ""ridge_alpha"": 4.238461992736863}",COMPLETE
39,0.17161825969292863,2026-10-08 20:35:28.354853,2026-10-08 20:35:28.467955,0 days 00:00:00.113102,2,4,11.167779478264698,0.5269538714380865,12.71107518022641,0.07461322063771528,"{""degree"": 2, ""n_knots"": 4, ""ridge_alpha"": 11.167779478264698}",COMPLETE
40,0.1766219553135796,2026-10-08 20:35:28.467955,2026-10-08 20:35:28.587063,0 days 00:00:00.119108,3,4,39.05675650049116,0.5012516372897151,13.953692125750743,0.07025832815313052,"{""degree"": 3, ""n_knots"": 4, ""ridge_alpha"": 39.05675650049116}",COMPLETE
41,0.16170635883889198,2026-10-08 20:35:28.587063,2026-10-08 20:35:28.703169,0 days 00:00:00.116106,2,3,4.349977226246453,0.5781111524386694,11.46323071003013,0.07016433247056163,"{""degree"": 2, ""n_knots"": 3, ""ridge_alpha"": 4.349977226246453}",COMPLETE
42,0.16175990257659048,2026-10-08 20:35:28.703169,2026-10-08 20:35:28.816271,0 days 00:00:00.113102,2,3,4.6126481809869375,0.5777282323774681,11.490663480537494,0.07023891966173793,"{""degree"": 2, ""n_knots"": 3, ""ridge_alpha"": 4.6126481809869375}",COMPLETE
43,0.20715010982487433,2026-10-08 20:35:28.816271,2026-10-08 20:35:28.892341,0 days 00:00:00.076070,2,4,96.02368674856893,0.3429390142011915,17.450287974396744,0.06803491304859079,"{""degree"": 2, ""n_knots"": 4, ""ridge_alpha"": 96.02368674856893}",COMPLETE
44,0.1845385322779901,2026-10-08 20:35:28.892341,2026-10-08 20:35:28.961408,0 days 00:00:00.069067,3,6,0.36730705620306286,0.4812918439076935,12.097103804115115,0.06228080420824643,"{""degree"": 3, ""n_knots"": 6, ""ridge_alpha"": 0.36730705620306286}",COMPLETE
45,0.16300922638341897,2026-10-08 20:35:28.961408,2026-10-08 20:35:29.038478,0 days 00:00:00.077070,2,3,9.170345567042903,0.570582295046989,11.92045515052975,0.07090019275366032,"{""degree"": 2, ""n_knots"": 3, ""ridge_alpha"": 9.170345567042903}",COMPLETE
46,0.1696288752201152,2026-10-08 20:35:29.038478,2026-10-08 20:35:29.109543,0 days 00:00:00.071065,3,3,24.041581357465706,0.5396874727207356,13.300794924783993,0.06685051824268778,"{""degree"": 3, ""n_knots"": 3, ""ridge_alpha"": 24.041581357465706}",COMPLETE
47,0.1631381623793486,2026-10-08 20:35:29.109543,2026-10-08 20:35:29.179606,0 days 00:00:00.070063,2,3,9.594208939977735,0.5699034689134858,11.957585055609337,0.07093177202948946,"{""degree"": 2, ""n_knots"": 3, ""ridge_alpha"": 9.594208939977735}",COMPLETE
48,0.170235933028408,2026-10-08 20:35:29.179606,2026-10-08 20:35:29.250670,0 days 00:00:00.071064,2,4,5.120531382334764,0.5350210239436959,12.067993874545971,0.07439389634403974,"{""degree"": 2, ""n_knots"": 4, ""ridge_alpha"": 5.120531382334764}",COMPLETE
49,0.17360189901151027,2026-10-08 20:35:29.250670,2026-10-08 20:35:29.320734,0 days 00:00:00.070064,3,5,1.2972528253244475,0.5408428669254778,11.382412735040205,0.057467272006853455,"{""degree"": 3, ""n_knots"": 5, ""ridge_alpha"": 1.2972528253244475}",COMPLETE
50,0.1616097103488168,2026-10-08 20:35:29.320734,2026-10-08 20:35:29.403809,0 days 00:00:00.083075,2,3,2.3413989894625313,0.5803174807785315,11.232634127695455,0.06914573923395263,"{""degree"": 2, ""n_knots"": 3, ""ridge_alpha"": 2.3413989894625313}",COMPLETE
51,0.18396808593447725,2026-10-08 20:35:29.403809,2026-10-08 20:35:29.476881,0 days 00:00:00.073072,3,6,2.621800462744807,0.48394579761067,12.648017414000861,0.06002083943855362,"{""degree"": 3, ""n_knots"": 6, ""ridge_alpha"": 2.621800462744807}",COMPLETE
52,0.16955074245443882,2026-10-08 20:35:29.476881,2026-10-08 20:35:29.552960,0 days 00:00:00.076079,2,4,2.267641358335691,0.5410605930485164,11.655756767961437,0.07267736356002194,"{""degree"": 2, ""n_knots"": 4, ""ridge_alpha"": 2.267641358335691}",COMPLETE
53,0.16156362132104915,2026-10-08 20:35:29.552960,2026-10-08 20:35:29.623025,0 days 00:00:00.070065,2,3,2.633288878149497,0.5801460339346584,11.264049374699049,0.06937302305025,"{""degree"": 2, ""n_knots"": 3, ""ridge_alpha"": 2.633288878149497}",COMPLETE
54,0.16159822951528635,2026-10-08 20:35:29.623025,2026-10-08 20:35:29.691090,0 days 00:00:00.068065,2,3,2.396867385514898,0.580292010271214,11.238717262592955,0.069192304181925,"{""degree"": 2, ""n_knots"": 3, ""ridge_alpha"": 2.396867385514898}",COMPLETE
55,0.1615475523006634,2026-10-08 20:35:29.691090,2026-10-08 20:35:29.761153,0 days 00:00:00.070063,2,3,2.910172522737024,0.5799122960652057,11.299664918772182,0.06955374100860348,"{""degree"": 2, ""n_knots"": 3, ""ridge_alpha"": 2.910172522737024}",COMPLETE
56,0.1706105655523178,2026-10-08 20:35:29.761153,2026-10-08 20:35:29.832217,0 days 00:00:00.071064,2,5,1.0290151091503434,0.5382709181774459,10.601746855484324,0.07386388101411058,"{""degree"": 2, ""n_knots"": 5, ""ridge_alpha"": 1.0290151091503434}",COMPLETE
57,0.17996844775042317,2026-10-08 20:35:29.832217,2026-10-08 20:35:29.904284,0 days 00:00:00.072067,3,4,0.06459474537319786,0.5083977741145459,11.288823181384386,0.06228863464209682,"{""degree"": 3, ""n_knots"": 4, ""ridge_alpha"": 0.06459474537319786}",COMPLETE
58,0.16342891090705,2026-10-08 20:35:29.904284,2026-10-08 20:35:29.973350,0 days 00:00:00.069066,2,3,0.6471886918486849,0.5769419616368027,11.147813259991842,0.06602147441732026,"{""degree"": 2, ""n_knots"": 3, ""ridge_alpha"": 0.6471886918486849}",COMPLETE
59,0.16430268494263045,2026-10-08 20:35:29.973350,2026-10-08 20:35:30.042413,0 days 00:00:00.069063,2,3,13.260355549567171,0.5639399537724116,12.28450615866331,0.07111153363086299,"{""degree"": 2, ""n_knots"": 3, ""ridge_alpha"": 13.260355549567171}",COMPLETE
60,0.18689172060266782,2026-10-08 20:35:30.042413,2026-10-08 20:35:30.113400,0 days 00:00:00.070987,2,3,69.37551477474042,0.45305088869218685,15.431085770219338,0.069457028106469,"{""degree"": 2, ""n_knots"": 3, ""ridge_alpha"": 69.37551477474042}",COMPLETE
61,0.1829825857973029,2026-10-08 20:35:30.113400,2026-10-08 20:35:30.183465,0 days 00:00:00.070065,3,8,0.10158231469556069,0.49065147776796136,11.880780108768766,0.06233495379998507,"{""degree"": 3, ""n_knots"": 8, ""ridge_alpha"": 0.10158231469556069}",COMPLETE
62,0.18286182620779726,2026-10-08 20:35:30.183465,2026-10-08 20:35:30.262045,0 days 00:00:00.078580,3,7,0.018647454611687077,0.4847157423388244,11.55139515467584,0.06914287550324358,"{""degree"": 3, ""n_knots"": 7, ""ridge_alpha"": 0.018647454611687077}",COMPLETE
63,0.17183922041692634,2026-10-08 20:35:30.262045,2026-10-08 20:35:30.335110,0 days 00:00:00.073065,2,5,0.01673682271233366,0.5419511072600965,10.340786083073723,0.06655988023809027,"{""degree"": 2, ""n_knots"": 5, ""ridge_alpha"": 0.01673682271233366}",COMPLETE
64,0.17893689077347963,2026-10-08 20:35:30.335110,2026-10-08 20:35:30.404173,0 days 00:00:00.069063,2,7,0.026751653215637064,0.5056548055272995,11.16376107950203,0.06938075669442824,"{""degree"": 2, ""n_knots"": 7, ""ridge_alpha"": 0.026751653215637064}",COMPLETE
65,0.17567641778483575,2026-10-08 20:35:30.404173,2026-10-08 20:35:30.472235,0 days 00:00:00.068062,2,4,0.017578369752994715,0.5321441319789664,11.65704792480677,0.05326020145095571,"{""degree"": 2, ""n_knots"": 4, ""ridge_alpha"": 0.017578369752994715}",COMPLETE
66,0.17040426193457472,2026-10-08 20:35:30.472235,2026-10-08 20:35:30.541298,0 days 00:00:00.069063,2,4,5.880771163494847,0.5338902720816178,12.153536571667857,0.0745241109587083,"{""degree"": 2, ""n_knots"": 4, ""ridge_alpha"": 5.880771163494847}",COMPLETE
67,0.1615470312487086,2026-10-08 20:35:30.541298,2026-10-08 20:35:30.610364,0 days 00:00:00.069066,2,3,2.9520621908010773,0.5798721251287599,11.304950598373019,0.0695786123911871,"{""degree"": 2, ""n_knots"": 3, ""ridge_alpha"": 2.9520621908010773}",COMPLETE
68,0.18189522825208468,2026-10-08 20:35:30.610364,2026-10-08 20:35:30.680427,0 days 00:00:00.070063,3,7,0.24535822673508487,0.4987274457983422,11.583757507865803,0.05933359914025285,"{""degree"": 3, ""n_knots"": 7, ""ridge_alpha"": 0.24535822673508487}",COMPLETE
69,0.16958959215711245,2026-10-08 20:35:30.680427,2026-10-08 20:35:30.751492,0 days 00:00:00.071065,2,4,0.9338783328372531,0.5460050899133354,11.418636328952593,0.06866353904162076,"{""degree"": 2, ""n_knots"": 4, ""ridge_alpha"": 0.9338783328372531}",COMPLETE
70,0.17370177811064136,2026-10-08 20:35:30.751492,2026-10-08 20:35:30.820554,0 days 00:00:00.069062,2,5,24.382079967321772,0.5212989484268332,13.087451069253182,0.07116412632885197,"{""degree"": 2, ""n_knots"": 5, ""ridge_alpha"": 24.382079967321772}",COMPLETE
71,0.1615477752996959,2026-10-08 20:35:30.820554,2026-10-08 20:35:30.890619,0 days 00:00:00.070065,2,3,2.8986958608670816,0.5799231017748784,11.298210119733952,0.0695468219729866,"{""degree"": 2, ""n_knots"": 3, ""ridge_alpha"": 2.8986958608670816}",COMPLETE
72,0.16155050384234995,2026-10-08 20:35:30.890619,2026-10-08 20:35:30.959681,0 days 00:00:00.069062,2,3,2.8147358421211446,0.5799994045008935,11.287478711918467,0.06949477776296017,"{""degree"": 2, ""n_knots"": 3, ""ridge_alpha"": 2.8147358421211446}",COMPLETE
73,0.22393412884657724,2026-10-08 20:35:30.959681,2026-10-08 20:35:31.030744,0 days 00:00:00.071063,2,7,128.5328755555587,0.2466103370658637,19.068885794489542,0.06498784775326982,"{""degree"": 2, ""n_knots"": 7, ""ridge_alpha"": 128.5328755555587}",COMPLETE
74,0.19750550732873198,2026-10-08 20:35:31.030744,2026-10-08 20:35:31.099808,0 days 00:00:00.069064,2,5,72.54867695878609,0.3981700975037706,16.394378890005726,0.0694106962407857,"{""degree"": 2, ""n_knots"": 5, ""ridge_alpha"": 72.54867695878609}",COMPLETE
75,0.16155312184925982,2026-10-08 20:35:31.099808,2026-10-08 20:35:31.168871,0 days 00:00:00.069063,2,3,3.2118995872887397,0.5795999599231059,11.336913331964595,0.0697205368441483,"{""degree"": 2, ""n_knots"": 3, ""ridge_alpha"": 3.2118995872887397}",COMPLETE
76,0.1623121261776908,2026-10-08 20:35:31.168871,2026-10-08 20:35:31.239934,0 days 00:00:00.071063,2,3,6.787482432012294,0.5743707877173639,11.694890380914979,0.07065408095280121,"{""degree"": 2, ""n_knots"": 3, ""ridge_alpha"": 6.787482432012294}",COMPLETE
77,0.3217849840155355,2026-10-08 20:35:31.239934,2026-10-08 20:35:31.319007,0 days 00:00:00.079073,3,8,971.290503123484,-0.48995792088858375,28.66085160078752,0.06190781495077208,"{""degree"": 3, ""n_knots"": 8, ""ridge_alpha"": 971.290503123484}",COMPLETE
78,0.18528634510625053,2026-10-08 20:35:31.319007,2026-10-08 20:35:31.389071,0 days 00:00:00.070064,3,6,0.09118275398964881,0.4758517519681682,11.999876190782219,0.06473471608424235,"{""degree"": 3, ""n_knots"": 6, ""ridge_alpha"": 0.09118275398964881}",COMPLETE
79,0.16226518558989397,2026-10-08 20:35:31.389071,2026-10-08 20:35:31.458133,0 days 00:00:00.069062,2,3,1.2649611744151583,0.5796267501536655,11.152428313518206,0.06773040904755896,"{""degree"": 2, ""n_knots"": 3, ""ridge_alpha"": 1.2649611744151583}",COMPLETE
80,0.16984954002273786,2026-10-08 20:35:31.458133,2026-10-08 20:35:31.527195,0 days 00:00:00.069062,2,4,3.477338371482365,0.537976916528153,11.854224588290114,0.07379558226777413,"{""degree"": 2, ""n_knots"": 4, ""ridge_alpha"": 3.477338371482365}",COMPLETE
81,0.1618291904155492,2026-10-08 20:35:31.527195,2026-10-08 20:35:31.623283,0 days 00:00:00.096088,2,3,1.770912115012926,0.5803072390160566,11.185961121947818,0.06854478330578007,"{""degree"": 2, ""n_knots"": 3, ""ridge_alpha"": 1.770912115012926}",COMPLETE
82,0.16329902991106227,2026-10-08 20:35:31.623283,2026-10-08 20:35:31.697350,0 days 00:00:00.074067,2,3,0.6950490644215311,0.5772705704410063,11.147179513603719,0.06619843360293745,"{""degree"": 2, ""n_knots"": 3, ""ridge_alpha"": 0.6950490644215311}",COMPLETE
83,0.16154804987202656,2026-10-08 20:35:31.697350,2026-10-08 20:35:31.792436,0 days 00:00:00.095086,2,3,2.8865422890056545,0.5799344488088004,11.296666367591923,0.06953944473788454,"{""degree"": 2, ""n_knots"": 3, ""ridge_alpha"": 2.8865422890056545}",COMPLETE
84,0.16154731474007503,2026-10-08 20:35:31.792436,2026-10-08 20:35:31.908541,0 days 00:00:00.116105,2,3,3.0361842061751725,0.5797881552313958,11.315451633090893,0.06962680954237617,"{""degree"": 2, ""n_knots"": 3, ""ridge_alpha"": 3.0361842061751725}",COMPLETE
85,0.17740763436945584,2026-10-08 20:35:31.908541,2026-10-08 20:35:31.996621,0 days 00:00:00.088080,3,8,21.040962256583214,0.5111078845192888,13.054114330787575,0.06234550100467368,"{""degree"": 3, ""n_knots"": 8, ""ridge_alpha"": 21.040962256583214}",COMPLETE
86,0.27978728166405176,2026-10-08 20:35:31.996621,2026-10-08 20:35:32.073691,0 days 00:00:00.077070,3,4,523.224332916627,-0.14483523535839324,24.87114515374438,0.06640490005139821,"{""degree"": 3, ""n_knots"": 4, ""ridge_alpha"": 523.224332916627}",COMPLETE
87,0.16217411874132479,2026-10-08 20:35:32.073691,2026-10-08 20:35:32.143754,0 days 00:00:00.070063,2,3,6.286760143164572,0.5751590659853444,11.64873420646033,0.07058126098667544,"{""degree"": 2, ""n_knots"": 3, ""ridge_alpha"": 6.286760143164572}",COMPLETE
