number,value,datetime_start,datetime_complete,duration,params_degree,params_n_knots,params_ridge_alpha,user_attrs_mean_r2,user_attrs_mean_wmape_pct,user_attrs_std_nrmse,system_attrs_tpe:relative_params:0,state
88,0.175427114243807,2026-10-08 20:35:32.143754,2026-10-08 20:35:32.221826,0 days 00:00:00.078072,3,5,0.03468264166591968,0.5266566052638558,10.820237889068489,0.06662881213869962,"{""degree"": 3, ""n_knots"": 5, ""ridge_alpha"": 0.03468264166591968}",COMPLETE
89,0.17727750476260754,2026-10-08 20:35:32.221826,2026-10-08 20:35:32.311186,0 days 00:00:00.089360,3,7,18.9690519629822,0.510643812991042,13.024225437975645,0.062307147904364105,"{""degree"": 3, ""n_knots"": 7, ""ridge_alpha"": 18.9690519629822}",COMPLETE
90,0.1615647206320621,2026-10-08 20:35:32.311186,2026-10-08 20:35:32.381250,0 days 00:00:00.070064,2,3,3.3830879632710227,0.5794022709545957,11.357235608365135,0.0698037806469356,"{""degree"": 2, ""n_knots"": 3, ""ridge_alpha"": 3.3830879632710227}",COMPLETE
91,0.1615480511005163,2026-10-08 20:35:32.381250,2026-10-08 20:35:32.450313,0 days 00:00:00.069063,2,3,3.0766448739409458,0.5797462881425239,11.3204493686751,0.0696491963934587,"{""degree"": 2, ""n_knots"": 3, ""ridge_alpha"": 3.0766448739409458}",COMPLETE
92,0.1804212676778185,2026-10-08 20:35:32.450313,2026-10-08 20:35:32.521377,0 days 00:00:00.071064,3,8,4.582094475989528,0.5038782495414877,12.527698348264805,0.058450788693120585,"{""degree"": 3, ""n_knots"": 8, ""ridge_alpha"": 4.582094475989528}",COMPLETE
93,0.17338343370165946,2026-10-08 20:35:32.521377,2026-10-08 20:35:32.594444,0 days 00:00:00.073067,3,5,0.6459462767095306,0.5411794226657444,11.102988836269084,0.059006089567094744,"{""degree"": 3, ""n_knots"": 5, ""ridge_alpha"": 0.6459462767095306}",COMPLETE
94,0.16154752957364818,2026-10-08 20:35:32.594444,2026-10-08 20:35:32.663506,0 days 00:00:00.069062,2,3,3.0503501900977006,0.5797736024262105,11.317205301727043,0.0696347047500276,"{""degree"": 2, ""n_knots"": 3, ""ridge_alpha"": 3.0503501900977006}",COMPLETE
95,0.17173810686683674,2026-10-08 20:35:32.663506,2026-10-08 20:35:32.733570,0 days 00:00:00.070064,2,5,0.03649961076466696,0.5418146376550959,10.338730796724258,0.06709877175780629,"{""degree"": 2, ""n_knots"": 5, ""ridge_alpha"": 0.03649961076466696}",COMPLETE
96,0.16284084252645906,2026-10-08 20:35:32.733570,2026-10-08 20:35:32.807637,0 days 00:00:00.074067,2,3,0.8953987490018801,0.5783834433407323,11.146406921095199,0.06684343318718532,"{""degree"": 2, ""n_knots"": 3, ""ridge_alpha"": 0.8953987490018801}",COMPLETE
97,0.1773555880702603,2026-10-08 20:35:32.807637,2026-10-08 20:35:32.878700,0 days 00:00:00.071063,2,8,1.755003997317539,0.5045131472880412,11.617538843380162,0.07554597760416581,"{""degree"": 2, ""n_knots"": 8, ""ridge_alpha"": 1.755003997317539}",COMPLETE
98,0.18426378338241403,2026-10-08 20:35:32.878700,2026-10-08 20:35:32.947764,0 days 00:00:00.069064,3,6,0.9818476776090113,0.48296308436622093,12.313870617754981,0.06108856495276952,"{""degree"": 3, ""n_knots"": 6, ""ridge_alpha"": 0.9818476776090113}",COMPLETE
99,0.17337393136259002,2026-10-08 20:35:32.947764,2026-10-08 20:35:33.018828,0 days 00:00:00.071064,2,4,17.203938154205975,0.5181352163478551,13.221332575435248,0.0741890293174646,"{""degree"": 2, ""n_knots"": 4, ""ridge_alpha"": 17.203938154205975}",COMPLETE
