number,value,datetime_start,datetime_complete,duration,params_facebook_spend_alpha,params_facebook_spend_quantile,params_facebook_spend_theta,params_ooh_spend_alpha,params_ooh_spend_quantile,params_ooh_spend_theta,params_print_spend_alpha,params_print_spend_quantile,params_print_spend_theta,params_ridge_alpha,params_search_spend_alpha,params_search_spend_quantile,params_search_spend_theta,params_tv_spend_alpha,params_tv_spend_quantile,params_tv_spend_theta,user_attrs_mean_r2,user_attrs_mean_wmape_pct,user_attrs_std_nrmse,system_attrs_tpe:relative_params:0,state
65,0.1570704197066897,2026-10-08 20:26:19.116686,2026-10-08 20:26:19.187754,0 days 00:00:00.071068,0.6918475160681116,0.23735506225621142,0.11153507765431159,0.7452536940403504,0.16215244632319012,0.69817242233732,1.136182898207982,0.2395962625335547,0.8294610593946582,0.5373633764005729,1.581288380011404,0.4474664275619262,0.46775874333967776,1.8765268491266072,0.7491090708614266,0.05088903990104657,0.5990619483980937,9.546207525293413,0.0743661097794958,"{""facebook_spend_alpha"": 0.6918475160681116, ""facebook_spend_quantile"": 0.23735506225621142, ""facebook_spend_theta"": 0.11153507765431159, ""ooh_spend_alpha"": 0.7452536940403504, ""ooh_spend_quantile"": 0.16215244632319012, ""ooh_spend_theta"": 0.69817242233732, ""print_spend_alpha"": 1.136182898207982, ""print_spend_quantile"": 0.2395962625335547, ""print_spend_theta"": 0.8294610593946582, ""ridge_alpha"": 0.5373633764005729, ""search_spend_alpha"": 1.581288380011404, ""search_spend_quantile"": 0.4474664275619262, ""search_spend_theta"": 0.46775874333967776, ""tv_spend_alpha"": 1.8765268491266072, ""tv_spend_quantile"": 0.7491090708614266, ""tv_spend_theta"": 0.05088903990104657}",COMPLETE
66,0.1574208956144468,2026-10-08 20:26:19.188756,2026-10-08 20:26:19.239802,0 days 00:00:00.051046,0.5957788835933211,0.4721793042973962,0.11774931753084461,0.5299452937971157,0.20479606555557506,0.673498585488407,0.665021358626741,0.37718916679049086,0.6720087092620906,0.001268944342355637,0.8547879136647044,0.5062580415365555,0.07519548760034003,1.552642316815407,0.8456971246777444,0.223575963427119,0.6073109660056466,9.95493005937955,0.06743206117768741,"{""facebook_spend_alpha"": 0.5957788835933211, ""facebook_spend_quantile"": 0.4721793042973962, ""facebook_spend_theta"": 0.11774931753084461, ""ooh_spend_alpha"": 0.5299452937971157, ""ooh_spend_quantile"": 0.20479606555557506, ""ooh_spend_theta"": 0.673498585488407, ""print_spend_alpha"": 0.665021358626741, ""print_spend_quantile"": 0.37718916679049086, ""print_spend_theta"": 0.6720087092620906, ""ridge_alpha"": 0.001268944342355637, ""search_spend_alpha"": 0.8547879136647044, ""search_spend_quantile"": 0.5062580415365555, ""search_spend_theta"": 0.07519548760034003, ""tv_spend_alpha"": 1.552642316815407, ""tv_spend_quantile"": 0.8456971246777444, ""tv_spend_theta"": 0.223575963427119}",COMPLETE
67,0.1579789427129781,2026-10-08 20:26:19.240802,2026-10-08 20:26:19.274376,0 days 00:00:00.033574,0.9264607157999958,0.33071836111624264,0.08945597360506827,0.9141532429503324,0.2953516177345905,0.8405540367726713,0.8015910740156788,0.26002293392124964,0.8524093483521961,0.0032064995946128666,1.5775998699266278,0.5688394622213201,0.33477403221783775,1.901421513229226,0.8351178323638841,0.26859612767946994,0.6034833919482515,9.663742684090499,0.06836635261592756,"{""facebook_spend_alpha"": 0.9264607157999958, ""facebook_spend_quantile"": 0.33071836111624264, ""facebook_spend_theta"": 0.08945597360506827, ""ooh_spend_alpha"": 0.9141532429503324, ""ooh_spend_quantile"": 0.2953516177345905, ""ooh_spend_theta"": 0.8405540367726713, ""print_spend_alpha"": 0.8015910740156788, ""print_spend_quantile"": 0.26002293392124964, ""print_spend_theta"": 0.8524093483521961, ""ridge_alpha"": 0.0032064995946128666, ""search_spend_alpha"": 1.5775998699266278, ""search_spend_quantile"": 0.5688394622213201, ""search_spend_theta"": 0.33477403221783775, ""tv_spend_alpha"": 1.901421513229226, ""tv_spend_quantile"": 0.8351178323638841, ""tv_spend_theta"": 0.26859612767946994}",COMPLETE
68,0.1567771635058431,2026-10-08 20:26:19.274376,2026-10-08 20:26:19.306405,0 days 00:00:00.032029,0.714072571473537,0.3894763457759688,0.26174092088156337,0.5803359350391627,0.19850303853471976,0.7509861779116946,0.7487197174775635,0.3361345188945508,0.47418659454135714,0.00398449116138987,0.8255078402954361,0.49394746563953185,0.5139447918261579,1.6197631786068527,0.78851053368939,0.1641505701075745,0.6069316010410651,9.693566090122777,0.06986023336850235,"{""facebook_spend_alpha"": 0.714072571473537, ""facebook_spend_quantile"": 0.3894763457759688, ""facebook_spend_theta"": 0.26174092088156337, ""ooh_spend_alpha"": 0.5803359350391627, ""ooh_spend_quantile"": 0.19850303853471976, ""ooh_spend_theta"": 0.7509861779116946, ""print_spend_alpha"": 0.7487197174775635, ""print_spend_quantile"": 0.3361345188945508, ""print_spend_theta"": 0.47418659454135714, ""ridge_alpha"": 0.00398449116138987, ""search_spend_alpha"": 0.8255078402954361, ""search_spend_quantile"": 0.49394746563953185, ""search_spend_theta"": 0.5139447918261579, ""tv_spend_alpha"": 1.6197631786068527, ""tv_spend_quantile"": 0.78851053368939, ""tv_spend_theta"": 0.1641505701075745}",COMPLETE
69,0.15768186190771386,2026-10-08 20:26:19.306405,2026-10-08 20:26:19.345441,0 days 00:00:00.039036,0.6671265719123946,0.34840570963728695,0.2493078228998688,0.8294260473613213,0.18272265950593689,0.7196747460800508,0.9174876118202137,0.20002143430491098,0.898285491856981,0.00464597796887533,1.3434450156748157,0.4761518110600915,0.4521716049867531,1.6447676043381672,0.7845829785373866,0.14597734497326426,0.5996058512090641,9.47922591847393,0.07230440036556719,"{""facebook_spend_alpha"": 0.6671265719123946, ""facebook_spend_quantile"": 0.34840570963728695, ""facebook_spend_theta"": 0.2493078228998688, ""ooh_spend_alpha"": 0.8294260473613213, ""ooh_spend_quantile"": 0.18272265950593689, ""ooh_spend_theta"": 0.7196747460800508, ""print_spend_alpha"": 0.9174876118202137, ""print_spend_quantile"": 0.20002143430491098, ""print_spend_theta"": 0.898285491856981, ""ridge_alpha"": 0.00464597796887533, ""search_spend_alpha"": 1.3434450156748157, ""search_spend_quantile"": 0.4761518110600915, ""search_spend_theta"": 0.4521716049867531, ""tv_spend_alpha"": 1.6447676043381672, ""tv_spend_quantile"": 0.7845829785373866, ""tv_spend_theta"": 0.14597734497326426}",COMPLETE
70,0.15547492423923906,2026-10-08 20:26:19.345441,2026-10-08 20:26:19.386478,0 days 00:00:00.041037,0.5600763009048298,0.2311886672416959,0.08781403913705112,0.6348289195776399,0.19593812591690024,0.6164876804880779,0.931992929490462,0.15388503190615094,0.8352268566784331,0.1992605301827159,1.3817738498290961,0.42132872761871176,0.5725508803583242,1.9209753717137383,0.8294288761157225,0.14079098991073752,0.6091676664873964,9.416066070212066,0.07212527454801076,"{""facebook_spend_alpha"": 0.5600763009048298, ""facebook_spend_quantile"": 0.2311886672416959, ""facebook_spend_theta"": 0.08781403913705112, ""ooh_spend_alpha"": 0.6348289195776399, ""ooh_spend_quantile"": 0.19593812591690024, ""ooh_spend_theta"": 0.6164876804880779, ""print_spend_alpha"": 0.931992929490462, ""print_spend_quantile"": 0.15388503190615094, ""print_spend_theta"": 0.8352268566784331, ""ridge_alpha"": 0.1992605301827159, ""search_spend_alpha"": 1.3817738498290961, ""search_spend_quantile"": 0.42132872761871176, ""search_spend_theta"": 0.5725508803583242, ""tv_spend_alpha"": 1.9209753717137383, ""tv_spend_quantile"": 0.8294288761157225, ""tv_spend_theta"": 0.14079098991073752}",COMPLETE
71,0.15653895961619055,2026-10-08 20:26:19.386478,2026-10-08 20:26:19.418507,0 days 00:00:00.032029,0.5711115561753527,0.34510337984721356,0.17633506952621286,0.8817814460696118,0.21601431560926543,0.7468039011287751,0.9409712980000523,0.2851411346099282,0.7423658778559413,0.10534601086188543,1.2988501762500222,0.4358035014008938,0.5076303028099124,1.7164971463856693,0.8430731415100451,0.16293027169533691,0.6068363094789576,9.587142623351593,0.0706250477402513,"{""facebook_spend_alpha"": 0.5711115561753527, ""facebook_spend_quantile"": 0.34510337984721356, ""facebook_spend_theta"": 0.17633506952621286, ""ooh_spend_alpha"": 0.8817814460696118, ""ooh_spend_quantile"": 0.21601431560926543, ""ooh_spend_theta"": 0.7468039011287751, ""print_spend_alpha"": 0.9409712980000523, ""print_spend_quantile"": 0.2851411346099282, ""print_spend_theta"": 0.7423658778559413, ""ridge_alpha"": 0.10534601086188543, ""search_spend_alpha"": 1.2988501762500222, ""search_spend_quantile"": 0.4358035014008938, ""search_spend_theta"": 0.5076303028099124, ""tv_spend_alpha"": 1.7164971463856693, ""tv_spend_quantile"": 0.8430731415100451, ""tv_spend_theta"": 0.16293027169533691}",COMPLETE
72,0.15692189793316394,2026-10-08 20:26:19.418507,2026-10-08 20:26:19.456542,0 days 00:00:00.038035,0.6300112188180966,0.2590549380735735,0.03131042266030817,0.6401425630018732,0.18649297851573568,0.6501327300002822,0.7364003191795467,0.177887903242382,0.8755471577818099,0.23153042882236963,1.244206200554021,0.36205722712817634,0.621877590101753,1.7462836624347429,0.8123021462294033,0.01038972868104257,0.602097189625777,9.473198556631786,0.07343834898090641,"{""facebook_spend_alpha"": 0.6300112188180966, ""facebook_spend_quantile"": 0.2590549380735735, ""facebook_spend_theta"": 0.03131042266030817, ""ooh_spend_alpha"": 0.6401425630018732, ""ooh_spend_quantile"": 0.18649297851573568, ""ooh_spend_theta"": 0.6501327300002822, ""print_spend_alpha"": 0.7364003191795467, ""print_spend_quantile"": 0.177887903242382, ""print_spend_theta"": 0.8755471577818099, ""ridge_alpha"": 0.23153042882236963, ""search_spend_alpha"": 1.244206200554021, ""search_spend_quantile"": 0.36205722712817634, ""search_spend_theta"": 0.621877590101753, ""tv_spend_alpha"": 1.7462836624347429, ""tv_spend_quantile"": 0.8123021462294033, ""tv_spend_theta"": 0.01038972868104257}",COMPLETE
73,0.15659724659776708,2026-10-08 20:26:19.457543,2026-10-08 20:26:19.501582,0 days 00:00:00.044039,0.5226452249472388,0.16615722359785945,0.08059219397805176,0.8521426229625887,0.22715766440967525,0.6210147657528207,0.8998620379604382,0.15583366730896198,0.8375514363237552,0.3562839958363933,1.4759663569969987,0.4111148058584992,0.5371092139794671,1.9402099404492412,0.7789308406947208,0.16150727322206937,0.6054078976504093,9.501507377232937,0.07116946740562652,"{""facebook_spend_alpha"": 0.5226452249472388, ""facebook_spend_quantile"": 0.16615722359785945, ""facebook_spend_theta"": 0.08059219397805176, ""ooh_spend_alpha"": 0.8521426229625887, ""ooh_spend_quantile"": 0.22715766440967525, ""ooh_spend_theta"": 0.6210147657528207, ""print_spend_alpha"": 0.8998620379604382, ""print_spend_quantile"": 0.15583366730896198, ""print_spend_theta"": 0.8375514363237552, ""ridge_alpha"": 0.3562839958363933, ""search_spend_alpha"": 1.4759663569969987, ""search_spend_quantile"": 0.4111148058584992, ""search_spend_theta"": 0.5371092139794671, ""tv_spend_alpha"": 1.9402099404492412, ""tv_spend_quantile"": 0.7789308406947208, ""tv_spend_theta"": 0.16150727322206937}",COMPLETE
74,0.155851252006276,2026-10-08 20:26:19.501582,2026-10-08 20:26:19.548624,0 days 00:00:00.047042,0.5755627434314116,0.2466921807563178,0.09208316203442393,0.7119747564576693,0.198527877283372,0.7067417453591686,0.984190400585509,0.2219838559447911,0.657596917329271,0.1621864128453511,1.4205814587627552,0.46011508470724827,0.3924266671825738,1.895646795817155,0.8470033135385999,0.1224351092484807,0.6096204652722489,9.599806267469694,0.07097445456663547,"{""facebook_spend_alpha"": 0.5755627434314116, ""facebook_spend_quantile"": 0.2466921807563178, ""facebook_spend_theta"": 0.09208316203442393, ""ooh_spend_alpha"": 0.7119747564576693, ""ooh_spend_quantile"": 0.198527877283372, ""ooh_spend_theta"": 0.7067417453591686, ""print_spend_alpha"": 0.984190400585509, ""print_spend_quantile"": 0.2219838559447911, ""print_spend_theta"": 0.657596917329271, ""ridge_alpha"": 0.1621864128453511, ""search_spend_alpha"": 1.4205814587627552, ""search_spend_quantile"": 0.46011508470724827, ""search_spend_theta"": 0.3924266671825738, ""tv_spend_alpha"": 1.895646795817155, ""tv_spend_quantile"": 0.8470033135385999, ""tv_spend_theta"": 0.1224351092484807}",COMPLETE
75,0.15605837430739933,2026-10-08 20:26:19.549626,2026-10-08 20:26:19.597669,0 days 00:00:00.048043,0.836580971421456,0.24800726327767855,0.13188626601155234,0.7048173777400152,0.16429126883927458,0.787307834834668,1.1445127217189563,0.2743981668059684,0.6994988160251598,0.3350206185805023,1.361263735441748,0.5121118902072981,0.6086493781962868,1.9335318728457105,0.8117109921578484,0.2206771279410628,0.6106031702020869,9.696337925863743,0.06837803639068872,"{""facebook_spend_alpha"": 0.836580971421456, ""facebook_spend_quantile"": 0.24800726327767855, ""facebook_spend_theta"": 0.13188626601155234, ""ooh_spend_alpha"": 0.7048173777400152, ""ooh_spend_quantile"": 0.16429126883927458, ""ooh_spend_theta"": 0.787307834834668, ""print_spend_alpha"": 1.1445127217189563, ""print_spend_quantile"": 0.2743981668059684, ""print_spend_theta"": 0.6994988160251598, ""ridge_alpha"": 0.3350206185805023, ""search_spend_alpha"": 1.361263735441748, ""search_spend_quantile"": 0.5121118902072981, ""search_spend_theta"": 0.6086493781962868, ""tv_spend_alpha"": 1.9335318728457105, ""tv_spend_quantile"": 0.8117109921578484, ""tv_spend_theta"": 0.2206771279410628}",COMPLETE
76,0.156702447969995,2026-10-08 20:26:19.598670,2026-10-08 20:26:19.646714,0 days 00:00:00.048044,0.6857661466559549,0.20038476724286658,0.1399093908439126,0.719447164159234,0.27046710500613513,0.6216386317084138,0.8865992051429897,0.18801133044767587,0.7894476561235457,0.1642750586317,1.4925993452061903,0.49976858363533094,0.48584520337033815,1.7895037878169322,0.810661183766711,0.18328708938691635,0.6063974525961858,9.515060345759187,0.07019414515991006,"{""facebook_spend_alpha"": 0.6857661466559549, ""facebook_spend_quantile"": 0.20038476724286658, ""facebook_spend_theta"": 0.1399093908439126, ""ooh_spend_alpha"": 0.719447164159234, ""ooh_spend_quantile"": 0.27046710500613513, ""ooh_spend_theta"": 0.6216386317084138, ""print_spend_alpha"": 0.8865992051429897, ""print_spend_quantile"": 0.18801133044767587, ""print_spend_theta"": 0.7894476561235457, ""ridge_alpha"": 0.1642750586317, ""search_spend_alpha"": 1.4925993452061903, ""search_spend_quantile"": 0.49976858363533094, ""search_spend_theta"": 0.48584520337033815, ""tv_spend_alpha"": 1.7895037878169322, ""tv_spend_quantile"": 0.810661183766711, ""tv_spend_theta"": 0.18328708938691635}",COMPLETE
77,0.15801880166885,2026-10-08 20:26:19.646714,2026-10-08 20:26:19.686751,0 days 00:00:00.040037,0.5807921181350344,0.30083892230744974,0.08089104990974468,0.5608066456207712,0.21758297924381692,0.598882955535751,0.9392187041287343,0.19354889308658632,0.8966272629075742,0.25694477561603846,1.3290969842500182,0.5496887035512589,0.579618170529604,1.852453150642836,0.7566552297232438,0.2066673049001191,0.6020461098004455,9.747778599241597,0.06887548710538914,"{""facebook_spend_alpha"": 0.5807921181350344, ""facebook_spend_quantile"": 0.30083892230744974, ""facebook_spend_theta"": 0.08089104990974468, ""ooh_spend_alpha"": 0.5608066456207712, ""ooh_spend_quantile"": 0.21758297924381692, ""ooh_spend_theta"": 0.598882955535751, ""print_spend_alpha"": 0.9392187041287343, ""print_spend_quantile"": 0.19354889308658632, ""print_spend_theta"": 0.8966272629075742, ""ridge_alpha"": 0.25694477561603846, ""search_spend_alpha"": 1.3290969842500182, ""search_spend_quantile"": 0.5496887035512589, ""search_spend_theta"": 0.579618170529604, ""tv_spend_alpha"": 1.852453150642836, ""tv_spend_quantile"": 0.7566552297232438, ""tv_spend_theta"": 0.2066673049001191}",COMPLETE
78,0.15831126237751406,2026-10-08 20:26:19.687751,2026-10-08 20:26:19.726786,0 days 00:00:00.039035,0.5314478754924296,0.23248650529167042,0.0794792486488696,0.8372974084331984,0.18213646287722973,0.8015624211318761,1.0139109201602772,0.21069902802120669,0.8048235945579305,0.10011628184240084,1.5199772785599224,0.40068127823200483,0.48819195929366155,1.7106583018183792,0.7729753220878075,0.2222426698022476,0.601809734408378,9.530081655240357,0.06818006570949621,"{""facebook_spend_alpha"": 0.5314478754924296, ""facebook_spend_quantile"": 0.23248650529167042, ""facebook_spend_theta"": 0.0794792486488696, ""ooh_spend_alpha"": 0.8372974084331984, ""ooh_spend_quantile"": 0.18213646287722973, ""ooh_spend_theta"": 0.8015624211318761, ""print_spend_alpha"": 1.0139109201602772, ""print_spend_quantile"": 0.21069902802120669, ""print_spend_theta"": 0.8048235945579305, ""ridge_alpha"": 0.10011628184240084, ""search_spend_alpha"": 1.5199772785599224, ""search_spend_quantile"": 0.40068127823200483, ""search_spend_theta"": 0.48819195929366155, ""tv_spend_alpha"": 1.7106583018183792, ""tv_spend_quantile"": 0.7729753220878075, ""tv_spend_theta"": 0.2222426698022476}",COMPLETE
79,0.15727309091951733,2026-10-08 20:26:19.727787,2026-10-08 20:26:19.769826,0 days 00:00:00.042039,1.0833214731338896,0.35195659894046494,0.08491229719635389,0.8602013387853483,0.16119344912328998,0.7662692532753371,0.687740825269165,0.23434347963488503,0.7889348834171399,0.002528294254905906,1.5797034373666632,0.7115682896649349,0.5012847640062578,1.7430007773050855,0.7945687651904765,0.14413288861870222,0.600524247073743,9.73684002550843,0.07257132519672214,"{""facebook_spend_alpha"": 1.0833214731338896, ""facebook_spend_quantile"": 0.35195659894046494, ""facebook_spend_theta"": 0.08491229719635389, ""ooh_spend_alpha"": 0.8602013387853483, ""ooh_spend_quantile"": 0.16119344912328998, ""ooh_spend_theta"": 0.7662692532753371, ""print_spend_alpha"": 0.687740825269165, ""print_spend_quantile"": 0.23434347963488503, ""print_spend_theta"": 0.7889348834171399, ""ridge_alpha"": 0.002528294254905906, ""search_spend_alpha"": 1.5797034373666632, ""search_spend_quantile"": 0.7115682896649349, ""search_spend_theta"": 0.5012847640062578, ""tv_spend_alpha"": 1.7430007773050855, ""tv_spend_quantile"": 0.7945687651904765, ""tv_spend_theta"": 0.14413288861870222}",COMPLETE
80,0.15573665278044505,2026-10-08 20:26:19.769826,2026-10-08 20:26:19.818870,0 days 00:00:00.049044,0.5351552952635672,0.24577064668804313,0.11637550098842277,0.5911290805454198,0.20211520480330203,0.7386585240526548,0.926886753172593,0.20089560498093242,0.8329818206412812,0.08848695523865775,1.1080852872200047,0.4027016914582119,0.5538601323323817,1.746310205439477,0.834032265670626,0.10752842129643442,0.6070970969040205,9.405099275131004,0.07281088752691502,"{""facebook_spend_alpha"": 0.5351552952635672, ""facebook_spend_quantile"": 0.24577064668804313, ""facebook_spend_theta"": 0.11637550098842277, ""ooh_spend_alpha"": 0.5911290805454198, ""ooh_spend_quantile"": 0.20211520480330203, ""ooh_spend_theta"": 0.7386585240526548, ""print_spend_alpha"": 0.926886753172593, ""print_spend_quantile"": 0.20089560498093242, ""print_spend_theta"": 0.8329818206412812, ""ridge_alpha"": 0.08848695523865775, ""search_spend_alpha"": 1.1080852872200047, ""search_spend_quantile"": 0.4027016914582119, ""search_spend_theta"": 0.5538601323323817, ""tv_spend_alpha"": 1.746310205439477, ""tv_spend_quantile"": 0.834032265670626, ""tv_spend_theta"": 0.10752842129643442}",COMPLETE
81,0.15493429478367446,2026-10-08 20:26:19.818870,2026-10-08 20:26:19.861909,0 days 00:00:00.043039,0.6073436567767849,0.3446464160929953,0.06763341634872493,0.5711633754128768,0.21864283556211775,0.6383388567037566,0.8521918837592628,0.1983001609504129,0.8338056193499797,1.1290508221462308,1.4456425326247844,0.42549428055475347,0.6015151699605288,1.8516694008127463,0.8299199473319027,0.11096331069189883,0.6113280369995346,9.885747181982593,0.07153761841829982,"{""facebook_spend_alpha"": 0.6073436567767849, ""facebook_spend_quantile"": 0.3446464160929953, ""facebook_spend_theta"": 0.06763341634872493, ""ooh_spend_alpha"": 0.5711633754128768, ""ooh_spend_quantile"": 0.21864283556211775, ""ooh_spend_theta"": 0.6383388567037566, ""print_spend_alpha"": 0.8521918837592628, ""print_spend_quantile"": 0.1983001609504129, ""print_spend_theta"": 0.8338056193499797, ""ridge_alpha"": 1.1290508221462308, ""search_spend_alpha"": 1.4456425326247844, ""search_spend_quantile"": 0.42549428055475347, ""search_spend_theta"": 0.6015151699605288, ""tv_spend_alpha"": 1.8516694008127463, ""tv_spend_quantile"": 0.8299199473319027, ""tv_spend_theta"": 0.11096331069189883}",COMPLETE
82,0.15562215576589325,2026-10-08 20:26:19.861909,2026-10-08 20:26:19.907952,0 days 00:00:00.046043,0.7393776459746012,0.22054247969486396,0.07488138387907467,0.6231042862884336,0.22981056523061144,0.6899962799882601,0.9705642742952585,0.2101376489958587,0.6963216603015081,0.2198443734201094,1.4805345369012932,0.4737677468731962,0.39454087737384413,1.959767911156419,0.8481587840603306,0.1356463764362218,0.6107796854761757,9.618190478901944,0.07063206001108942,"{""facebook_spend_alpha"": 0.7393776459746012, ""facebook_spend_quantile"": 0.22054247969486396, ""facebook_spend_theta"": 0.07488138387907467, ""ooh_spend_alpha"": 0.6231042862884336, ""ooh_spend_quantile"": 0.22981056523061144, ""ooh_spend_theta"": 0.6899962799882601, ""print_spend_alpha"": 0.9705642742952585, ""print_spend_quantile"": 0.2101376489958587, ""print_spend_theta"": 0.6963216603015081, ""ridge_alpha"": 0.2198443734201094, ""search_spend_alpha"": 1.4805345369012932, ""search_spend_quantile"": 0.4737677468731962, ""search_spend_theta"": 0.39454087737384413, ""tv_spend_alpha"": 1.959767911156419, ""tv_spend_quantile"": 0.8481587840603306, ""tv_spend_theta"": 0.1356463764362218}",COMPLETE
