number,value,datetime_start,datetime_complete,duration,params_facebook_spend_alpha,params_facebook_spend_quantile,params_facebook_spend_theta,params_ooh_spend_alpha,params_ooh_spend_quantile,params_ooh_spend_theta,params_print_spend_alpha,params_print_spend_quantile,params_print_spend_theta,params_ridge_alpha,params_search_spend_alpha,params_search_spend_quantile,params_search_spend_theta,params_tv_spend_alpha,params_tv_spend_quantile,params_tv_spend_theta,user_attrs_mean_r2,user_attrs_mean_wmape_pct,user_attrs_std_nrmse,system_attrs_tpe:relative_params:0,state
47,0.15926368477768876,2026-10-08 20:26:18.494777,2026-10-08 20:26:18.524149,0 days 00:00:00.029372,0.827029542580895,0.29726062241058326,0.18177197800776063,0.9702716182762963,0.15322769009276943,0.8036696628789515,0.6046304748222531,0.2429902729522303,0.7035038845976874,0.0181448599876943,1.4889168741482128,0.6375303999039774,0.36925626894415287,1.9014652282731423,0.7272505952567765,0.18143510479873098,0.596730170006211,9.695726293784453,0.06921116922070811,"{""facebook_spend_alpha"": 0.827029542580895, ""facebook_spend_quantile"": 0.29726062241058326, ""facebook_spend_theta"": 0.18177197800776063, ""ooh_spend_alpha"": 0.9702716182762963, ""ooh_spend_quantile"": 0.15322769009276943, ""ooh_spend_theta"": 0.8036696628789515, ""print_spend_alpha"": 0.6046304748222531, ""print_spend_quantile"": 0.2429902729522303, ""print_spend_theta"": 0.7035038845976874, ""ridge_alpha"": 0.0181448599876943, ""search_spend_alpha"": 1.4889168741482128, ""search_spend_quantile"": 0.6375303999039774, ""search_spend_theta"": 0.36925626894415287, ""tv_spend_alpha"": 1.9014652282731423, ""tv_spend_quantile"": 0.7272505952567765, ""tv_spend_theta"": 0.18143510479873098}",COMPLETE
48,0.15892497515139112,2026-10-08 20:26:18.524149,2026-10-08 20:26:18.555177,0 days 00:00:00.031028,0.5116474617282238,0.29979493062367507,0.14453737591098664,0.9035860619508899,0.20079840193457824,0.8375592649883301,0.6737023247189163,0.35967815320058155,0.8995769198067324,0.014269800766272416,1.7558467695956883,0.4327678567792796,0.36269197909244355,1.813136068894424,0.733187343873317,0.15095459384720972,0.5949642417143659,9.494035636599028,0.07142886724281157,"{""facebook_spend_alpha"": 0.5116474617282238, ""facebook_spend_quantile"": 0.29979493062367507, ""facebook_spend_theta"": 0.14453737591098664, ""ooh_spend_alpha"": 0.9035860619508899, ""ooh_spend_quantile"": 0.20079840193457824, ""ooh_spend_theta"": 0.8375592649883301, ""print_spend_alpha"": 0.6737023247189163, ""print_spend_quantile"": 0.35967815320058155, ""print_spend_theta"": 0.8995769198067324, ""ridge_alpha"": 0.014269800766272416, ""search_spend_alpha"": 1.7558467695956883, ""search_spend_quantile"": 0.4327678567792796, ""search_spend_theta"": 0.36269197909244355, ""tv_spend_alpha"": 1.813136068894424, ""tv_spend_quantile"": 0.733187343873317, ""tv_spend_theta"": 0.15095459384720972}",COMPLETE
49,0.15617921975264712,2026-10-08 20:26:18.555177,2026-10-08 20:26:18.586205,0 days 00:00:00.031028,0.7650169127933811,0.3332598028853118,0.2421420435165317,0.8422868190860942,0.1563479636878162,0.6939446262669505,0.792132962656477,0.21299846096477174,0.8600840440422496,0.004532668134146809,1.4140926486904686,0.5184467101403492,0.5087542224612914,1.635312163415152,0.8379208826813265,0.15861915664633902,0.605877504757278,9.440229414976866,0.07228131607894579,"{""facebook_spend_alpha"": 0.7650169127933811, ""facebook_spend_quantile"": 0.3332598028853118, ""facebook_spend_theta"": 0.2421420435165317, ""ooh_spend_alpha"": 0.8422868190860942, ""ooh_spend_quantile"": 0.1563479636878162, ""ooh_spend_theta"": 0.6939446262669505, ""print_spend_alpha"": 0.792132962656477, ""print_spend_quantile"": 0.21299846096477174, ""print_spend_theta"": 0.8600840440422496, ""ridge_alpha"": 0.004532668134146809, ""search_spend_alpha"": 1.4140926486904686, ""search_spend_quantile"": 0.5184467101403492, ""search_spend_theta"": 0.5087542224612914, ""tv_spend_alpha"": 1.635312163415152, ""tv_spend_quantile"": 0.8379208826813265, ""tv_spend_theta"": 0.15861915664633902}",COMPLETE
50,0.15997394017505692,2026-10-08 20:26:18.587206,2026-10-08 20:26:18.620236,0 days 00:00:00.033030,0.5664532879240829,0.4023597166840933,0.13958123401182204,0.6286263362685292,0.226062058233849,0.676427875329538,0.9879267078819962,0.2666644345354022,0.8325193459813248,0.015082403854794724,1.620300024414651,0.5332587196210109,0.5367838054776514,1.9575270177839308,0.7578709271214735,0.2938219492497502,0.5970253015684848,9.978535659877027,0.0667756688752272,"{""facebook_spend_alpha"": 0.5664532879240829, ""facebook_spend_quantile"": 0.4023597166840933, ""facebook_spend_theta"": 0.13958123401182204, ""ooh_spend_alpha"": 0.6286263362685292, ""ooh_spend_quantile"": 0.226062058233849, ""ooh_spend_theta"": 0.676427875329538, ""print_spend_alpha"": 0.9879267078819962, ""print_spend_quantile"": 0.2666644345354022, ""print_spend_theta"": 0.8325193459813248, ""ridge_alpha"": 0.015082403854794724, ""search_spend_alpha"": 1.620300024414651, ""search_spend_quantile"": 0.5332587196210109, ""search_spend_theta"": 0.5367838054776514, ""tv_spend_alpha"": 1.9575270177839308, ""tv_spend_quantile"": 0.7578709271214735, ""tv_spend_theta"": 0.2938219492497502}",COMPLETE
51,0.15639147414521848,2026-10-08 20:26:18.620236,2026-10-08 20:26:18.654267,0 days 00:00:00.034031,0.6326878587746715,0.3816234251074913,0.22114095483579801,0.5650334882939589,0.2003587368107928,0.7457093668325495,0.5639241888542235,0.3391679678363611,0.75208348932032,0.0017551615216807432,0.8489179167124357,0.5238504145126163,0.18771150097330636,1.6544140208845732,0.8129199171248276,0.1317821798161809,0.6067293481483864,9.676325520078118,0.0712023535861966,"{""facebook_spend_alpha"": 0.6326878587746715, ""facebook_spend_quantile"": 0.3816234251074913, ""facebook_spend_theta"": 0.22114095483579801, ""ooh_spend_alpha"": 0.5650334882939589, ""ooh_spend_quantile"": 0.2003587368107928, ""ooh_spend_theta"": 0.7457093668325495, ""print_spend_alpha"": 0.5639241888542235, ""print_spend_quantile"": 0.3391679678363611, ""print_spend_theta"": 0.75208348932032, ""ridge_alpha"": 0.0017551615216807432, ""search_spend_alpha"": 0.8489179167124357, ""search_spend_quantile"": 0.5238504145126163, ""search_spend_theta"": 0.18771150097330636, ""tv_spend_alpha"": 1.6544140208845732, ""tv_spend_quantile"": 0.8129199171248276, ""tv_spend_theta"": 0.1317821798161809}",COMPLETE
52,0.1575663352857002,2026-10-08 20:26:18.654267,2026-10-08 20:26:18.685295,0 days 00:00:00.031028,0.5888424327961563,0.43961967959270787,0.1534182746117357,0.6327696308882076,0.29725933990127906,0.7599805057553861,0.5609676562832792,0.2992308493654528,0.7987600240293963,0.13042858820565864,1.0862594075231031,0.5680663371987539,0.4850934529878214,1.9473459984311403,0.8436811801168256,0.28419370852524134,0.6062891498549464,9.939189556321624,0.0673221810804688,"{""facebook_spend_alpha"": 0.5888424327961563, ""facebook_spend_quantile"": 0.43961967959270787, ""facebook_spend_theta"": 0.1534182746117357, ""ooh_spend_alpha"": 0.6327696308882076, ""ooh_spend_quantile"": 0.29725933990127906, ""ooh_spend_theta"": 0.7599805057553861, ""print_spend_alpha"": 0.5609676562832792, ""print_spend_quantile"": 0.2992308493654528, ""print_spend_theta"": 0.7987600240293963, ""ridge_alpha"": 0.13042858820565864, ""search_spend_alpha"": 1.0862594075231031, ""search_spend_quantile"": 0.5680663371987539, ""search_spend_theta"": 0.4850934529878214, ""tv_spend_alpha"": 1.9473459984311403, ""tv_spend_quantile"": 0.8436811801168256, ""tv_spend_theta"": 0.28419370852524134}",COMPLETE
53,0.15757603187989044,2026-10-08 20:26:18.686296,2026-10-08 20:26:18.718325,0 days 00:00:00.032029,0.5528081596890759,0.3813695933421284,0.1323863280177839,0.9129965376280403,0.16090347546939526,0.8745572556193915,0.8012501948730735,0.18597756487018924,0.8041429177493787,0.01813699747155256,1.768408006887249,0.4396372433919751,0.3882759476906037,1.843205554284721,0.7621589870922357,0.15819731262218045,0.60058821664974,9.785714518402939,0.0711146513675322,"{""facebook_spend_alpha"": 0.5528081596890759, ""facebook_spend_quantile"": 0.3813695933421284, ""facebook_spend_theta"": 0.1323863280177839, ""ooh_spend_alpha"": 0.9129965376280403, ""ooh_spend_quantile"": 0.16090347546939526, ""ooh_spend_theta"": 0.8745572556193915, ""print_spend_alpha"": 0.8012501948730735, ""print_spend_quantile"": 0.18597756487018924, ""print_spend_theta"": 0.8041429177493787, ""ridge_alpha"": 0.01813699747155256, ""search_spend_alpha"": 1.768408006887249, ""search_spend_quantile"": 0.4396372433919751, ""search_spend_theta"": 0.3882759476906037, ""tv_spend_alpha"": 1.843205554284721, ""tv_spend_quantile"": 0.7621589870922357, ""tv_spend_theta"": 0.15819731262218045}",COMPLETE
54,0.1577246954041634,2026-10-08 20:26:18.718325,2026-10-08 20:26:18.750354,0 days 00:00:00.032029,0.5809205049907591,0.3121551941387,0.18118147716852506,1.0294907214448632,0.3461193437801079,0.8703608959653132,0.5872816204714133,0.3114292177760705,0.7545245075002194,0.022490563239617394,1.629575050146931,0.5579940107542659,0.4036275568240595,1.7171778461728013,0.839138617030148,0.19410900321069435,0.601770550144137,9.458821492059643,0.07039926558523993,"{""facebook_spend_alpha"": 0.5809205049907591, ""facebook_spend_quantile"": 0.3121551941387, ""facebook_spend_theta"": 0.18118147716852506, ""ooh_spend_alpha"": 1.0294907214448632, ""ooh_spend_quantile"": 0.3461193437801079, ""ooh_spend_theta"": 0.8703608959653132, ""print_spend_alpha"": 0.5872816204714133, ""print_spend_quantile"": 0.3114292177760705, ""print_spend_theta"": 0.7545245075002194, ""ridge_alpha"": 0.022490563239617394, ""search_spend_alpha"": 1.629575050146931, ""search_spend_quantile"": 0.5579940107542659, ""search_spend_theta"": 0.4036275568240595, ""tv_spend_alpha"": 1.7171778461728013, ""tv_spend_quantile"": 0.839138617030148, ""tv_spend_theta"": 0.19410900321069435}",COMPLETE
55,0.1563128175563508,2026-10-08 20:26:18.751355,2026-10-08 20:26:18.786387,0 days 00:00:00.035032,0.6158502889142652,0.24394730872465703,0.1032662898726607,0.7588684814464235,0.15732277037794545,0.7475776892476199,1.025616049664388,0.22051151786479406,0.7735799071214718,0.09440708161875457,1.425888122194429,0.43962502615408106,0.504416160264142,1.7662471558657225,0.8203846627032169,0.06929543391430208,0.6041551343956308,9.510023876320508,0.07329124096992201,"{""facebook_spend_alpha"": 0.6158502889142652, ""facebook_spend_quantile"": 0.24394730872465703, ""facebook_spend_theta"": 0.1032662898726607, ""ooh_spend_alpha"": 0.7588684814464235, ""ooh_spend_quantile"": 0.15732277037794545, ""ooh_spend_theta"": 0.7475776892476199, ""print_spend_alpha"": 1.025616049664388, ""print_spend_quantile"": 0.22051151786479406, ""print_spend_theta"": 0.7735799071214718, ""ridge_alpha"": 0.09440708161875457, ""search_spend_alpha"": 1.425888122194429, ""search_spend_quantile"": 0.43962502615408106, ""search_spend_theta"": 0.504416160264142, ""tv_spend_alpha"": 1.7662471558657225, ""tv_spend_quantile"": 0.8203846627032169, ""tv_spend_theta"": 0.06929543391430208}",COMPLETE
56,0.1603654097635752,2026-10-08 20:26:18.787388,2026-10-08 20:26:18.822419,0 days 00:00:00.035031,0.5782939141676458,0.3878334640865161,0.3014969095599406,0.527508697381865,0.2913119715742544,0.7177688432278954,0.5108097689378803,0.2570648741807193,0.7329878020391246,0.003979642199804952,0.7055238825534366,0.4933475651299932,0.26307875254834556,1.7714331094504203,0.701705830496585,0.11308447259901776,0.5904279294532193,9.834450809982602,0.07105239987026327,"{""facebook_spend_alpha"": 0.5782939141676458, ""facebook_spend_quantile"": 0.3878334640865161, ""facebook_spend_theta"": 0.3014969095599406, ""ooh_spend_alpha"": 0.527508697381865, ""ooh_spend_quantile"": 0.2913119715742544, ""ooh_spend_theta"": 0.7177688432278954, ""print_spend_alpha"": 0.5108097689378803, ""print_spend_quantile"": 0.2570648741807193, ""print_spend_theta"": 0.7329878020391246, ""ridge_alpha"": 0.003979642199804952, ""search_spend_alpha"": 0.7055238825534366, ""search_spend_quantile"": 0.4933475651299932, ""search_spend_theta"": 0.26307875254834556, ""tv_spend_alpha"": 1.7714331094504203, ""tv_spend_quantile"": 0.701705830496585, ""tv_spend_theta"": 0.11308447259901776}",COMPLETE
57,0.15713846352217,2026-10-08 20:26:18.823421,2026-10-08 20:26:18.857451,0 days 00:00:00.034030,0.694945268837299,0.43038195294746406,0.12226961850784568,0.5755401327333983,0.19046667632740114,0.7268169634031624,0.5555741035267526,0.30744743475734143,0.637933798285071,0.003106009994844412,0.665123922874936,0.45961028190844344,0.3236117872949646,1.6217149689207424,0.8022152062740974,0.17838543215762914,0.6069519226785801,9.944675638154662,0.06881726185724323,"{""facebook_spend_alpha"": 0.694945268837299, ""facebook_spend_quantile"": 0.43038195294746406, ""facebook_spend_theta"": 0.12226961850784568, ""ooh_spend_alpha"": 0.5755401327333983, ""ooh_spend_quantile"": 0.19046667632740114, ""ooh_spend_theta"": 0.7268169634031624, ""print_spend_alpha"": 0.5555741035267526, ""print_spend_quantile"": 0.30744743475734143, ""print_spend_theta"": 0.637933798285071, ""ridge_alpha"": 0.003106009994844412, ""search_spend_alpha"": 0.665123922874936, ""search_spend_quantile"": 0.45961028190844344, ""search_spend_theta"": 0.3236117872949646, ""tv_spend_alpha"": 1.6217149689207424, ""tv_spend_quantile"": 0.8022152062740974, ""tv_spend_theta"": 0.17838543215762914}",COMPLETE
58,0.15718000870037438,2026-10-08 20:26:18.858453,2026-10-08 20:26:18.896487,0 days 00:00:00.038034,0.7002251735325956,0.2722136169921956,0.2145291044447318,0.6035150377183255,0.22590710184550328,0.6421205226628321,0.5600929066788018,0.43160438948557317,0.7129173231850584,0.0031213460987141173,0.8795383688725715,0.4501489450646568,0.30649560630331685,1.6815971444280873,0.7848968219599911,0.15184190442566536,0.6044342618539263,9.599087587579866,0.07046512912788866,"{""facebook_spend_alpha"": 0.7002251735325956, ""facebook_spend_quantile"": 0.2722136169921956, ""facebook_spend_theta"": 0.2145291044447318, ""ooh_spend_alpha"": 0.6035150377183255, ""ooh_spend_quantile"": 0.22590710184550328, ""ooh_spend_theta"": 0.6421205226628321, ""print_spend_alpha"": 0.5600929066788018, ""print_spend_quantile"": 0.43160438948557317, ""print_spend_theta"": 0.7129173231850584, ""ridge_alpha"": 0.0031213460987141173, ""search_spend_alpha"": 0.8795383688725715, ""search_spend_quantile"": 0.4501489450646568, ""search_spend_theta"": 0.30649560630331685, ""tv_spend_alpha"": 1.6815971444280873, ""tv_spend_quantile"": 0.7848968219599911, ""tv_spend_theta"": 0.15184190442566536}",COMPLETE
59,0.1604301993606882,2026-10-08 20:26:18.897487,2026-10-08 20:26:18.930518,0 days 00:00:00.033031,1.0314510119536369,0.2436274444035026,0.008178126288332255,0.9471230004367781,0.22513591309846143,0.7380125651188612,0.8943189718066251,0.2274424511394972,0.8328989931796528,0.008105715661585742,1.6213143175415814,0.7213078673819151,0.33744110076667433,1.8397399037585953,0.7200005469830328,0.17415037501843694,0.5909561832480997,9.41740071953398,0.06997380485674384,"{""facebook_spend_alpha"": 1.0314510119536369, ""facebook_spend_quantile"": 0.2436274444035026, ""facebook_spend_theta"": 0.008178126288332255, ""ooh_spend_alpha"": 0.9471230004367781, ""ooh_spend_quantile"": 0.22513591309846143, ""ooh_spend_theta"": 0.7380125651188612, ""print_spend_alpha"": 0.8943189718066251, ""print_spend_quantile"": 0.2274424511394972, ""print_spend_theta"": 0.8328989931796528, ""ridge_alpha"": 0.008105715661585742, ""search_spend_alpha"": 1.6213143175415814, ""search_spend_quantile"": 0.7213078673819151, ""search_spend_theta"": 0.33744110076667433, ""tv_spend_alpha"": 1.8397399037585953, ""tv_spend_quantile"": 0.7200005469830328, ""tv_spend_theta"": 0.17415037501843694}",COMPLETE
60,0.156085937973507,2026-10-08 20:26:18.930518,2026-10-08 20:26:18.960545,0 days 00:00:00.030027,0.6351377034929211,0.38786215967291937,0.1478841921814586,0.5882399260253113,0.16334345953872134,0.7137744048887656,0.6929174450961086,0.32766486893254415,0.6329064985468131,0.0012973091360779902,0.9224938704439541,0.5068742757067751,0.4811240241532327,1.6866264028825693,0.8172567804669745,0.09813882170536256,0.607040078624211,9.726618830266355,0.07208709388668211,"{""facebook_spend_alpha"": 0.6351377034929211, ""facebook_spend_quantile"": 0.38786215967291937, ""facebook_spend_theta"": 0.1478841921814586, ""ooh_spend_alpha"": 0.5882399260253113, ""ooh_spend_quantile"": 0.16334345953872134, ""ooh_spend_theta"": 0.7137744048887656, ""print_spend_alpha"": 0.6929174450961086, ""print_spend_quantile"": 0.32766486893254415, ""print_spend_theta"": 0.6329064985468131, ""ridge_alpha"": 0.0012973091360779902, ""search_spend_alpha"": 0.9224938704439541, ""search_spend_quantile"": 0.5068742757067751, ""search_spend_theta"": 0.4811240241532327, ""tv_spend_alpha"": 1.6866264028825693, ""tv_spend_quantile"": 0.8172567804669745, ""tv_spend_theta"": 0.09813882170536256}",COMPLETE
61,0.1569975008922341,2026-10-08 20:26:18.961546,2026-10-08 20:26:18.995576,0 days 00:00:00.034030,0.5264747026182682,0.3806579192747086,0.28152543056083884,0.6631281439807248,0.2574068428606049,0.7389690036502375,0.7004530437630776,0.22453139169550002,0.7771277196041223,0.0017199462064771101,0.9991706328764294,0.5863866600129045,0.22829424202039186,1.698225736625154,0.8149535885307806,0.0776866465950895,0.601723963522299,9.536056804820022,0.07331219585296254,"{""facebook_spend_alpha"": 0.5264747026182682, ""facebook_spend_quantile"": 0.3806579192747086, ""facebook_spend_theta"": 0.28152543056083884, ""ooh_spend_alpha"": 0.6631281439807248, ""ooh_spend_quantile"": 0.2574068428606049, ""ooh_spend_theta"": 0.7389690036502375, ""print_spend_alpha"": 0.7004530437630776, ""print_spend_quantile"": 0.22453139169550002, ""print_spend_theta"": 0.7771277196041223, ""ridge_alpha"": 0.0017199462064771101, ""search_spend_alpha"": 0.9991706328764294, ""search_spend_quantile"": 0.5863866600129045, ""search_spend_theta"": 0.22829424202039186, ""tv_spend_alpha"": 1.698225736625154, ""tv_spend_quantile"": 0.8149535885307806, ""tv_spend_theta"": 0.0776866465950895}",COMPLETE
62,0.15761527650811893,2026-10-08 20:26:18.995576,2026-10-08 20:26:19.029607,0 days 00:00:00.034031,0.6945604568156485,0.3224652072159471,0.2867205652906312,0.7196197459337467,0.15404190246668936,0.7088816004231956,0.7676724422572538,0.4012905068359479,0.7800733506435356,0.002204260270040565,0.9408368374546313,0.4982842705606098,0.1509143357185201,1.6401765871755785,0.7782525465745843,0.15772732000353126,0.6025396528199511,9.570556853848164,0.07051775501778636,"{""facebook_spend_alpha"": 0.6945604568156485, ""facebook_spend_quantile"": 0.3224652072159471, ""facebook_spend_theta"": 0.2867205652906312, ""ooh_spend_alpha"": 0.7196197459337467, ""ooh_spend_quantile"": 0.15404190246668936, ""ooh_spend_theta"": 0.7088816004231956, ""print_spend_alpha"": 0.7676724422572538, ""print_spend_quantile"": 0.4012905068359479, ""print_spend_theta"": 0.7800733506435356, ""ridge_alpha"": 0.002204260270040565, ""search_spend_alpha"": 0.9408368374546313, ""search_spend_quantile"": 0.4982842705606098, ""search_spend_theta"": 0.1509143357185201, ""tv_spend_alpha"": 1.6401765871755785, ""tv_spend_quantile"": 0.7782525465745843, ""tv_spend_theta"": 0.15772732000353126}",COMPLETE
63,0.1557457584614632,2026-10-08 20:26:19.029607,2026-10-08 20:26:19.064639,0 days 00:00:00.035032,0.7777074550685154,0.19244509611869523,0.1363701769208753,0.7803906490607976,0.16333787383596837,0.8072574659782872,1.0502375827168795,0.2305303748473035,0.8347310281293515,0.04563532830007085,1.312404491359268,0.4341020304380666,0.5569859180059151,1.8748125864345746,0.8408314887415033,0.1916396865787408,0.6090504584253121,9.450215145931978,0.07088617762499107,"{""facebook_spend_alpha"": 0.7777074550685154, ""facebook_spend_quantile"": 0.19244509611869523, ""facebook_spend_theta"": 0.1363701769208753, ""ooh_spend_alpha"": 0.7803906490607976, ""ooh_spend_quantile"": 0.16333787383596837, ""ooh_spend_theta"": 0.8072574659782872, ""print_spend_alpha"": 1.0502375827168795, ""print_spend_quantile"": 0.2305303748473035, ""print_spend_theta"": 0.8347310281293515, ""ridge_alpha"": 0.04563532830007085, ""search_spend_alpha"": 1.312404491359268, ""search_spend_quantile"": 0.4341020304380666, ""search_spend_theta"": 0.5569859180059151, ""tv_spend_alpha"": 1.8748125864345746, ""tv_spend_quantile"": 0.8408314887415033, ""tv_spend_theta"": 0.1916396865787408}",COMPLETE
64,0.15768959449951384,2026-10-08 20:26:19.064639,2026-10-08 20:26:19.115685,0 days 00:00:00.051046,0.8073592689808786,0.3792282751787312,0.2596754998207317,0.7165055421480231,0.18914382889047898,0.6254572421456825,0.6302356478262431,0.38604075113786895,0.6301629060688632,0.0012130652148584656,0.774578459018881,0.5561968778438505,0.547759285899689,1.6667985148997113,0.7637262262637904,0.039713427160447345,0.5986177839044108,9.861168883163835,0.07378815473427262,"{""facebook_spend_alpha"": 0.8073592689808786, ""facebook_spend_quantile"": 0.3792282751787312, ""facebook_spend_theta"": 0.2596754998207317, ""ooh_spend_alpha"": 0.7165055421480231, ""ooh_spend_quantile"": 0.18914382889047898, ""ooh_spend_theta"": 0.6254572421456825, ""print_spend_alpha"": 0.6302356478262431, ""print_spend_quantile"": 0.38604075113786895, ""print_spend_theta"": 0.6301629060688632, ""ridge_alpha"": 0.0012130652148584656, ""search_spend_alpha"": 0.774578459018881, ""search_spend_quantile"": 0.5561968778438505, ""search_spend_theta"": 0.547759285899689, ""tv_spend_alpha"": 1.6667985148997113, ""tv_spend_quantile"": 0.7637262262637904, ""tv_spend_theta"": 0.039713427160447345}",COMPLETE
