number,value,datetime_start,datetime_complete,duration,params_facebook_spend_alpha,params_facebook_spend_quantile,params_facebook_spend_theta,params_ooh_spend_alpha,params_ooh_spend_quantile,params_ooh_spend_theta,params_print_spend_alpha,params_print_spend_quantile,params_print_spend_theta,params_ridge_alpha,params_search_spend_alpha,params_search_spend_quantile,params_search_spend_theta,params_tv_spend_alpha,params_tv_spend_quantile,params_tv_spend_theta,user_attrs_mean_r2,user_attrs_mean_wmape_pct,user_attrs_std_nrmse,system_attrs_tpe:relative_params:0,state
83,0.15701495378649985,2026-10-08 20:26:19.907952,2026-10-08 20:26:19.949989,0 days 00:00:00.042037,0.6319273874560842,0.2658610648147817,0.05845628188633245,0.638632467978845,0.1874477742011618,0.6758888767377939,0.8787364739219778,0.17957776019032387,0.7176266850400003,0.17752628833679246,1.3099067008917875,0.4545293811971063,0.5916276449425824,1.9054668925768323,0.8383994209154737,0.28256731346796793,0.6106441606657019,9.670768611413996,0.06600862309067987,"{""facebook_spend_alpha"": 0.6319273874560842, ""facebook_spend_quantile"": 0.2658610648147817, ""facebook_spend_theta"": 0.05845628188633245, ""ooh_spend_alpha"": 0.638632467978845, ""ooh_spend_quantile"": 0.1874477742011618, ""ooh_spend_theta"": 0.6758888767377939, ""print_spend_alpha"": 0.8787364739219778, ""print_spend_quantile"": 0.17957776019032387, ""print_spend_theta"": 0.7176266850400003, ""ridge_alpha"": 0.17752628833679246, ""search_spend_alpha"": 1.3099067008917875, ""search_spend_quantile"": 0.4545293811971063, ""search_spend_theta"": 0.5916276449425824, ""tv_spend_alpha"": 1.9054668925768323, ""tv_spend_quantile"": 0.8383994209154737, ""tv_spend_theta"": 0.28256731346796793}",COMPLETE
84,0.15691952849354254,2026-10-08 20:26:19.950990,2026-10-08 20:26:19.993027,0 days 00:00:00.042037,0.5459861699887886,0.27797125370054276,0.09304652720519675,0.7180759515087329,0.23891769692983383,0.5956682022340205,0.9217912453584758,0.17403392512283788,0.8813016505659413,0.12423237015610707,1.273355170121109,0.47514617569579065,0.617589922590077,1.9997493247514038,0.7843820665591186,0.19522651024091583,0.6052013416260802,9.500531887234164,0.07041078619559937,"{""facebook_spend_alpha"": 0.5459861699887886, ""facebook_spend_quantile"": 0.27797125370054276, ""facebook_spend_theta"": 0.09304652720519675, ""ooh_spend_alpha"": 0.7180759515087329, ""ooh_spend_quantile"": 0.23891769692983383, ""ooh_spend_theta"": 0.5956682022340205, ""print_spend_alpha"": 0.9217912453584758, ""print_spend_quantile"": 0.17403392512283788, ""print_spend_theta"": 0.8813016505659413, ""ridge_alpha"": 0.12423237015610707, ""search_spend_alpha"": 1.273355170121109, ""search_spend_quantile"": 0.47514617569579065, ""search_spend_theta"": 0.617589922590077, ""tv_spend_alpha"": 1.9997493247514038, ""tv_spend_quantile"": 0.7843820665591186, ""tv_spend_theta"": 0.19522651024091583}",COMPLETE
85,0.15673964354438893,2026-10-08 20:26:19.994029,2026-10-08 20:26:20.034065,0 days 00:00:00.040036,0.5987488946323072,0.28291781642307706,0.1715230111401743,0.5163806447034374,0.23280884108414385,0.7311604293378187,1.043999609407416,0.2144509150245233,0.8310912461127573,0.07751286020107524,0.8710033220560789,0.42226468816337553,0.5812374963039943,1.7892356423099895,0.765496388331897,0.1334962911606687,0.6039285778876136,9.557159685988529,0.07189770118760208,"{""facebook_spend_alpha"": 0.5987488946323072, ""facebook_spend_quantile"": 0.28291781642307706, ""facebook_spend_theta"": 0.1715230111401743, ""ooh_spend_alpha"": 0.5163806447034374, ""ooh_spend_quantile"": 0.23280884108414385, ""ooh_spend_theta"": 0.7311604293378187, ""print_spend_alpha"": 1.043999609407416, ""print_spend_quantile"": 0.2144509150245233, ""print_spend_theta"": 0.8310912461127573, ""ridge_alpha"": 0.07751286020107524, ""search_spend_alpha"": 0.8710033220560789, ""search_spend_quantile"": 0.42226468816337553, ""search_spend_theta"": 0.5812374963039943, ""tv_spend_alpha"": 1.7892356423099895, ""tv_spend_quantile"": 0.765496388331897, ""tv_spend_theta"": 0.1334962911606687}",COMPLETE
86,0.16078365967025152,2026-10-08 20:26:20.034065,2026-10-08 20:26:20.071100,0 days 00:00:00.037035,0.6617236510438997,0.18260445968005568,0.09257668650472228,0.6070661232917204,0.21144692091994946,0.7394799084648024,1.0575367766715402,0.2122465267884967,0.8155433107027743,0.06558358847472157,1.308660651461797,0.35889642026515417,0.5749162403016619,1.7734600321522527,0.695293480894781,0.0456613075102226,0.583429198609164,9.712639629610207,0.07463951052344239,"{""facebook_spend_alpha"": 0.6617236510438997, ""facebook_spend_quantile"": 0.18260445968005568, ""facebook_spend_theta"": 0.09257668650472228, ""ooh_spend_alpha"": 0.6070661232917204, ""ooh_spend_quantile"": 0.21144692091994946, ""ooh_spend_theta"": 0.7394799084648024, ""print_spend_alpha"": 1.0575367766715402, ""print_spend_quantile"": 0.2122465267884967, ""print_spend_theta"": 0.8155433107027743, ""ridge_alpha"": 0.06558358847472157, ""search_spend_alpha"": 1.308660651461797, ""search_spend_quantile"": 0.35889642026515417, ""search_spend_theta"": 0.5749162403016619, ""tv_spend_alpha"": 1.7734600321522527, ""tv_spend_quantile"": 0.695293480894781, ""tv_spend_theta"": 0.0456613075102226}",COMPLETE
87,0.1553957228378363,2026-10-08 20:26:20.072100,2026-10-08 20:26:20.107132,0 days 00:00:00.035032,0.6141024558339914,0.34897646768056784,0.01882481168075892,0.5500326793770663,0.24084834157141619,0.6062936306270567,1.047463661536851,0.19192213848684772,0.8751336912536788,1.723605878436227,1.3963475419334468,0.405194787595911,0.6314266222613021,1.7719464403942928,0.7802861838168856,0.1287899675267924,0.6095438969528357,10.010487753885867,0.07094617881647708,"{""facebook_spend_alpha"": 0.6141024558339914, ""facebook_spend_quantile"": 0.34897646768056784, ""facebook_spend_theta"": 0.01882481168075892, ""ooh_spend_alpha"": 0.5500326793770663, ""ooh_spend_quantile"": 0.24084834157141619, ""ooh_spend_theta"": 0.6062936306270567, ""print_spend_alpha"": 1.047463661536851, ""print_spend_quantile"": 0.19192213848684772, ""print_spend_theta"": 0.8751336912536788, ""ridge_alpha"": 1.723605878436227, ""search_spend_alpha"": 1.3963475419334468, ""search_spend_quantile"": 0.405194787595911, ""search_spend_theta"": 0.6314266222613021, ""tv_spend_alpha"": 1.7719464403942928, ""tv_spend_quantile"": 0.7802861838168856, ""tv_spend_theta"": 0.1287899675267924}",COMPLETE
88,0.15667603526196328,2026-10-08 20:26:20.107132,2026-10-08 20:26:20.142163,0 days 00:00:00.035031,0.6336599737448574,0.2829415569689115,0.14519212043949073,0.5481639623989244,0.25830795575710047,0.5758247219113907,0.8111995203758575,0.17540199727889255,0.8899081201928769,0.34414270934848035,1.3198191755652153,0.4172972032047455,0.5776468887227824,1.8365163009007912,0.770565839655576,0.1626148908820473,0.605513249964852,9.650804864758735,0.07064887924814531,"{""facebook_spend_alpha"": 0.6336599737448574, ""facebook_spend_quantile"": 0.2829415569689115, ""facebook_spend_theta"": 0.14519212043949073, ""ooh_spend_alpha"": 0.5481639623989244, ""ooh_spend_quantile"": 0.25830795575710047, ""ooh_spend_theta"": 0.5758247219113907, ""print_spend_alpha"": 0.8111995203758575, ""print_spend_quantile"": 0.17540199727889255, ""print_spend_theta"": 0.8899081201928769, ""ridge_alpha"": 0.34414270934848035, ""search_spend_alpha"": 1.3198191755652153, ""search_spend_quantile"": 0.4172972032047455, ""search_spend_theta"": 0.5776468887227824, ""tv_spend_alpha"": 1.8365163009007912, ""tv_spend_quantile"": 0.770565839655576, ""tv_spend_theta"": 0.1626148908820473}",COMPLETE
89,0.15679130773680974,2026-10-08 20:26:20.142163,2026-10-08 20:26:20.183201,0 days 00:00:00.041038,0.7031550380261781,0.21316615845308387,0.16156402231719802,0.6495449783281438,0.19680861051475657,0.5978520281204515,1.0651766847352466,0.24024849061934356,0.8252361199608189,0.11315644729242008,1.3205778524715168,0.4013914119467641,0.5638057834962943,1.7539407843574417,0.820642533978515,0.23042728026349213,0.6083053263092496,9.501932265573172,0.06859425826421318,"{""facebook_spend_alpha"": 0.7031550380261781, ""facebook_spend_quantile"": 0.21316615845308387, ""facebook_spend_theta"": 0.16156402231719802, ""ooh_spend_alpha"": 0.6495449783281438, ""ooh_spend_quantile"": 0.19680861051475657, ""ooh_spend_theta"": 0.5978520281204515, ""print_spend_alpha"": 1.0651766847352466, ""print_spend_quantile"": 0.24024849061934356, ""print_spend_theta"": 0.8252361199608189, ""ridge_alpha"": 0.11315644729242008, ""search_spend_alpha"": 1.3205778524715168, ""search_spend_quantile"": 0.4013914119467641, ""search_spend_theta"": 0.5638057834962943, ""tv_spend_alpha"": 1.7539407843574417, ""tv_spend_quantile"": 0.820642533978515, ""tv_spend_theta"": 0.23042728026349213}",COMPLETE
90,0.15610147185176823,2026-10-08 20:26:20.184201,2026-10-08 20:26:20.227240,0 days 00:00:00.043039,0.7350878779677099,0.15761575380968962,0.024131977505100356,0.7690882615417871,0.22326905989093634,0.6985554788422839,1.0655642868115516,0.21145827518261212,0.634751740816417,0.15107850279792584,1.5379072040002129,0.5002592691693513,0.3021983336046334,1.9245670742544785,0.8165999602793573,0.15476380256127892,0.608982380278935,9.641063596059398,0.070530039043443,"{""facebook_spend_alpha"": 0.7350878779677099, ""facebook_spend_quantile"": 0.15761575380968962, ""facebook_spend_theta"": 0.024131977505100356, ""ooh_spend_alpha"": 0.7690882615417871, ""ooh_spend_quantile"": 0.22326905989093634, ""ooh_spend_theta"": 0.6985554788422839, ""print_spend_alpha"": 1.0655642868115516, ""print_spend_quantile"": 0.21145827518261212, ""print_spend_theta"": 0.634751740816417, ""ridge_alpha"": 0.15107850279792584, ""search_spend_alpha"": 1.5379072040002129, ""search_spend_quantile"": 0.5002592691693513, ""search_spend_theta"": 0.3021983336046334, ""tv_spend_alpha"": 1.9245670742544785, ""tv_spend_quantile"": 0.8165999602793573, ""tv_spend_theta"": 0.15476380256127892}",COMPLETE
91,0.15630766515462616,2026-10-08 20:26:20.227240,2026-10-08 20:26:20.270279,0 days 00:00:00.043039,0.7168941926890064,0.34047259200804714,0.1366631152233335,0.5900390114652699,0.241455672191547,0.6725269762162172,0.6757246665882253,0.3585396565484043,0.6274969426043858,0.001943018566944067,0.9593864419915231,0.46212360074438513,0.5631827536905845,1.5972077889804344,0.81307660957951,0.12106771928255118,0.6067465028104229,9.693431406330797,0.07166012035398779,"{""facebook_spend_alpha"": 0.7168941926890064, ""facebook_spend_quantile"": 0.34047259200804714, ""facebook_spend_theta"": 0.1366631152233335, ""ooh_spend_alpha"": 0.5900390114652699, ""ooh_spend_quantile"": 0.241455672191547, ""ooh_spend_theta"": 0.6725269762162172, ""print_spend_alpha"": 0.6757246665882253, ""print_spend_quantile"": 0.3585396565484043, ""print_spend_theta"": 0.6274969426043858, ""ridge_alpha"": 0.001943018566944067, ""search_spend_alpha"": 0.9593864419915231, ""search_spend_quantile"": 0.46212360074438513, ""search_spend_theta"": 0.5631827536905845, ""tv_spend_alpha"": 1.5972077889804344, ""tv_spend_quantile"": 0.81307660957951, ""tv_spend_theta"": 0.12106771928255118}",COMPLETE
92,0.15677442634938685,2026-10-08 20:26:20.270279,2026-10-08 20:26:20.316321,0 days 00:00:00.046042,0.5007054704374935,0.195514611635911,0.13122542423109312,0.6699720237994731,0.20891880483540654,0.6486488428972591,0.9177763928587641,0.15501039103324335,0.793001367936245,0.164583740572285,1.346501375873829,0.3852095296250179,0.667467943177046,1.8942359153878656,0.7897232828292238,0.05860993281763255,0.6022799359320933,9.53560303727789,0.07363147739053365,"{""facebook_spend_alpha"": 0.5007054704374935, ""facebook_spend_quantile"": 0.195514611635911, ""facebook_spend_theta"": 0.13122542423109312, ""ooh_spend_alpha"": 0.6699720237994731, ""ooh_spend_quantile"": 0.20891880483540654, ""ooh_spend_theta"": 0.6486488428972591, ""print_spend_alpha"": 0.9177763928587641, ""print_spend_quantile"": 0.15501039103324335, ""print_spend_theta"": 0.793001367936245, ""ridge_alpha"": 0.164583740572285, ""search_spend_alpha"": 1.346501375873829, ""search_spend_quantile"": 0.3852095296250179, ""search_spend_theta"": 0.667467943177046, ""tv_spend_alpha"": 1.8942359153878656, ""tv_spend_quantile"": 0.7897232828292238, ""tv_spend_theta"": 0.05860993281763255}",COMPLETE
93,0.15694847300032483,2026-10-08 20:26:20.316321,2026-10-08 20:26:20.368369,0 days 00:00:00.052048,0.5807410849610094,0.23300274171450733,0.16039201561769637,0.6050393942377335,0.1762659486711931,0.7169811636077055,1.0056017988501236,0.18434612256191713,0.8922531944403831,0.04136417948775188,1.037985379245307,0.39790537859883246,0.6391465319750183,1.8241955241246646,0.827910030293329,0.2031812585707462,0.6068701115497915,9.442245162100088,0.06926837713546949,"{""facebook_spend_alpha"": 0.5807410849610094, ""facebook_spend_quantile"": 0.23300274171450733, ""facebook_spend_theta"": 0.16039201561769637, ""ooh_spend_alpha"": 0.6050393942377335, ""ooh_spend_quantile"": 0.1762659486711931, ""ooh_spend_theta"": 0.7169811636077055, ""print_spend_alpha"": 1.0056017988501236, ""print_spend_quantile"": 0.18434612256191713, ""print_spend_theta"": 0.8922531944403831, ""ridge_alpha"": 0.04136417948775188, ""search_spend_alpha"": 1.037985379245307, ""search_spend_quantile"": 0.39790537859883246, ""search_spend_theta"": 0.6391465319750183, ""tv_spend_alpha"": 1.8241955241246646, ""tv_spend_quantile"": 0.827910030293329, ""tv_spend_theta"": 0.2031812585707462}",COMPLETE
94,0.15601630861343485,2026-10-08 20:26:20.368369,2026-10-08 20:26:20.419415,0 days 00:00:00.051046,0.6533654336852749,0.34355280830861995,0.03542206825453911,0.5750352329097146,0.22613414871426094,0.6028721050073078,1.02524795418668,0.1511136244384958,0.8954146019425681,2.4416536649292815,1.3879513635129193,0.3869431558825479,0.672233547878032,1.6853184132835475,0.8063673987464339,0.1971212526765595,0.61110292629155,10.209732294105015,0.06751713483969649,"{""facebook_spend_alpha"": 0.6533654336852749, ""facebook_spend_quantile"": 0.34355280830861995, ""facebook_spend_theta"": 0.03542206825453911, ""ooh_spend_alpha"": 0.5750352329097146, ""ooh_spend_quantile"": 0.22613414871426094, ""ooh_spend_theta"": 0.6028721050073078, ""print_spend_alpha"": 1.02524795418668, ""print_spend_quantile"": 0.1511136244384958, ""print_spend_theta"": 0.8954146019425681, ""ridge_alpha"": 2.4416536649292815, ""search_spend_alpha"": 1.3879513635129193, ""search_spend_quantile"": 0.3869431558825479, ""search_spend_theta"": 0.672233547878032, ""tv_spend_alpha"": 1.6853184132835475, ""tv_spend_quantile"": 0.8063673987464339, ""tv_spend_theta"": 0.1971212526765595}",COMPLETE
95,0.15512073871559864,2026-10-08 20:26:20.420416,2026-10-08 20:26:20.472463,0 days 00:00:00.052047,0.6709965267432929,0.2702797059176765,0.02796816130277499,0.5144390279591526,0.23493204794452707,0.5019579048800507,0.9286328661121562,0.24029550277141393,0.8619453495279578,3.3478241290985635,1.4546913400753272,0.4277188217670182,0.6411323181924464,1.697787450118989,0.7962351078035608,0.0670965289921116,0.6107179573922724,10.257480781179208,0.070684211614438,"{""facebook_spend_alpha"": 0.6709965267432929, ""facebook_spend_quantile"": 0.2702797059176765, ""facebook_spend_theta"": 0.02796816130277499, ""ooh_spend_alpha"": 0.5144390279591526, ""ooh_spend_quantile"": 0.23493204794452707, ""ooh_spend_theta"": 0.5019579048800507, ""print_spend_alpha"": 0.9286328661121562, ""print_spend_quantile"": 0.24029550277141393, ""print_spend_theta"": 0.8619453495279578, ""ridge_alpha"": 3.3478241290985635, ""search_spend_alpha"": 1.4546913400753272, ""search_spend_quantile"": 0.4277188217670182, ""search_spend_theta"": 0.6411323181924464, ""tv_spend_alpha"": 1.697787450118989, ""tv_spend_quantile"": 0.7962351078035608, ""tv_spend_theta"": 0.0670965289921116}",COMPLETE
96,0.1557535308250831,2026-10-08 20:26:20.473464,2026-10-08 20:26:20.529514,0 days 00:00:00.056050,0.6892921377034206,0.26368040031525103,0.01956251554614276,0.8235614916252445,0.23018852515067484,0.7375139593275696,0.8519525813689003,0.17566726187428483,0.6257237951088638,0.24461938823266563,1.5014314851342463,0.4590891574941298,0.3145663249578471,1.8071582685567469,0.8352619524747574,0.1359722187117176,0.6105269295760419,9.59924085442839,0.07055125047958379,"{""facebook_spend_alpha"": 0.6892921377034206, ""facebook_spend_quantile"": 0.26368040031525103, ""facebook_spend_theta"": 0.01956251554614276, ""ooh_spend_alpha"": 0.8235614916252445, ""ooh_spend_quantile"": 0.23018852515067484, ""ooh_spend_theta"": 0.7375139593275696, ""print_spend_alpha"": 0.8519525813689003, ""print_spend_quantile"": 0.17566726187428483, ""print_spend_theta"": 0.6257237951088638, ""ridge_alpha"": 0.24461938823266563, ""search_spend_alpha"": 1.5014314851342463, ""search_spend_quantile"": 0.4590891574941298, ""search_spend_theta"": 0.3145663249578471, ""tv_spend_alpha"": 1.8071582685567469, ""tv_spend_quantile"": 0.8352619524747574, ""tv_spend_theta"": 0.1359722187117176}",COMPLETE
97,0.15562179167614268,2026-10-08 20:26:20.529514,2026-10-08 20:26:20.585566,0 days 00:00:00.056052,0.6381090972189221,0.3597026192580961,0.02598481510700506,0.6082324520509768,0.2428360787980235,0.5875635052359702,1.0091043570202975,0.18083197805996756,0.8475864918748146,0.2757399707743818,1.352489578859719,0.40013264842583784,0.6772943254445474,1.78301614017101,0.8177778769443926,0.11162435305185486,0.6079908198700665,9.626574707688514,0.07266034978603668,"{""facebook_spend_alpha"": 0.6381090972189221, ""facebook_spend_quantile"": 0.3597026192580961, ""facebook_spend_theta"": 0.02598481510700506, ""ooh_spend_alpha"": 0.6082324520509768, ""ooh_spend_quantile"": 0.2428360787980235, ""ooh_spend_theta"": 0.5875635052359702, ""print_spend_alpha"": 1.0091043570202975, ""print_spend_quantile"": 0.18083197805996756, ""print_spend_theta"": 0.8475864918748146, ""ridge_alpha"": 0.2757399707743818, ""search_spend_alpha"": 1.352489578859719, ""search_spend_quantile"": 0.40013264842583784, ""search_spend_theta"": 0.6772943254445474, ""tv_spend_alpha"": 1.78301614017101, ""tv_spend_quantile"": 0.8177778769443926, ""tv_spend_theta"": 0.11162435305185486}",COMPLETE
98,0.15530465854262754,2026-10-08 20:26:20.585566,2026-10-08 20:26:20.628604,0 days 00:00:00.043038,0.7635201992910864,0.20310677757543505,0.023616380792457394,0.5997618635682602,0.24831991233919487,0.512340296293297,1.0181233079001817,0.21691150797169473,0.8193767755521018,5.017366911445832,1.5216926969094966,0.425649408130208,0.707012426613229,1.6965114722089236,0.7966471911874798,0.07776825546127206,0.6120478743796857,10.395106268709574,0.0688014782928916,"{""facebook_spend_alpha"": 0.7635201992910864, ""facebook_spend_quantile"": 0.20310677757543505, ""facebook_spend_theta"": 0.023616380792457394, ""ooh_spend_alpha"": 0.5997618635682602, ""ooh_spend_quantile"": 0.24831991233919487, ""ooh_spend_theta"": 0.512340296293297, ""print_spend_alpha"": 1.0181233079001817, ""print_spend_quantile"": 0.21691150797169473, ""print_spend_theta"": 0.8193767755521018, ""ridge_alpha"": 5.017366911445832, ""search_spend_alpha"": 1.5216926969094966, ""search_spend_quantile"": 0.425649408130208, ""search_spend_theta"": 0.707012426613229, ""tv_spend_alpha"": 1.6965114722089236, ""tv_spend_quantile"": 0.7966471911874798, ""tv_spend_theta"": 0.07776825546127206}",COMPLETE
99,0.15543570437747553,2026-10-08 20:26:20.628604,2026-10-08 20:26:20.665638,0 days 00:00:00.037034,0.7144307357430666,0.27606022424720544,0.03168573511524211,0.5593120574196717,0.2517622654122357,0.4933322653265454,0.787505755083891,0.20528484097587107,0.8238432590087482,3.3934227817366067,1.2015141572716606,0.4345881898984821,0.6802367387052454,1.8002475551868031,0.7667350111543983,0.05783496288381923,0.609764352761406,10.381168252689434,0.0705072504317644,"{""facebook_spend_alpha"": 0.7144307357430666, ""facebook_spend_quantile"": 0.27606022424720544, ""facebook_spend_theta"": 0.03168573511524211, ""ooh_spend_alpha"": 0.5593120574196717, ""ooh_spend_quantile"": 0.2517622654122357, ""ooh_spend_theta"": 0.4933322653265454, ""print_spend_alpha"": 0.787505755083891, ""print_spend_quantile"": 0.20528484097587107, ""print_spend_theta"": 0.8238432590087482, ""ridge_alpha"": 3.3934227817366067, ""search_spend_alpha"": 1.2015141572716606, ""search_spend_quantile"": 0.4345881898984821, ""search_spend_theta"": 0.6802367387052454, ""tv_spend_alpha"": 1.8002475551868031, ""tv_spend_quantile"": 0.7667350111543983, ""tv_spend_theta"": 0.05783496288381923}",COMPLETE
