number,value,datetime_start,datetime_complete,duration,params_facebook_spend_alpha,params_facebook_spend_quantile,params_facebook_spend_theta,params_ooh_spend_alpha,params_ooh_spend_quantile,params_ooh_spend_theta,params_print_spend_alpha,params_print_spend_quantile,params_print_spend_theta,params_ridge_alpha,params_search_spend_alpha,params_search_spend_quantile,params_search_spend_theta,params_tv_spend_alpha,params_tv_spend_quantile,params_tv_spend_theta,user_attrs_mean_r2,user_attrs_mean_wmape_pct,user_attrs_std_nrmse,system_attrs_tpe:relative_params:0,state
29,0.16033611938179196,2026-10-08 20:26:17.905240,2026-10-08 20:26:17.935266,0 days 00:00:00.030026,0.6825540355736296,0.44149229462070655,0.1735520293827183,0.7332386460817358,0.33631224247901853,0.6431654520913546,0.929193514166136,0.23762727768789105,0.6626161587647008,0.008841754824317233,1.5793102077139796,0.5471991933923683,0.3088324610045161,1.4753976190585791,0.7834355089374558,0.2653036535224324,0.596855078970396,10.023242928836167,0.06632152292917018,"{""facebook_spend_alpha"": 0.6825540355736296, ""facebook_spend_quantile"": 0.44149229462070655, ""facebook_spend_theta"": 0.1735520293827183, ""ooh_spend_alpha"": 0.7332386460817358, ""ooh_spend_quantile"": 0.33631224247901853, ""ooh_spend_theta"": 0.6431654520913546, ""print_spend_alpha"": 0.929193514166136, ""print_spend_quantile"": 0.23762727768789105, ""print_spend_theta"": 0.6626161587647008, ""ridge_alpha"": 0.008841754824317233, ""search_spend_alpha"": 1.5793102077139796, ""search_spend_quantile"": 0.5471991933923683, ""search_spend_theta"": 0.3088324610045161, ""tv_spend_alpha"": 1.4753976190585791, ""tv_spend_quantile"": 0.7834355089374558, ""tv_spend_theta"": 0.2653036535224324}",COMPLETE
30,0.16122977488756002,2026-10-08 20:26:17.935266,2026-10-08 20:26:17.967295,0 days 00:00:00.032029,0.6985475145114614,0.4341063412505061,0.21286724776669674,0.7967125186213893,0.36007387621156195,0.6486966527046442,0.6654374090046734,0.17771328142559717,0.7778586782847512,0.0059394010836336985,1.3159889121121673,0.5794323919847579,0.4252884376318896,1.3968176669935763,0.758856310150803,0.22821077629878855,0.591079892511098,9.968281306090441,0.06785622204121856,"{""facebook_spend_alpha"": 0.6985475145114614, ""facebook_spend_quantile"": 0.4341063412505061, ""facebook_spend_theta"": 0.21286724776669674, ""ooh_spend_alpha"": 0.7967125186213893, ""ooh_spend_quantile"": 0.36007387621156195, ""ooh_spend_theta"": 0.6486966527046442, ""print_spend_alpha"": 0.6654374090046734, ""print_spend_quantile"": 0.17771328142559717, ""print_spend_theta"": 0.7778586782847512, ""ridge_alpha"": 0.0059394010836336985, ""search_spend_alpha"": 1.3159889121121673, ""search_spend_quantile"": 0.5794323919847579, ""search_spend_theta"": 0.4252884376318896, ""tv_spend_alpha"": 1.3968176669935763, ""tv_spend_quantile"": 0.758856310150803, ""tv_spend_theta"": 0.22821077629878855}",COMPLETE
31,0.16001476830516997,2026-10-08 20:26:17.967295,2026-10-08 20:26:18.011335,0 days 00:00:00.044040,0.6142053638666651,0.3439402960419673,0.14025246331830826,0.8764062857273691,0.28769101328586716,0.7345866465216515,0.7349225894028745,0.17444293403492722,0.7126708102460373,0.006898432562520204,1.290626876141251,0.5940746883887181,0.21443412488271954,1.5985698918916271,0.7562989121051718,0.1915083157863921,0.5951344233965266,9.727413322819496,0.0686506951376677,"{""facebook_spend_alpha"": 0.6142053638666651, ""facebook_spend_quantile"": 0.3439402960419673, ""facebook_spend_theta"": 0.14025246331830826, ""ooh_spend_alpha"": 0.8764062857273691, ""ooh_spend_quantile"": 0.28769101328586716, ""ooh_spend_theta"": 0.7345866465216515, ""print_spend_alpha"": 0.7349225894028745, ""print_spend_quantile"": 0.17444293403492722, ""print_spend_theta"": 0.7126708102460373, ""ridge_alpha"": 0.006898432562520204, ""search_spend_alpha"": 1.290626876141251, ""search_spend_quantile"": 0.5940746883887181, ""search_spend_theta"": 0.21443412488271954, ""tv_spend_alpha"": 1.5985698918916271, ""tv_spend_quantile"": 0.7562989121051718, ""tv_spend_theta"": 0.1915083157863921}",COMPLETE
32,0.16076626337862174,2026-10-08 20:26:18.012336,2026-10-08 20:26:18.054375,0 days 00:00:00.042039,0.8795311235786668,0.2844505809842176,0.31335344033177986,0.5972184472311621,0.34676653908754806,0.7736414322619025,0.8918795686748029,0.2072610044558741,0.650704792112167,0.14344163070101917,1.5600598565989807,0.4728167988812645,0.4820270405402608,1.5861357076154181,0.6916271107191606,0.19291475015350054,0.5925421514417217,9.737954852172612,0.06755399716350774,"{""facebook_spend_alpha"": 0.8795311235786668, ""facebook_spend_quantile"": 0.2844505809842176, ""facebook_spend_theta"": 0.31335344033177986, ""ooh_spend_alpha"": 0.5972184472311621, ""ooh_spend_quantile"": 0.34676653908754806, ""ooh_spend_theta"": 0.7736414322619025, ""print_spend_alpha"": 0.8918795686748029, ""print_spend_quantile"": 0.2072610044558741, ""print_spend_theta"": 0.650704792112167, ""ridge_alpha"": 0.14344163070101917, ""search_spend_alpha"": 1.5600598565989807, ""search_spend_quantile"": 0.4728167988812645, ""search_spend_theta"": 0.4820270405402608, ""tv_spend_alpha"": 1.5861357076154181, ""tv_spend_quantile"": 0.6916271107191606, ""tv_spend_theta"": 0.19291475015350054}",COMPLETE
33,0.15670562986703132,2026-10-08 20:26:18.055375,2026-10-08 20:26:18.089406,0 days 00:00:00.034031,0.6682998020429378,0.38377925851922595,0.15425212789950793,0.6097484724596485,0.25142658367617426,0.6452338687722964,0.6424081645190033,0.34882155172703183,0.7411391767193336,0.003071706549708934,0.856741392665598,0.5742273558267668,0.3613237154393643,1.6810604432267047,0.8191657853912923,0.09438638595470156,0.6041327780126952,9.688179641416054,0.07249054562068431,"{""facebook_spend_alpha"": 0.6682998020429378, ""facebook_spend_quantile"": 0.38377925851922595, ""facebook_spend_theta"": 0.15425212789950793, ""ooh_spend_alpha"": 0.6097484724596485, ""ooh_spend_quantile"": 0.25142658367617426, ""ooh_spend_theta"": 0.6452338687722964, ""print_spend_alpha"": 0.6424081645190033, ""print_spend_quantile"": 0.34882155172703183, ""print_spend_theta"": 0.7411391767193336, ""ridge_alpha"": 0.003071706549708934, ""search_spend_alpha"": 0.856741392665598, ""search_spend_quantile"": 0.5742273558267668, ""search_spend_theta"": 0.3613237154393643, ""tv_spend_alpha"": 1.6810604432267047, ""tv_spend_quantile"": 0.8191657853912923, ""tv_spend_theta"": 0.09438638595470156}",COMPLETE
34,0.16093947024511226,2026-10-08 20:26:18.089406,2026-10-08 20:26:18.119434,0 days 00:00:00.030028,0.8163395851540252,0.43193157159915463,0.14399646121772924,0.6553987647066584,0.3885815781019075,0.787322758657386,0.8004463885202755,0.2804011727790524,0.7720995607112996,0.024320745312148024,0.9396165008938668,0.5489644902457906,0.44112086791231137,1.3549344669287637,0.7229093982542315,0.19516119960537376,0.5910701776924022,10.020775454650396,0.06860270611271621,"{""facebook_spend_alpha"": 0.8163395851540252, ""facebook_spend_quantile"": 0.43193157159915463, ""facebook_spend_theta"": 0.14399646121772924, ""ooh_spend_alpha"": 0.6553987647066584, ""ooh_spend_quantile"": 0.3885815781019075, ""ooh_spend_theta"": 0.787322758657386, ""print_spend_alpha"": 0.8004463885202755, ""print_spend_quantile"": 0.2804011727790524, ""print_spend_theta"": 0.7720995607112996, ""ridge_alpha"": 0.024320745312148024, ""search_spend_alpha"": 0.9396165008938668, ""search_spend_quantile"": 0.5489644902457906, ""search_spend_theta"": 0.44112086791231137, ""tv_spend_alpha"": 1.3549344669287637, ""tv_spend_quantile"": 0.7229093982542315, ""tv_spend_theta"": 0.19516119960537376}",COMPLETE
35,0.16110006202509333,2026-10-08 20:26:18.119434,2026-10-08 20:26:18.151462,0 days 00:00:00.032028,0.5305871901170768,0.42907948311454636,0.3292210278931286,0.5484148327200353,0.387193986501096,0.5334648215133062,0.6205700203098405,0.3449153601274583,0.7285764862404298,0.05796643579221805,1.4745541734710157,0.5470060748877983,0.3990847204328258,1.9046296556013047,0.7397378907465715,0.3672131432562286,0.5968572347608679,10.032348646943982,0.06351480454295796,"{""facebook_spend_alpha"": 0.5305871901170768, ""facebook_spend_quantile"": 0.42907948311454636, ""facebook_spend_theta"": 0.3292210278931286, ""ooh_spend_alpha"": 0.5484148327200353, ""ooh_spend_quantile"": 0.387193986501096, ""ooh_spend_theta"": 0.5334648215133062, ""print_spend_alpha"": 0.6205700203098405, ""print_spend_quantile"": 0.3449153601274583, ""print_spend_theta"": 0.7285764862404298, ""ridge_alpha"": 0.05796643579221805, ""search_spend_alpha"": 1.4745541734710157, ""search_spend_quantile"": 0.5470060748877983, ""search_spend_theta"": 0.3990847204328258, ""tv_spend_alpha"": 1.9046296556013047, ""tv_spend_quantile"": 0.7397378907465715, ""tv_spend_theta"": 0.3672131432562286}",COMPLETE
36,0.15947987564682228,2026-10-08 20:26:18.151462,2026-10-08 20:26:18.184493,0 days 00:00:00.033031,0.9650005565480158,0.2787186776849379,0.14408307773568893,0.8447041163504106,0.2029356903300074,0.8109799501383577,0.7571556450260908,0.16948249432628346,0.8442863748431513,0.012469046909381398,1.5240349771776627,0.6267834931660292,0.4211914246842695,1.893899755580459,0.7210167964462254,0.07395918616747173,0.5891418356576028,9.366362726983331,0.07436003619590126,"{""facebook_spend_alpha"": 0.9650005565480158, ""facebook_spend_quantile"": 0.2787186776849379, ""facebook_spend_theta"": 0.14408307773568893, ""ooh_spend_alpha"": 0.8447041163504106, ""ooh_spend_quantile"": 0.2029356903300074, ""ooh_spend_theta"": 0.8109799501383577, ""print_spend_alpha"": 0.7571556450260908, ""print_spend_quantile"": 0.16948249432628346, ""print_spend_theta"": 0.8442863748431513, ""ridge_alpha"": 0.012469046909381398, ""search_spend_alpha"": 1.5240349771776627, ""search_spend_quantile"": 0.6267834931660292, ""search_spend_theta"": 0.4211914246842695, ""tv_spend_alpha"": 1.893899755580459, ""tv_spend_quantile"": 0.7210167964462254, ""tv_spend_theta"": 0.07395918616747173}",COMPLETE
37,0.1588876075011246,2026-10-08 20:26:18.184493,2026-10-08 20:26:18.219524,0 days 00:00:00.035031,1.0065692918873104,0.2672684010080314,0.0632502840806027,0.8617275413625164,0.28356516336554355,0.6527383721854855,0.7953053730366884,0.26098217942084134,0.8380628410659448,0.0578962363429464,1.3456580537266798,0.4299297324629873,0.3659575173105871,1.7821139630690417,0.7406590812475831,0.1057896736735888,0.5929751249168822,9.488287732831148,0.07362476975822556,"{""facebook_spend_alpha"": 1.0065692918873104, ""facebook_spend_quantile"": 0.2672684010080314, ""facebook_spend_theta"": 0.0632502840806027, ""ooh_spend_alpha"": 0.8617275413625164, ""ooh_spend_quantile"": 0.28356516336554355, ""ooh_spend_theta"": 0.6527383721854855, ""print_spend_alpha"": 0.7953053730366884, ""print_spend_quantile"": 0.26098217942084134, ""print_spend_theta"": 0.8380628410659448, ""ridge_alpha"": 0.0578962363429464, ""search_spend_alpha"": 1.3456580537266798, ""search_spend_quantile"": 0.4299297324629873, ""search_spend_theta"": 0.3659575173105871, ""tv_spend_alpha"": 1.7821139630690417, ""tv_spend_quantile"": 0.7406590812475831, ""tv_spend_theta"": 0.1057896736735888}",COMPLETE
38,0.1556709440541039,2026-10-08 20:26:18.220526,2026-10-08 20:26:18.250555,0 days 00:00:00.030029,0.863145405801288,0.32414069502141984,0.08357679700709911,0.8162523241946797,0.1788811155598869,0.8831406525755893,0.675439945413698,0.22963838830268152,0.8294726326816854,0.003507049900316847,1.6083866738900003,0.6489460214515583,0.43196028804005293,1.867595135593236,0.8215920881807339,0.1631747304673738,0.6073454495301817,9.718937773258448,0.07195752682794652,"{""facebook_spend_alpha"": 0.863145405801288, ""facebook_spend_quantile"": 0.32414069502141984, ""facebook_spend_theta"": 0.08357679700709911, ""ooh_spend_alpha"": 0.8162523241946797, ""ooh_spend_quantile"": 0.1788811155598869, ""ooh_spend_theta"": 0.8831406525755893, ""print_spend_alpha"": 0.675439945413698, ""print_spend_quantile"": 0.22963838830268152, ""print_spend_theta"": 0.8294726326816854, ""ridge_alpha"": 0.003507049900316847, ""search_spend_alpha"": 1.6083866738900003, ""search_spend_quantile"": 0.6489460214515583, ""search_spend_theta"": 0.43196028804005293, ""tv_spend_alpha"": 1.867595135593236, ""tv_spend_quantile"": 0.8215920881807339, ""tv_spend_theta"": 0.1631747304673738}",COMPLETE
39,0.16061925591218798,2026-10-08 20:26:18.251557,2026-10-08 20:26:18.283585,0 days 00:00:00.032028,0.8967529960919531,0.2828256206966817,0.09398524795569013,0.968758105111181,0.24938346952621793,0.8763928721078746,0.5456243581181611,0.32615188289304864,0.8044503896719288,0.0037153024025622524,1.8624791768322568,0.7019369989837347,0.36778819481157227,1.7444309526974024,0.7089793293003201,0.11986381042614137,0.5878967028626327,9.382617434561135,0.07141371689006877,"{""facebook_spend_alpha"": 0.8967529960919531, ""facebook_spend_quantile"": 0.2828256206966817, ""facebook_spend_theta"": 0.09398524795569013, ""ooh_spend_alpha"": 0.968758105111181, ""ooh_spend_quantile"": 0.24938346952621793, ""ooh_spend_theta"": 0.8763928721078746, ""print_spend_alpha"": 0.5456243581181611, ""print_spend_quantile"": 0.32615188289304864, ""print_spend_theta"": 0.8044503896719288, ""ridge_alpha"": 0.0037153024025622524, ""search_spend_alpha"": 1.8624791768322568, ""search_spend_quantile"": 0.7019369989837347, ""search_spend_theta"": 0.36778819481157227, ""tv_spend_alpha"": 1.7444309526974024, ""tv_spend_quantile"": 0.7089793293003201, ""tv_spend_theta"": 0.11986381042614137}",COMPLETE
40,0.15720121435311338,2026-10-08 20:26:18.283585,2026-10-08 20:26:18.313613,0 days 00:00:00.030028,0.6147030283196667,0.3555046679950512,0.3185109587880827,0.5065989578822723,0.32593919770582747,0.7697515126718227,0.6724476564886352,0.20825677570353307,0.7510659897747736,0.032140448411415584,1.6179709151129313,0.5459231479380201,0.389399962278367,1.868235205669933,0.782424841634035,0.1921397325575721,0.6046205640514654,9.722643997498682,0.06955434061957115,"{""facebook_spend_alpha"": 0.6147030283196667, ""facebook_spend_quantile"": 0.3555046679950512, ""facebook_spend_theta"": 0.3185109587880827, ""ooh_spend_alpha"": 0.5065989578822723, ""ooh_spend_quantile"": 0.32593919770582747, ""ooh_spend_theta"": 0.7697515126718227, ""print_spend_alpha"": 0.6724476564886352, ""print_spend_quantile"": 0.20825677570353307, ""print_spend_theta"": 0.7510659897747736, ""ridge_alpha"": 0.032140448411415584, ""search_spend_alpha"": 1.6179709151129313, ""search_spend_quantile"": 0.5459231479380201, ""search_spend_theta"": 0.389399962278367, ""tv_spend_alpha"": 1.868235205669933, ""tv_spend_quantile"": 0.782424841634035, ""tv_spend_theta"": 0.1921397325575721}",COMPLETE
41,0.15831512928455757,2026-10-08 20:26:18.314614,2026-10-08 20:26:18.343641,0 days 00:00:00.029027,0.5440979178833837,0.3474369207358082,0.2912307835105376,0.6776628579113618,0.3885663636222423,0.7316675924073045,0.6558337598945035,0.33510847673159094,0.8328212795644352,0.010404666253770631,1.7087500869801757,0.49546051794197327,0.5639115183487267,1.8327694327728612,0.7655381379731303,0.05427644160730466,0.5922956913461922,9.483549676601431,0.07588274466979993,"{""facebook_spend_alpha"": 0.5440979178833837, ""facebook_spend_quantile"": 0.3474369207358082, ""facebook_spend_theta"": 0.2912307835105376, ""ooh_spend_alpha"": 0.6776628579113618, ""ooh_spend_quantile"": 0.3885663636222423, ""ooh_spend_theta"": 0.7316675924073045, ""print_spend_alpha"": 0.6558337598945035, ""print_spend_quantile"": 0.33510847673159094, ""print_spend_theta"": 0.8328212795644352, ""ridge_alpha"": 0.010404666253770631, ""search_spend_alpha"": 1.7087500869801757, ""search_spend_quantile"": 0.49546051794197327, ""search_spend_theta"": 0.5639115183487267, ""tv_spend_alpha"": 1.8327694327728612, ""tv_spend_quantile"": 0.7655381379731303, ""tv_spend_theta"": 0.05427644160730466}",COMPLETE
42,0.15755435096123652,2026-10-08 20:26:18.343641,2026-10-08 20:26:18.373667,0 days 00:00:00.030026,0.619094508757672,0.31998603286713256,0.3439285564463664,0.7360830096096204,0.2876333025588961,0.7205999536070322,0.7490085616932161,0.20256004560769356,0.7819264494139896,0.03795642558801341,1.6023506542471533,0.4961752834740678,0.5993186178607532,1.8541939644966192,0.816381599522063,0.21252247916923267,0.603555222590369,9.555049317820055,0.06982822320729576,"{""facebook_spend_alpha"": 0.619094508757672, ""facebook_spend_quantile"": 0.31998603286713256, ""facebook_spend_theta"": 0.3439285564463664, ""ooh_spend_alpha"": 0.7360830096096204, ""ooh_spend_quantile"": 0.2876333025588961, ""ooh_spend_theta"": 0.7205999536070322, ""print_spend_alpha"": 0.7490085616932161, ""print_spend_quantile"": 0.20256004560769356, ""print_spend_theta"": 0.7819264494139896, ""ridge_alpha"": 0.03795642558801341, ""search_spend_alpha"": 1.6023506542471533, ""search_spend_quantile"": 0.4961752834740678, ""search_spend_theta"": 0.5993186178607532, ""tv_spend_alpha"": 1.8541939644966192, ""tv_spend_quantile"": 0.816381599522063, ""tv_spend_theta"": 0.21252247916923267}",COMPLETE
43,0.15691242165925362,2026-10-08 20:26:18.374668,2026-10-08 20:26:18.404696,0 days 00:00:00.030028,0.5764444421233401,0.29455059933037997,0.16208754501846176,0.8911488289279731,0.21330468300227118,0.8775480156461711,0.6599447547584157,0.22512504753177415,0.8006496446473017,0.044450667120002736,1.7134405241603525,0.5588389519861054,0.46387135426643855,1.8681333657209562,0.8003101778208505,0.20829378130757947,0.6050126231800378,9.668028000029947,0.06978028672671512,"{""facebook_spend_alpha"": 0.5764444421233401, ""facebook_spend_quantile"": 0.29455059933037997, ""facebook_spend_theta"": 0.16208754501846176, ""ooh_spend_alpha"": 0.8911488289279731, ""ooh_spend_quantile"": 0.21330468300227118, ""ooh_spend_theta"": 0.8775480156461711, ""print_spend_alpha"": 0.6599447547584157, ""print_spend_quantile"": 0.22512504753177415, ""print_spend_theta"": 0.8006496446473017, ""ridge_alpha"": 0.044450667120002736, ""search_spend_alpha"": 1.7134405241603525, ""search_spend_quantile"": 0.5588389519861054, ""search_spend_theta"": 0.46387135426643855, ""tv_spend_alpha"": 1.8681333657209562, ""tv_spend_quantile"": 0.8003101778208505, ""tv_spend_theta"": 0.20829378130757947}",COMPLETE
44,0.1571186154827835,2026-10-08 20:26:18.404696,2026-10-08 20:26:18.434723,0 days 00:00:00.030027,0.6430870946825813,0.30538447370114646,0.29636087620797336,0.7333847350365633,0.31917308354598495,0.8518746756692515,0.7227619426228785,0.2117460695545592,0.8489521202473047,0.09009219076486222,1.6217931550167273,0.5858182797013617,0.3075140921136176,1.9969321653983891,0.8069851515205264,0.24232633475792886,0.6062361017063485,9.608101881425545,0.06857252496836277,"{""facebook_spend_alpha"": 0.6430870946825813, ""facebook_spend_quantile"": 0.30538447370114646, ""facebook_spend_theta"": 0.29636087620797336, ""ooh_spend_alpha"": 0.7333847350365633, ""ooh_spend_quantile"": 0.31917308354598495, ""ooh_spend_theta"": 0.8518746756692515, ""print_spend_alpha"": 0.7227619426228785, ""print_spend_quantile"": 0.2117460695545592, ""print_spend_theta"": 0.8489521202473047, ""ridge_alpha"": 0.09009219076486222, ""search_spend_alpha"": 1.6217931550167273, ""search_spend_quantile"": 0.5858182797013617, ""search_spend_theta"": 0.3075140921136176, ""tv_spend_alpha"": 1.9969321653983891, ""tv_spend_quantile"": 0.8069851515205264, ""tv_spend_theta"": 0.24232633475792886}",COMPLETE
45,0.16380744969831143,2026-10-08 20:26:18.434723,2026-10-08 20:26:18.464751,0 days 00:00:00.030028,0.6675702689161914,0.297134276022635,0.18538932157890953,1.0155020546987352,0.2187027880139881,0.8921498847726052,0.5647654384530882,0.32473086377850946,0.8711605491126777,0.0013945666502968327,1.8256864501708074,0.5468273337699752,0.5498547646692924,1.8940465131238773,0.664951284615456,0.26811118993628663,0.581614164558547,10.022356546528576,0.06558077862159209,"{""facebook_spend_alpha"": 0.6675702689161914, ""facebook_spend_quantile"": 0.297134276022635, ""facebook_spend_theta"": 0.18538932157890953, ""ooh_spend_alpha"": 1.0155020546987352, ""ooh_spend_quantile"": 0.2187027880139881, ""ooh_spend_theta"": 0.8921498847726052, ""print_spend_alpha"": 0.5647654384530882, ""print_spend_quantile"": 0.32473086377850946, ""print_spend_theta"": 0.8711605491126777, ""ridge_alpha"": 0.0013945666502968327, ""search_spend_alpha"": 1.8256864501708074, ""search_spend_quantile"": 0.5468273337699752, ""search_spend_theta"": 0.5498547646692924, ""tv_spend_alpha"": 1.8940465131238773, ""tv_spend_quantile"": 0.664951284615456, ""tv_spend_theta"": 0.26811118993628663}",COMPLETE
46,0.15693191977404786,2026-10-08 20:26:18.464751,2026-10-08 20:26:18.494777,0 days 00:00:00.030026,0.7042326662174319,0.3311393739717085,0.16235684110945392,0.8452487777607801,0.1534300582967702,0.7233200039819385,0.6583386251206538,0.16353361995440302,0.856245801073858,0.025079703881567352,1.6180557190786842,0.5574081975941633,0.5174283518410313,1.6176648713030397,0.7923663461935966,0.1382435480465496,0.6013348990580801,9.52600091221134,0.07304971081722385,"{""facebook_spend_alpha"": 0.7042326662174319, ""facebook_spend_quantile"": 0.3311393739717085, ""facebook_spend_theta"": 0.16235684110945392, ""ooh_spend_alpha"": 0.8452487777607801, ""ooh_spend_quantile"": 0.1534300582967702, ""ooh_spend_theta"": 0.7233200039819385, ""print_spend_alpha"": 0.6583386251206538, ""print_spend_quantile"": 0.16353361995440302, ""print_spend_theta"": 0.856245801073858, ""ridge_alpha"": 0.025079703881567352, ""search_spend_alpha"": 1.6180557190786842, ""search_spend_quantile"": 0.5574081975941633, ""search_spend_theta"": 0.5174283518410313, ""tv_spend_alpha"": 1.6176648713030397, ""tv_spend_quantile"": 0.7923663461935966, ""tv_spend_theta"": 0.1382435480465496}",COMPLETE
