number,value,datetime_start,datetime_complete,duration,params_facebook_spend_alpha,params_facebook_spend_quantile,params_facebook_spend_theta,params_ooh_spend_alpha,params_ooh_spend_quantile,params_ooh_spend_theta,params_print_spend_alpha,params_print_spend_quantile,params_print_spend_theta,params_ridge_alpha,params_search_spend_alpha,params_search_spend_quantile,params_search_spend_theta,params_tv_spend_alpha,params_tv_spend_quantile,params_tv_spend_theta,user_attrs_mean_r2,user_attrs_mean_wmape_pct,user_attrs_std_nrmse,system_attrs_tpe:relative_params:0,state
0,0.17280364062521059,2026-10-08 20:26:16.889442,2026-10-08 20:26:17.006170,0 days 00:00:00.116728,1.9548647782429915,0.7327098485602952,0.018526044866222204,0.7339917805043039,0.19065852851773962,0.14041677639819286,1.4016725176148133,0.6456508044572318,0.7795585311974417,0.0745934328572655,0.7727374508106509,0.27838315689740367,0.19110519961044856,1.5979909127171077,0.5690609389379256,0.8556428757689246,0.5428346074227947,11.233224825748088,0.0659084397539404,,COMPLETE
1,0.17087376565013299,2026-10-08 20:26:17.007171,2026-10-08 20:26:17.035196,0 days 00:00:00.028025,1.2713516576204174,0.5646901982034297,0.17970640394252377,0.7092407909780627,0.3545012539746527,0.5506676052501416,1.1841049763255538,0.6996231729751095,0.32972565896432254,0.033205591037519584,1.4113172778521577,0.2693668865811041,0.04180537144799795,1.1479175279631737,0.35386039813862935,0.47228078846901406,0.5564000679471914,10.69378720712306,0.06398631758802642,,COMPLETE
2,0.1719367960644981,2026-10-08 20:26:17.035196,2026-10-08 20:26:17.065224,0 days 00:00:00.030028,1.8639806031181732,0.33114598712001186,0.030949669003696556,0.6465081710095758,0.6289631185585098,0.2741523922560336,0.6830573522671682,0.49662383707788915,0.3961372443656412,0.0021147447960615704,0.9675666141341164,0.5140476148244676,0.5962700559185838,1.948448049611839,0.7158781436815228,0.8539969835279999,0.554856088524818,10.501452280317677,0.06203585697962315,,COMPLETE
3,0.16414118711541092,2026-10-08 20:26:17.065224,2026-10-08 20:26:17.094250,0 days 00:00:00.029026,0.9879954961448965,0.42207410278263735,0.04070456001948426,1.8422410256414732,0.5685299851677595,0.8455490474077703,0.6327387530778792,0.2871880036934016,0.8296868115208051,0.5414413211338525,1.743106263727894,0.3997273286855125,0.24421412859650632,1.9543769416468377,0.6925929763527802,0.16636900997297435,0.5762202597092633,9.948219078510427,0.0696937715743602,,COMPLETE
4,0.1653290634714781,2026-10-08 20:26:17.095251,2026-10-08 20:26:17.131283,0 days 00:00:00.036032,1.5935107520614809,0.689889242680162,0.6361716094628554,1.980330404900776,0.6905713385076602,0.06709557931179375,0.5082831756854036,0.7208229999183839,0.17884411338075518,0.02539057572102413,1.0376985928164089,0.23110834166759078,0.06664018656068132,0.711386337462144,0.7115378865278278,0.48842647484242363,0.5864985555298268,10.631809130578162,0.05850824764513042,,COMPLETE
5,0.1741601661163892,2026-10-08 20:26:17.131283,2026-10-08 20:26:17.160310,0 days 00:00:00.029027,1.5698671808344926,0.6825495340318282,0.10763482134447154,0.9877749830401206,0.6607243248366449,0.279884089544096,1.8308191138644898,0.4805504476133645,0.5738017242196918,20.67840939783948,1.6564507699318414,0.49565691745507345,0.5051494778125466,0.9963470372789738,0.19449084520021653,0.5609683141448022,0.5307917472262412,12.597354422589902,0.06467892147312164,,COMPLETE
6,0.17050414749029197,2026-10-08 20:26:17.160310,2026-10-08 20:26:17.190336,0 days 00:00:00.030026,1.633326707814573,0.3101587158441357,0.36934463073206675,1.4546156168956705,0.3700491867534287,0.028286267118060825,1.8613497108891395,0.32450456040421244,0.4577136220482325,0.4108318894699929,0.934627179370652,0.26285490107780307,0.0692819188459137,0.5381286901161428,0.2255239988953131,0.3847869165226947,0.569382324589459,10.873738016567522,0.05396979413573604,,COMPLETE
7,0.17230439860448832,2026-10-08 20:26:17.191337,2026-10-08 20:26:17.216361,0 days 00:00:00.025024,0.6650778867915151,0.30955461377935917,0.2862031274746775,0.7798550883290538,0.7747912989429844,0.723304869209203,1.7111602327460937,0.7772639099464452,0.48540801772408565,44.51314315649209,1.7270221488837396,0.7525114082794404,0.38439700976363067,1.4501056347656351,0.7600224131314024,0.7273083416079753,0.5447004837763076,13.142514346579345,0.06203894151806866,,COMPLETE
8,0.16933522578498883,2026-10-08 20:26:17.217361,2026-10-08 20:26:17.249081,0 days 00:00:00.031720,1.957673124081441,0.8237131064594778,0.3272666421413646,1.006422757105442,0.8100367927387634,0.10787883060031453,1.278185932615049,0.6421132712266244,0.2908826388186797,0.0010833297073737749,1.245872758838578,0.36061481687173874,0.22660406624282775,1.1261165047231685,0.30547546732951114,0.4596725723198092,0.561547810326116,11.08256535813482,0.06455186149552836,,COMPLETE
9,0.1701274983539529,2026-10-08 20:26:17.250027,2026-10-08 20:26:17.291683,0 days 00:00:00.041656,0.8630829072672506,0.6204948831841149,0.8870854086995407,0.9179696963549171,0.7857861201766576,0.04633087612499042,0.7173423081368346,0.49261693219429403,0.21560570160027517,0.026558434508499887,0.8564563159885995,0.6597514440283017,0.6854576537958459,1.4143465009698453,0.501875316260203,0.033198252619079514,0.5575573887180326,10.828276356338877,0.0636362161320345,,COMPLETE
10,0.16986482235185488,2026-10-08 20:26:17.292683,2026-10-08 20:26:17.330718,0 days 00:00:00.038035,0.5248817433917843,0.5084651408094967,0.6098079256580542,1.752953743383857,0.3745460454802151,0.08126079304896748,0.5611627123321459,0.5636250602317693,0.1678666593598688,0.0690105777981331,1.4677591856141747,0.272056500303494,0.20384619767814416,1.450294566141342,0.5250422788523309,0.5690752475342216,0.5701228555719956,11.086012920547716,0.055350096607518044,,COMPLETE
11,0.17252874928144527,2026-10-08 20:26:17.331719,2026-10-08 20:26:17.366751,0 days 00:00:00.035032,1.3328012173991934,0.5207554048492045,0.7354999801810943,0.6702102818608836,0.7972855327949939,0.3069597159452327,0.8869124415727334,0.6119888322239253,0.789605418042883,2.8489753426125652,0.6396541517088488,0.7780510305673287,0.21766706181040651,1.9050949831051018,0.24626466090219526,0.34806181167048367,0.5580509463401953,11.189753420390737,0.05475579837448769,,COMPLETE
12,0.17716048941902707,2026-10-08 20:26:17.366751,2026-10-08 20:26:17.395777,0 days 00:00:00.029026,1.847831282790619,0.5745003417617129,0.1454658426851524,1.8456653899288655,0.7709604969855821,0.6533601109832154,1.4630474692314317,0.20889797549653416,0.7018879912718615,31.77534582118829,0.6522073142990481,0.614451238375639,0.008277346454966684,1.008544686573051,0.3944467022288626,0.5697913115459412,0.527535005820117,13.1537544487346,0.05731805440172818,,COMPLETE
13,0.16498084995026105,2026-10-08 20:26:17.396778,2026-10-08 20:26:17.427806,0 days 00:00:00.031028,1.7738351157412668,0.6103290246102403,0.5846696091424932,0.8364039641908396,0.6485254549432751,0.5867651335523405,0.9880995472389016,0.6725439835826169,0.21352417874712007,0.0010600050132100265,0.6405121517421387,0.40740106214160343,0.5114777430019245,1.3231006840498791,0.6343266383848852,0.1447272462757488,0.5697790312848267,10.428343593650283,0.07107247156705046,,COMPLETE
14,0.17539701287755236,2026-10-08 20:26:17.427806,2026-10-08 20:26:17.453830,0 days 00:00:00.026024,1.583678172892258,0.34654065370859904,0.17571868901824006,1.4467079389958943,0.7063679124791539,0.802841899659402,1.3653558269395387,0.49476238567320474,0.4523733837946729,0.021184188803214595,1.4682084438607517,0.27397747558493424,0.021884369788308457,1.9595158321286683,0.4251684072667322,0.2195906790411752,0.5353017171870821,10.6555825985105,0.06507827657212151,,COMPLETE
15,0.18322660768552124,2026-10-08 20:26:17.454831,2026-10-08 20:26:17.495869,0 days 00:00:00.041038,1.0776465929028878,0.7457956700617998,0.26500400286262715,1.8924778438815881,0.44972890382212005,0.013910954875980685,1.9454299656338794,0.747106618827152,0.8699893371393026,50.38403230651898,0.7542391200291387,0.5397608837208451,0.2852298046406499,1.8722965853306728,0.4091110901788111,0.8585357193023286,0.4910270519531254,14.371265456694369,0.062322781477455735,,COMPLETE
16,0.18223592798838364,2026-10-08 20:26:17.496869,2026-10-08 20:26:17.526896,0 days 00:00:00.030027,1.5537261259806638,0.40164380585382864,0.6273141668957412,1.985080775156395,0.24805881066556681,0.5535065040292528,1.816059607891933,0.6685380324279431,0.4664966871273631,47.94837252202713,1.7140417332177704,0.7170793762754265,0.26423265983804406,1.3550917551340476,0.21802354563953796,0.6264268170074757,0.504022092961465,13.773630827021904,0.05681857634077797,,COMPLETE
17,0.17357201179117335,2026-10-08 20:26:17.527897,2026-10-08 20:26:17.551918,0 days 00:00:00.024021,0.6409729097613035,0.5547960986973217,0.3380246573759496,1.4749458961666477,0.6413768140803923,0.7184656610700977,1.8350080127263495,0.386596609796075,0.716213402492491,21.64519949586212,1.1983970271986903,0.5298512442953036,0.03234804641706788,1.2670135982914066,0.5010614062810397,0.8219164973008242,0.5453242683778514,12.179807602061823,0.05851014696648625,,COMPLETE
18,0.17265419569401008,2026-10-08 20:26:17.552920,2026-10-08 20:26:17.581946,0 days 00:00:00.029026,0.628021197490652,0.18617720481802538,0.5606014282371002,1.0402859621168943,0.23894235885631934,0.7403405045936925,1.6549903296479163,0.30107471924779017,0.47001893404932393,0.02708359186801681,1.3109526824151598,0.5962009310487445,0.4782191684113332,0.5457503749085741,0.1761437321244501,0.5317499345121097,0.5518599982004768,9.849336194078857,0.060710954931223075,,COMPLETE
19,0.17126545229568998,2026-10-08 20:26:17.582947,2026-10-08 20:26:17.614976,0 days 00:00:00.032029,1.5439613091405469,0.4362670610899889,0.7523821084609853,0.9062483768931113,0.4572799944939453,0.7156675752918333,0.5380261151231862,0.8238538902745475,0.07061074320803937,4.270283109049074,0.734655564006629,0.3251700287152167,0.15596488806376121,1.274450522451793,0.37606953105887214,0.8782668715162811,0.5586196892606913,10.856539030174552,0.0585259047853474,,COMPLETE
20,0.16044369382509313,2026-10-08 20:26:17.615977,2026-10-08 20:26:17.649007,0 days 00:00:00.033030,0.6405744053109583,0.3352302072538701,0.21245741263985102,0.6963806272639153,0.4891130216649121,0.8093666484267267,0.5705072755529824,0.15535362055886023,0.6367498201834463,0.05786405538056331,1.5494258148269904,0.42821743818152486,0.4505656915526455,1.685239519978056,0.7179048046496642,0.20033020269453777,0.5935682753829803,9.646748711696075,0.06817249675393389,"{""facebook_spend_alpha"": 0.6405744053109583, ""facebook_spend_quantile"": 0.3352302072538701, ""facebook_spend_theta"": 0.21245741263985102, ""ooh_spend_alpha"": 0.6963806272639153, ""ooh_spend_quantile"": 0.4891130216649121, ""ooh_spend_theta"": 0.8093666484267267, ""print_spend_alpha"": 0.5705072755529824, ""print_spend_quantile"": 0.15535362055886023, ""print_spend_theta"": 0.6367498201834463, ""ridge_alpha"": 0.05786405538056331, ""search_spend_alpha"": 1.5494258148269904, ""search_spend_quantile"": 0.42821743818152486, ""search_spend_theta"": 0.4505656915526455, ""tv_spend_alpha"": 1.685239519978056, ""tv_spend_quantile"": 0.7179048046496642, ""tv_spend_theta"": 0.20033020269453777}",COMPLETE
21,0.16331888761159197,2026-10-08 20:26:17.649007,2026-10-08 20:26:17.678033,0 days 00:00:00.029026,0.9416667139144875,0.43846171008864154,0.0332938366231568,0.864606128364199,0.5911485309689581,0.807667154666318,0.72711193615113,0.18759245061204055,0.6812730184839211,0.06168870241943094,1.9560122601529581,0.374923146858834,0.23686469346971822,1.2103698666184788,0.7754987590145535,0.31442849882640955,0.5868715783123609,10.181883719342794,0.0647612355450008,"{""facebook_spend_alpha"": 0.9416667139144875, ""facebook_spend_quantile"": 0.43846171008864154, ""facebook_spend_theta"": 0.0332938366231568, ""ooh_spend_alpha"": 0.864606128364199, ""ooh_spend_quantile"": 0.5911485309689581, ""ooh_spend_theta"": 0.807667154666318, ""print_spend_alpha"": 0.72711193615113, ""print_spend_quantile"": 0.18759245061204055, ""print_spend_theta"": 0.6812730184839211, ""ridge_alpha"": 0.06168870241943094, ""search_spend_alpha"": 1.9560122601529581, ""search_spend_quantile"": 0.374923146858834, ""search_spend_theta"": 0.23686469346971822, ""tv_spend_alpha"": 1.2103698666184788, ""tv_spend_quantile"": 0.7754987590145535, ""tv_spend_theta"": 0.31442849882640955}",COMPLETE
22,0.17055375827976635,2026-10-08 20:26:17.678033,2026-10-08 20:26:17.707059,0 days 00:00:00.029026,0.9700337848741292,0.49238641047787357,0.07643605880432998,1.717503548192448,0.47352801971315106,0.7593689002125392,0.6784373402503941,0.18883888686316572,0.6718027780169852,0.04416867073121726,1.9962556342526927,0.28730552595268233,0.4355078777037945,1.606249922543443,0.5709876681853017,0.22146640974719944,0.5525800038115015,10.745197472811197,0.06734046098217596,"{""facebook_spend_alpha"": 0.9700337848741292, ""facebook_spend_quantile"": 0.49238641047787357, ""facebook_spend_theta"": 0.07643605880432998, ""ooh_spend_alpha"": 1.717503548192448, ""ooh_spend_quantile"": 0.47352801971315106, ""ooh_spend_theta"": 0.7593689002125392, ""print_spend_alpha"": 0.6784373402503941, ""print_spend_quantile"": 0.18883888686316572, ""print_spend_theta"": 0.6718027780169852, ""ridge_alpha"": 0.04416867073121726, ""search_spend_alpha"": 1.9962556342526927, ""search_spend_quantile"": 0.28730552595268233, ""search_spend_theta"": 0.4355078777037945, ""tv_spend_alpha"": 1.606249922543443, ""tv_spend_quantile"": 0.5709876681853017, ""tv_spend_theta"": 0.22146640974719944}",COMPLETE
23,0.16437984233186995,2026-10-08 20:26:17.707059,2026-10-08 20:26:17.740090,0 days 00:00:00.033031,0.8191475763662456,0.509649332916678,0.21686698641507793,1.1031586468053427,0.43214526731848873,0.7213838514197618,0.5421621284457161,0.31632098086290183,0.7167950706997789,0.032323592442397076,1.900825465257194,0.30624140230825103,0.2216885767605126,1.1060859296273733,0.7270842531293232,0.30191252289985554,0.5828312407431894,10.156842583975418,0.0651026879969461,"{""facebook_spend_alpha"": 0.8191475763662456, ""facebook_spend_quantile"": 0.509649332916678, ""facebook_spend_theta"": 0.21686698641507793, ""ooh_spend_alpha"": 1.1031586468053427, ""ooh_spend_quantile"": 0.43214526731848873, ""ooh_spend_theta"": 0.7213838514197618, ""print_spend_alpha"": 0.5421621284457161, ""print_spend_quantile"": 0.31632098086290183, ""print_spend_theta"": 0.7167950706997789, ""ridge_alpha"": 0.032323592442397076, ""search_spend_alpha"": 1.900825465257194, ""search_spend_quantile"": 0.30624140230825103, ""search_spend_theta"": 0.2216885767605126, ""tv_spend_alpha"": 1.1060859296273733, ""tv_spend_quantile"": 0.7270842531293232, ""tv_spend_theta"": 0.30191252289985554}",COMPLETE
24,0.16338706005517564,2026-10-08 20:26:17.740090,2026-10-08 20:26:17.774121,0 days 00:00:00.034031,0.9697332758743595,0.5535549151485244,0.05782680604590902,1.5534981853664749,0.6785521691332992,0.8547517554388715,0.6538335854601712,0.5583391149446193,0.8441262758676527,0.6717955932611858,1.8428536817211472,0.35668698322861325,0.10386537585296518,1.9288641682425804,0.7177428847987934,0.27316296502680437,0.5798889669284338,10.628703217192752,0.06810288531983409,"{""facebook_spend_alpha"": 0.9697332758743595, ""facebook_spend_quantile"": 0.5535549151485244, ""facebook_spend_theta"": 0.05782680604590902, ""ooh_spend_alpha"": 1.5534981853664749, ""ooh_spend_quantile"": 0.6785521691332992, ""ooh_spend_theta"": 0.8547517554388715, ""print_spend_alpha"": 0.6538335854601712, ""print_spend_quantile"": 0.5583391149446193, ""print_spend_theta"": 0.8441262758676527, ""ridge_alpha"": 0.6717955932611858, ""search_spend_alpha"": 1.8428536817211472, ""search_spend_quantile"": 0.35668698322861325, ""search_spend_theta"": 0.10386537585296518, ""tv_spend_alpha"": 1.9288641682425804, ""tv_spend_quantile"": 0.7177428847987934, ""tv_spend_theta"": 0.27316296502680437}",COMPLETE
25,0.16439395676555105,2026-10-08 20:26:17.775121,2026-10-08 20:26:17.802146,0 days 00:00:00.027025,1.0575550065803556,0.39622205192786214,0.24146885490035144,1.0305754515913566,0.4270194427449344,0.7582530556004835,0.62648510344157,0.15627025597403568,0.6758823731788642,0.010345372546131949,1.66955997615825,0.3866871088631374,0.40996859307120614,1.6100660454015265,0.6735196104656678,0.14673070830167553,0.5751908988662667,9.991170866200667,0.07007592128964538,"{""facebook_spend_alpha"": 1.0575550065803556, ""facebook_spend_quantile"": 0.39622205192786214, ""facebook_spend_theta"": 0.24146885490035144, ""ooh_spend_alpha"": 1.0305754515913566, ""ooh_spend_quantile"": 0.4270194427449344, ""ooh_spend_theta"": 0.7582530556004835, ""print_spend_alpha"": 0.62648510344157, ""print_spend_quantile"": 0.15627025597403568, ""print_spend_theta"": 0.6758823731788642, ""ridge_alpha"": 0.010345372546131949, ""search_spend_alpha"": 1.66955997615825, ""search_spend_quantile"": 0.3866871088631374, ""search_spend_theta"": 0.40996859307120614, ""tv_spend_alpha"": 1.6100660454015265, ""tv_spend_quantile"": 0.6735196104656678, ""tv_spend_theta"": 0.14673070830167553}",COMPLETE
26,0.16550655199754405,2026-10-08 20:26:17.803147,2026-10-08 20:26:17.834174,0 days 00:00:00.031027,1.0556408057348294,0.5330353519524558,0.23501745840016874,1.7318498656769818,0.686010495578272,0.8200894621473159,0.5025985722676813,0.7202881669842119,0.6698055819460125,3.5450905623951785,1.5596429873256774,0.28790303820930563,0.016384245666371505,1.906719168445165,0.6303465625697219,0.31508371517096634,0.5779322113056536,11.18061428671765,0.06237194433380642,"{""facebook_spend_alpha"": 1.0556408057348294, ""facebook_spend_quantile"": 0.5330353519524558, ""facebook_spend_theta"": 0.23501745840016874, ""ooh_spend_alpha"": 1.7318498656769818, ""ooh_spend_quantile"": 0.686010495578272, ""ooh_spend_theta"": 0.8200894621473159, ""print_spend_alpha"": 0.5025985722676813, ""print_spend_quantile"": 0.7202881669842119, ""print_spend_theta"": 0.6698055819460125, ""ridge_alpha"": 3.5450905623951785, ""search_spend_alpha"": 1.5596429873256774, ""search_spend_quantile"": 0.28790303820930563, ""search_spend_theta"": 0.016384245666371505, ""tv_spend_alpha"": 1.906719168445165, ""tv_spend_quantile"": 0.6303465625697219, ""tv_spend_theta"": 0.31508371517096634}",COMPLETE
27,0.16351626658422383,2026-10-08 20:26:17.834174,2026-10-08 20:26:17.870207,0 days 00:00:00.036033,0.5395858730605501,0.26100595149318045,0.307516916109993,0.9208948401373763,0.743989917196868,0.778925301881292,0.809925013817317,0.24269181311835894,0.7907869873651878,0.04471045840168842,1.495383074489876,0.49113036721262937,0.31868001228795084,1.540738368970803,0.7555228205189424,0.31432281262139483,0.5852980883011253,9.651321939536183,0.06514975781739421,"{""facebook_spend_alpha"": 0.5395858730605501, ""facebook_spend_quantile"": 0.26100595149318045, ""facebook_spend_theta"": 0.307516916109993, ""ooh_spend_alpha"": 0.9208948401373763, ""ooh_spend_quantile"": 0.743989917196868, ""ooh_spend_theta"": 0.778925301881292, ""print_spend_alpha"": 0.809925013817317, ""print_spend_quantile"": 0.24269181311835894, ""print_spend_theta"": 0.7907869873651878, ""ridge_alpha"": 0.04471045840168842, ""search_spend_alpha"": 1.495383074489876, ""search_spend_quantile"": 0.49113036721262937, ""search_spend_theta"": 0.31868001228795084, ""tv_spend_alpha"": 1.540738368970803, ""tv_spend_quantile"": 0.7555228205189424, ""tv_spend_theta"": 0.31432281262139483}",COMPLETE
28,0.15688414372600587,2026-10-08 20:26:17.870207,2026-10-08 20:26:17.904238,0 days 00:00:00.034031,0.6849179403905561,0.4093032378596063,0.2422152513575991,0.6172337622211669,0.3108279616270103,0.7772284183582012,0.5242466516440064,0.29762488645985685,0.8032332984749313,0.05447030897916644,1.2317411620492469,0.5822069797162082,0.4917471727366765,1.8449302660607567,0.8130161965269571,0.20610795010450414,0.6057401722733315,9.762344123049528,0.06987909794861544,"{""facebook_spend_alpha"": 0.6849179403905561, ""facebook_spend_quantile"": 0.4093032378596063, ""facebook_spend_theta"": 0.2422152513575991, ""ooh_spend_alpha"": 0.6172337622211669, ""ooh_spend_quantile"": 0.3108279616270103, ""ooh_spend_theta"": 0.7772284183582012, ""print_spend_alpha"": 0.5242466516440064, ""print_spend_quantile"": 0.29762488645985685, ""print_spend_theta"": 0.8032332984749313, ""ridge_alpha"": 0.05447030897916644, ""search_spend_alpha"": 1.2317411620492469, ""search_spend_quantile"": 0.5822069797162082, ""search_spend_theta"": 0.4917471727366765, ""tv_spend_alpha"": 1.8449302660607567, ""tv_spend_quantile"": 0.8130161965269571, ""tv_spend_theta"": 0.20610795010450414}",COMPLETE
