number,value,datetime_start,datetime_complete,duration,params_colsample_bytree,params_gamma,params_learning_rate,params_max_depth,params_min_child_weight,params_n_estimators,params_reg_alpha,params_reg_lambda,params_subsample,user_attrs_mean_r2,user_attrs_mean_wmape_pct,user_attrs_std_nrmse,system_attrs_tpe:relative_params:0,state
83,0.16667483547619324,2026-10-08 20:28:53.637090,2026-10-08 20:28:53.708154,0 days 00:00:00.071064,0.9961451636789164,3.4716673528627737,0.08641371278516465,1,3,91,0.004200889047781817,0.10780182367283747,0.9288021196350301,0.5721703256699956,11.359883165159438,0.06518039664055005,"{""colsample_bytree"": 0.9961451636789164, ""gamma"": 3.4716673528627737, ""learning_rate"": 0.08641371278516465, ""max_depth"": 1, ""min_child_weight"": 3, ""n_estimators"": 91, ""reg_alpha"": 0.004200889047781817, ""reg_lambda"": 0.10780182367283747, ""subsample"": 0.9288021196350301}",COMPLETE
84,0.16924090623702104,2026-10-08 20:28:53.708154,2026-10-08 20:28:53.783222,0 days 00:00:00.075068,0.9971175588396031,3.256101445454978,0.09341323387721061,1,4,114,0.004515665469508378,0.10920371677431784,0.924387913946385,0.5596334948467067,11.389651030672402,0.06559095443137884,"{""colsample_bytree"": 0.9971175588396031, ""gamma"": 3.256101445454978, ""learning_rate"": 0.09341323387721061, ""max_depth"": 1, ""min_child_weight"": 4, ""n_estimators"": 114, ""reg_alpha"": 0.004515665469508378, ""reg_lambda"": 0.10920371677431784, ""subsample"": 0.924387913946385}",COMPLETE
85,0.17245182029237768,2026-10-08 20:28:53.783222,2026-10-08 20:28:53.847279,0 days 00:00:00.064057,0.9918005498514714,3.459935975306541,0.1398011381050125,1,4,64,0.0020940563403246625,0.11295354588149904,0.9491813699181141,0.544048712312757,11.428325136983347,0.06918298630572514,"{""colsample_bytree"": 0.9918005498514714, ""gamma"": 3.459935975306541, ""learning_rate"": 0.1398011381050125, ""max_depth"": 1, ""min_child_weight"": 4, ""n_estimators"": 64, ""reg_alpha"": 0.0020940563403246625, ""reg_lambda"": 0.11295354588149904, ""subsample"": 0.9491813699181141}",COMPLETE
86,0.16448188698513855,2026-10-08 20:28:53.847279,2026-10-08 20:28:53.926351,0 days 00:00:00.079072,0.9890405901142807,3.5715986573743495,0.05864923134369289,1,3,94,0.003256381193455475,0.16781584812746084,0.8554605889332657,0.5775438017942124,11.285279966020601,0.06886007407790118,"{""colsample_bytree"": 0.9890405901142807, ""gamma"": 3.5715986573743495, ""learning_rate"": 0.05864923134369289, ""max_depth"": 1, ""min_child_weight"": 3, ""n_estimators"": 94, ""reg_alpha"": 0.003256381193455475, ""reg_lambda"": 0.16781584812746084, ""subsample"": 0.8554605889332657}",COMPLETE
87,0.1701604047071594,2026-10-08 20:28:53.926351,2026-10-08 20:28:53.987407,0 days 00:00:00.061056,0.9615420384313724,3.7688813246224613,0.07395314872948572,1,4,58,0.0009292953083339081,0.11849703905523215,0.8934639452681905,0.5533924180153712,11.782550222733954,0.07062433822058745,"{""colsample_bytree"": 0.9615420384313724, ""gamma"": 3.7688813246224613, ""learning_rate"": 0.07395314872948572, ""max_depth"": 1, ""min_child_weight"": 4, ""n_estimators"": 58, ""reg_alpha"": 0.0009292953083339081, ""reg_lambda"": 0.11849703905523215, ""subsample"": 0.8934639452681905}",COMPLETE
88,0.16909434295176204,2026-10-08 20:28:53.987407,2026-10-08 20:28:54.064477,0 days 00:00:00.077070,0.9565187411928067,3.245258853934086,0.07937329532793178,1,4,100,0.003590823197418207,0.1891417953359268,0.939118987229507,0.5614475370365358,11.354214501966831,0.06520225590973357,"{""colsample_bytree"": 0.9565187411928067, ""gamma"": 3.245258853934086, ""learning_rate"": 0.07937329532793178, ""max_depth"": 1, ""min_child_weight"": 4, ""n_estimators"": 100, ""reg_alpha"": 0.003590823197418207, ""reg_lambda"": 0.1891417953359268, ""subsample"": 0.939118987229507}",COMPLETE
89,0.17098658461194294,2026-10-08 20:28:54.064477,2026-10-08 20:28:54.135541,0 days 00:00:00.071064,0.9841820623803385,3.6557812474304563,0.05039976692458314,1,4,90,0.003473464314345346,0.21506452421554223,0.8751429182757274,0.546186915256841,11.875316296934932,0.07300741912691393,"{""colsample_bytree"": 0.9841820623803385, ""gamma"": 3.6557812474304563, ""learning_rate"": 0.05039976692458314, ""max_depth"": 1, ""min_child_weight"": 4, ""n_estimators"": 90, ""reg_alpha"": 0.003473464314345346, ""reg_lambda"": 0.21506452421554223, ""subsample"": 0.8751429182757274}",COMPLETE
90,0.16743820187084724,2026-10-08 20:28:54.135541,2026-10-08 20:28:54.203604,0 days 00:00:00.068063,0.9641698369848278,3.348743815341992,0.0596198712834315,1,3,81,0.003444723718610921,0.27339244051441436,0.9101566347042901,0.5611112142611835,11.575713755834073,0.07236477901726704,"{""colsample_bytree"": 0.9641698369848278, ""gamma"": 3.348743815341992, ""learning_rate"": 0.0596198712834315, ""max_depth"": 1, ""min_child_weight"": 3, ""n_estimators"": 81, ""reg_alpha"": 0.003444723718610921, ""reg_lambda"": 0.27339244051441436, ""subsample"": 0.9101566347042901}",COMPLETE
91,0.17069240653606135,2026-10-08 20:28:54.203604,2026-10-08 20:28:54.281674,0 days 00:00:00.078070,0.980250743082952,3.2533494385865294,0.056122707211528365,1,4,80,0.003318764824338597,0.2978264158758175,0.8491768330229773,0.5473608852569908,11.849118164109575,0.07334994818633031,"{""colsample_bytree"": 0.980250743082952, ""gamma"": 3.2533494385865294, ""learning_rate"": 0.056122707211528365, ""max_depth"": 1, ""min_child_weight"": 4, ""n_estimators"": 80, ""reg_alpha"": 0.003318764824338597, ""reg_lambda"": 0.2978264158758175, ""subsample"": 0.8491768330229773}",COMPLETE
92,0.16865999423891528,2026-10-08 20:28:54.281674,2026-10-08 20:28:54.361747,0 days 00:00:00.080073,0.9660564028273414,3.5593735522142205,0.10475312036458403,1,3,99,0.0016959230411742418,0.21212814931215734,0.9446521550133643,0.5638389497196671,11.499826294736877,0.06403119485568905,"{""colsample_bytree"": 0.9660564028273414, ""gamma"": 3.5593735522142205, ""learning_rate"": 0.10475312036458403, ""max_depth"": 1, ""min_child_weight"": 3, ""n_estimators"": 99, ""reg_alpha"": 0.0016959230411742418, ""reg_lambda"": 0.21212814931215734, ""subsample"": 0.9446521550133643}",COMPLETE
93,0.1711138161506891,2026-10-08 20:28:54.361747,2026-10-08 20:28:54.434812,0 days 00:00:00.073065,0.9952713214237218,3.606877248936823,0.058487377600586754,1,4,74,0.0071012572775789725,0.16097006309746192,0.8919905838120976,0.5467668174968426,11.860549753299834,0.07182920509891476,"{""colsample_bytree"": 0.9952713214237218, ""gamma"": 3.606877248936823, ""learning_rate"": 0.058487377600586754, ""max_depth"": 1, ""min_child_weight"": 4, ""n_estimators"": 74, ""reg_alpha"": 0.0071012572775789725, ""reg_lambda"": 0.16097006309746192, ""subsample"": 0.8919905838120976}",COMPLETE
94,0.1682520529591125,2026-10-08 20:28:54.434812,2026-10-08 20:28:54.550918,0 days 00:00:00.116106,0.972392318004287,3.616336981958514,0.04863821131419962,1,3,114,0.0036766664466027998,0.10799776862614704,0.8953545419360244,0.5629390163735618,11.398157247678958,0.06775573694456827,"{""colsample_bytree"": 0.972392318004287, ""gamma"": 3.616336981958514, ""learning_rate"": 0.04863821131419962, ""max_depth"": 1, ""min_child_weight"": 3, ""n_estimators"": 114, ""reg_alpha"": 0.0036766664466027998, ""reg_lambda"": 0.10799776862614704, ""subsample"": 0.8953545419360244}",COMPLETE
95,0.17128401730699402,2026-10-08 20:28:54.550918,2026-10-08 20:28:54.627988,0 days 00:00:00.077070,0.953925606434062,3.0878881124253326,0.06217970138480286,1,5,83,0.0018099069419165682,0.2966303029209642,0.908309708574387,0.5437157302113201,11.62209434926868,0.07406244328254391,"{""colsample_bytree"": 0.953925606434062, ""gamma"": 3.0878881124253326, ""learning_rate"": 0.06217970138480286, ""max_depth"": 1, ""min_child_weight"": 5, ""n_estimators"": 83, ""reg_alpha"": 0.0018099069419165682, ""reg_lambda"": 0.2966303029209642, ""subsample"": 0.908309708574387}",COMPLETE
96,0.16908215172252017,2026-10-08 20:28:54.627988,2026-10-08 20:28:54.708062,0 days 00:00:00.080074,0.9496173045699501,3.6166439047688677,0.07064868085298417,1,4,87,0.004991046616350919,0.19301143145664806,0.9174472498071609,0.5569327117963337,11.264385207230527,0.0698289924427855,"{""colsample_bytree"": 0.9496173045699501, ""gamma"": 3.6166439047688677, ""learning_rate"": 0.07064868085298417, ""max_depth"": 1, ""min_child_weight"": 4, ""n_estimators"": 87, ""reg_alpha"": 0.004991046616350919, ""reg_lambda"": 0.19301143145664806, ""subsample"": 0.9174472498071609}",COMPLETE
97,0.16741073901603806,2026-10-08 20:28:54.708062,2026-10-08 20:28:54.795140,0 days 00:00:00.087078,0.9634115808679921,3.4228853361559213,0.05773782492948461,1,3,122,0.013263347079083056,0.13172175171900383,0.9393432290777044,0.571494227939001,11.30409184498955,0.06298811887364704,"{""colsample_bytree"": 0.9634115808679921, ""gamma"": 3.4228853361559213, ""learning_rate"": 0.05773782492948461, ""max_depth"": 1, ""min_child_weight"": 3, ""n_estimators"": 122, ""reg_alpha"": 0.013263347079083056, ""reg_lambda"": 0.13172175171900383, ""subsample"": 0.9393432290777044}",COMPLETE
98,0.17168921083824495,2026-10-08 20:28:54.795140,2026-10-08 20:28:54.856195,0 days 00:00:00.061055,0.9573323393434849,3.443297746296274,0.07040468279371895,1,3,63,0.002949909175945488,0.12222522865206809,0.9348103891780758,0.5461906561342816,11.951545411474024,0.07095670806389251,"{""colsample_bytree"": 0.9573323393434849, ""gamma"": 3.443297746296274, ""learning_rate"": 0.07040468279371895, ""max_depth"": 1, ""min_child_weight"": 3, ""n_estimators"": 63, ""reg_alpha"": 0.002949909175945488, ""reg_lambda"": 0.12222522865206809, ""subsample"": 0.9348103891780758}",COMPLETE
99,0.1683760996457261,2026-10-08 20:28:54.856195,2026-10-08 20:28:54.920253,0 days 00:00:00.064058,0.9415251247747425,3.7406748997835386,0.0597234927112669,1,3,74,0.0039433353314208145,0.16527865100128752,0.9393793688481873,0.5587491857755601,11.710029893167023,0.0716974456551241,"{""colsample_bytree"": 0.9415251247747425, ""gamma"": 3.7406748997835386, ""learning_rate"": 0.0597234927112669, ""max_depth"": 1, ""min_child_weight"": 3, ""n_estimators"": 74, ""reg_alpha"": 0.0039433353314208145, ""reg_lambda"": 0.16527865100128752, ""subsample"": 0.9393793688481873}",COMPLETE
