number,value,datetime_start,datetime_complete,duration,params_colsample_bytree,params_gamma,params_learning_rate,params_max_depth,params_min_child_weight,params_n_estimators,params_reg_alpha,params_reg_lambda,params_subsample,user_attrs_mean_r2,user_attrs_mean_wmape_pct,user_attrs_std_nrmse,system_attrs_tpe:relative_params:0,state
0,0.1851275671252636,2026-10-08 20:28:45.267485,2026-10-08 20:28:45.451651,0 days 00:00:00.184166,0.662397808134481,3.005575058716044,0.07441632389160634,3,13,218,0.00019517224641449495,39.67605077052987,0.6624074561769746,0.47523304481000345,12.495701837261505,0.07002634061637059,,COMPLETE
1,0.19319421444799814,2026-10-08 20:28:45.451651,2026-10-08 20:28:45.596783,0 days 00:00:00.145132,0.6727299868828402,2.6237821581611893,0.17898794163735265,1,17,369,0.0008260808399079611,0.8179499475211672,0.6849356442713105,0.43471702363868087,14.2596147296916,0.06318712122769493,,COMPLETE
2,0.17948894482099742,2026-10-08 20:28:45.596783,2026-10-08 20:28:45.705882,0 days 00:00:00.109099,0.7465447373174767,0.9983689107917987,0.04777437867054351,1,5,244,0.019069966103000432,22.673986523780385,0.7168578594140873,0.5056249772487186,12.189809910789686,0.07035499054754467,,COMPLETE
3,0.3398939039181963,2026-10-08 20:28:45.705882,2026-10-08 20:28:45.838002,0 days 00:00:00.132120,0.6260206371941118,4.041986740582305,0.005934530307791968,2,13,281,5.5517216852447255,78.86714129990483,0.6682096494749166,-0.6417005909295715,27.87377391797985,0.05818525354333716,,COMPLETE
4,0.18390593470228467,2026-10-08 20:28:45.838002,2026-10-08 20:28:45.939094,0 days 00:00:00.101092,0.798070764044508,1.2938999080000846,0.062395369491878315,1,10,187,0.00014857392806279257,53.45166110646818,0.6488152939379115,0.478712980324192,12.558457372994424,0.07644402391110709,,COMPLETE
5,0.18800111020374996,2026-10-08 20:28:45.939094,2026-10-08 20:28:46.085226,0 days 00:00:00.146132,0.9878338511058234,4.474136752138244,0.03405259191324469,1,12,348,0.7510418138777541,65.84106160121607,0.6739417822102108,0.45757866701313227,12.84687299587896,0.07722043310823457,,COMPLETE
6,0.17838835792600757,2026-10-08 20:28:46.085226,2026-10-08 20:28:46.276400,0 days 00:00:00.191174,0.7301321323053057,4.143687545759647,0.006930112765148064,3,6,319,0.00877781550471966,0.6516990611177174,0.6180909155642152,0.5098941788817419,12.861728492458845,0.07432835903330001,,COMPLETE
7,0.1806903947475963,2026-10-08 20:28:46.276400,2026-10-08 20:28:46.375489,0 days 00:00:00.099089,0.6298202574719083,0.993578407670862,0.037017039861413845,1,5,210,8.598737339212267,20.73644517790503,0.9208787923016158,0.49400661286766034,12.68353272822594,0.07496576026363261,,COMPLETE
8,0.17871849426370914,2026-10-08 20:28:46.375489,2026-10-08 20:28:46.428538,0 days 00:00:00.053049,0.6296178606936361,4.315517129377968,0.0678262606477337,3,16,52,0.006199100007802264,0.22264204303769677,0.9085081386743783,0.5025900570866891,12.821506446429249,0.07530699825419596,,COMPLETE
9,0.2771870639851704,2026-10-08 20:28:46.428538,2026-10-08 20:28:46.568665,0 days 00:00:00.140127,0.8918424713352255,2.3610746258097466,0.006321123775566325,1,8,331,0.1540945776288154,45.88156549160973,0.7300733288106989,-0.09347744051151315,22.006083721377777,0.06529854443442763,,COMPLETE
10,0.17854443698257697,2026-10-08 20:28:46.568665,2026-10-08 20:28:46.647737,0 days 00:00:00.079072,0.7975182385457563,0.12709563372047594,0.08275481892245508,3,13,103,0.04108318894699928,1.9170041589170652,0.9083868719818244,0.5213273972998357,12.18341726327975,0.05896190954412274,,COMPLETE
11,0.1733393906688255,2026-10-08 20:28:46.647737,2026-10-08 20:28:46.710794,0 days 00:00:00.063057,0.9630265895704372,3.7777556927152434,0.0523043322856166,1,8,98,0.0017638479543546886,1.7027416886764406,0.8034282764658811,0.5359651613256758,11.67439400358971,0.07194805417896444,,COMPLETE
12,0.255773768169319,2026-10-08 20:28:46.710794,2026-10-08 20:28:46.789866,0 days 00:00:00.079072,0.9232481518257668,4.018360384495573,0.014560262826662182,1,5,153,0.146898980776488,41.1511304956109,0.9718790609370292,0.06446850943397035,19.813226338860442,0.06796443848201325,,COMPLETE
13,0.18162255016823592,2026-10-08 20:28:46.789866,2026-10-08 20:28:46.885952,0 days 00:00:00.096086,0.7272013899887455,2.1355389431312815,0.03656188949838098,3,17,134,0.000355025561231308,0.4828424974818325,0.9584365199693973,0.5002509740775506,12.245653858736338,0.06680010113767497,,COMPLETE
14,0.18597973379638585,2026-10-08 20:28:46.885952,2026-10-08 20:28:47.114160,0 days 00:00:00.228208,0.6888431241882921,4.714548519562596,0.0051298862421274944,3,12,418,0.0003974905761171869,1.030019660098677,0.7669644012595116,0.4696310733755367,13.833429578639814,0.07662956219896433,,COMPLETE
15,0.18029877771864877,2026-10-08 20:28:47.114160,2026-10-08 20:28:47.225261,0 days 00:00:00.111101,0.9849789179768444,1.5043915490838482,0.06687265276473395,2,9,195,0.0018151456496577564,3.1027409509128394,0.9887128330883843,0.5100237055113884,11.509168557335782,0.062035358810873346,,COMPLETE
16,0.18430990304961659,2026-10-08 20:28:47.225261,2026-10-08 20:28:47.310339,0 days 00:00:00.085078,0.7114585856946446,0.7244743604561155,0.04737275431765394,1,12,178,3.477998816092334,0.5232216089948756,0.6205915004999957,0.48801222188894133,12.333432396893224,0.06571573735789941,,COMPLETE
17,0.17817744667235028,2026-10-08 20:28:47.310339,2026-10-08 20:28:47.459473,0 days 00:00:00.149134,0.6950550175969599,3.1615291529678973,0.012211164183151305,3,15,270,0.4376044634724404,1.2686721262104845,0.9046478461314871,0.5104068182664984,12.647699287797947,0.07411209027559662,,COMPLETE
18,0.2039503126668293,2026-10-08 20:28:47.459473,2026-10-08 20:28:47.614614,0 days 00:00:00.155141,0.6746074041599417,3.3878218092114123,0.006976211400403728,2,18,335,0.00015991003111214837,5.924870051994316,0.7283120259886944,0.3797086505215342,14.95022198185209,0.07445697826589207,,COMPLETE
19,0.3797012279074173,2026-10-08 20:28:47.614614,2026-10-08 20:28:47.671666,0 days 00:00:00.057052,0.8763750952409863,0.6876047207299663,0.011530013717530672,2,14,57,0.008583743499363281,64.59367085984857,0.6697465716019966,-1.0555320316731998,31.779489529088938,0.05547536290178736,,COMPLETE
20,0.1749670758131999,2026-10-08 20:28:47.671666,2026-10-08 20:28:47.729718,0 days 00:00:00.058052,0.8701719619861418,4.766019854486661,0.0901795612838128,1,6,63,0.010860095992663375,4.98643927137368,0.8419065360507689,0.5282456377274507,11.738679535752647,0.07191925159811803,"{""colsample_bytree"": 0.8701719619861418, ""gamma"": 4.766019854486661, ""learning_rate"": 0.0901795612838128, ""max_depth"": 1, ""min_child_weight"": 6, ""n_estimators"": 63, ""reg_alpha"": 0.010860095992663375, ""reg_lambda"": 4.98643927137368, ""subsample"": 0.8419065360507689}",COMPLETE
21,0.17812293798551918,2026-10-08 20:28:47.729718,2026-10-08 20:28:47.807789,0 days 00:00:00.078071,0.7920950500507438,4.258537791732108,0.06204235605835606,1,10,116,0.009396964601035026,13.591430147849458,0.8450335770273198,0.5099711000471232,11.988995594169767,0.07323364800683808,"{""colsample_bytree"": 0.7920950500507438, ""gamma"": 4.258537791732108, ""learning_rate"": 0.06204235605835606, ""max_depth"": 1, ""min_child_weight"": 10, ""n_estimators"": 116, ""reg_alpha"": 0.009396964601035026, ""reg_lambda"": 13.591430147849458, ""subsample"": 0.8450335770273198}",COMPLETE
22,0.18791437123481405,2026-10-08 20:28:47.807789,2026-10-08 20:28:47.892867,0 days 00:00:00.085078,0.8336618637898231,4.930377224694382,0.061439182455471544,1,8,121,0.005027353407684506,33.37854188698349,0.7878068445439382,0.45976936699576415,12.84297638629545,0.07686867730915234,"{""colsample_bytree"": 0.8336618637898231, ""gamma"": 4.930377224694382, ""learning_rate"": 0.061439182455471544, ""max_depth"": 1, ""min_child_weight"": 8, ""n_estimators"": 121, ""reg_alpha"": 0.005027353407684506, ""reg_lambda"": 33.37854188698349, ""subsample"": 0.7878068445439382}",COMPLETE
23,0.17408226611044242,2026-10-08 20:28:47.892867,2026-10-08 20:28:47.963931,0 days 00:00:00.071064,0.8303877667727583,4.328119299442601,0.07277534446649638,1,4,111,0.00603117060674601,4.664586222758298,0.8339895672916016,0.5295417378402302,11.883410514053567,0.0722353792515751,"{""colsample_bytree"": 0.8303877667727583, ""gamma"": 4.328119299442601, ""learning_rate"": 0.07277534446649638, ""max_depth"": 1, ""min_child_weight"": 4, ""n_estimators"": 111, ""reg_alpha"": 0.00603117060674601, ""reg_lambda"": 4.664586222758298, ""subsample"": 0.8339895672916016}",COMPLETE
24,0.17836121586821066,2026-10-08 20:28:47.963931,2026-10-08 20:28:48.024986,0 days 00:00:00.061055,0.9337780127795248,4.3845200982230645,0.13924031739686613,1,6,68,0.05463157863320937,1.186737947104844,0.7912193242628632,0.5256235434156816,11.890213619085436,0.060226370632603485,"{""colsample_bytree"": 0.9337780127795248, ""gamma"": 4.3845200982230645, ""learning_rate"": 0.13924031739686613, ""max_depth"": 1, ""min_child_weight"": 6, ""n_estimators"": 68, ""reg_alpha"": 0.05463157863320937, ""reg_lambda"": 1.186737947104844, ""subsample"": 0.7912193242628632}",COMPLETE
25,0.17068660298145674,2026-10-08 20:28:48.024986,2026-10-08 20:28:48.087042,0 days 00:00:00.062056,0.941906868751697,3.1325599954656114,0.07175555175996956,1,8,72,0.0018882992664183708,0.23517213506845072,0.8456958491942493,0.5492158905117289,11.879029897726346,0.07135516105613213,"{""colsample_bytree"": 0.941906868751697, ""gamma"": 3.1325599954656114, ""learning_rate"": 0.07175555175996956, ""max_depth"": 1, ""min_child_weight"": 8, ""n_estimators"": 72, ""reg_alpha"": 0.0018882992664183708, ""reg_lambda"": 0.23517213506845072, ""subsample"": 0.8456958491942493}",COMPLETE
26,0.17307537483749458,2026-10-08 20:28:48.087042,2026-10-08 20:28:48.164113,0 days 00:00:00.077071,0.8690465495422176,3.78034107486886,0.04365413386378636,1,7,122,0.0019528119139412981,0.3380770104582853,0.8239305230122712,0.5392290814322651,11.651515056293926,0.0703983622529998,"{""colsample_bytree"": 0.8690465495422176, ""gamma"": 3.78034107486886, ""learning_rate"": 0.04365413386378636, ""max_depth"": 1, ""min_child_weight"": 7, ""n_estimators"": 122, ""reg_alpha"": 0.0019528119139412981, ""reg_lambda"": 0.3380770104582853, ""subsample"": 0.8239305230122712}",COMPLETE
27,0.17615253377053233,2026-10-08 20:28:48.164113,2026-10-08 20:28:48.220163,0 days 00:00:00.056050,0.9196215479979327,3.180607793911894,0.11082405446348076,1,9,66,0.017973623667340566,0.4390186745558223,0.8216040499725408,0.5328284455818344,11.32461350360178,0.06386304014886078,"{""colsample_bytree"": 0.9196215479979327, ""gamma"": 3.180607793911894, ""learning_rate"": 0.11082405446348076, ""max_depth"": 1, ""min_child_weight"": 9, ""n_estimators"": 66, ""reg_alpha"": 0.017973623667340566, ""reg_lambda"": 0.4390186745558223, ""subsample"": 0.8216040499725408}",COMPLETE
28,0.19947170119017907,2026-10-08 20:28:48.220163,2026-10-08 20:28:48.286223,0 days 00:00:00.066060,0.8827444442336512,3.043126000452027,0.027022313394478557,1,8,93,0.003924509772007213,1.778049127496819,0.8171014857863219,0.4106894604541687,14.424682158279017,0.06930515152300486,"{""colsample_bytree"": 0.8827444442336512, ""gamma"": 3.043126000452027, ""learning_rate"": 0.027022313394478557, ""max_depth"": 1, ""min_child_weight"": 8, ""n_estimators"": 93, ""reg_alpha"": 0.003924509772007213, ""reg_lambda"": 1.778049127496819, ""subsample"": 0.8171014857863219}",COMPLETE
29,0.1743902168636076,2026-10-08 20:28:48.286223,2026-10-08 20:28:48.340273,0 days 00:00:00.054050,0.9765392304178138,3.7479836612960775,0.08866257137867825,1,8,61,0.0006968745710013415,0.744639015758679,0.8326053843424047,0.5311240623796714,11.769786918999904,0.0707876457245741,"{""colsample_bytree"": 0.9765392304178138, ""gamma"": 3.7479836612960775, ""learning_rate"": 0.08866257137867825, ""max_depth"": 1, ""min_child_weight"": 8, ""n_estimators"": 61, ""reg_alpha"": 0.0006968745710013415, ""reg_lambda"": 0.744639015758679, ""subsample"": 0.8326053843424047}",COMPLETE
30,0.18862673850833003,2026-10-08 20:28:48.341273,2026-10-08 20:28:48.420345,0 days 00:00:00.079072,0.9342624676065578,3.29084273536434,0.02956025491781672,1,6,97,0.00058019246154436,0.21645264855083185,0.8301090259671855,0.4649523204443542,13.407874032830145,0.07187918833383443,"{""colsample_bytree"": 0.9342624676065578, ""gamma"": 3.29084273536434, ""learning_rate"": 0.02956025491781672, ""max_depth"": 1, ""min_child_weight"": 6, ""n_estimators"": 97, ""reg_alpha"": 0.00058019246154436, ""reg_lambda"": 0.21645264855083185, ""subsample"": 0.8301090259671855}",COMPLETE
31,0.18119414820123672,2026-10-08 20:28:48.420345,2026-10-08 20:28:48.501418,0 days 00:00:00.081073,0.9531941729007389,3.4970616377424033,0.13777569261886458,1,8,119,0.002185788843626972,0.2575540371103163,0.8343062671684699,0.5142023436325112,11.759443429916082,0.05875514476238975,"{""colsample_bytree"": 0.9531941729007389, ""gamma"": 3.4970616377424033, ""learning_rate"": 0.13777569261886458, ""max_depth"": 1, ""min_child_weight"": 8, ""n_estimators"": 119, ""reg_alpha"": 0.002185788843626972, ""reg_lambda"": 0.2575540371103163, ""subsample"": 0.8343062671684699}",COMPLETE
32,0.174691774724668,2026-10-08 20:28:48.501418,2026-10-08 20:28:48.595504,0 days 00:00:00.094086,0.9753093890788145,4.389526564517802,0.04326395676461954,1,10,112,0.0055984390785917045,0.4878095690635875,0.7582177397962331,0.5324798903705605,12.10653935054448,0.07027661010409839,"{""colsample_bytree"": 0.9753093890788145, ""gamma"": 4.389526564517802, ""learning_rate"": 0.04326395676461954, ""max_depth"": 1, ""min_child_weight"": 10, ""n_estimators"": 112, ""reg_alpha"": 0.0055984390785917045, ""reg_lambda"": 0.4878095690635875, ""subsample"": 0.7582177397962331}",COMPLETE
33,0.1741087601461555,2026-10-08 20:28:48.595504,2026-10-08 20:28:48.691591,0 days 00:00:00.096087,0.9862245490295727,4.007280239726286,0.04122409204561698,1,8,119,0.00020281344152881574,0.5649612421629813,0.8197425124189337,0.5333498693804993,11.756045976713494,0.07227509076581894,"{""colsample_bytree"": 0.9862245490295727, ""gamma"": 4.007280239726286, ""learning_rate"": 0.04122409204561698, ""max_depth"": 1, ""min_child_weight"": 8, ""n_estimators"": 119, ""reg_alpha"": 0.00020281344152881574, ""reg_lambda"": 0.5649612421629813, ""subsample"": 0.8197425124189337}",COMPLETE
34,0.1839444755747298,2026-10-08 20:28:48.691591,2026-10-08 20:28:48.768661,0 days 00:00:00.077070,0.8957066942497203,3.424309486630148,0.05044549139021664,1,8,64,0.0008939320223813313,0.5162350586631759,0.8888257148970186,0.4873818741535237,12.982885375295874,0.07249546640990506,"{""colsample_bytree"": 0.8957066942497203, ""gamma"": 3.424309486630148, ""learning_rate"": 0.05044549139021664, ""max_depth"": 1, ""min_child_weight"": 8, ""n_estimators"": 64, ""reg_alpha"": 0.0008939320223813313, ""reg_lambda"": 0.5162350586631759, ""subsample"": 0.8888257148970186}",COMPLETE
35,0.17918550007209325,2026-10-08 20:28:48.768661,2026-10-08 20:28:48.861746,0 days 00:00:00.093085,0.883759384270313,4.657622845096606,0.039965854389049704,1,4,116,0.0029493550162711904,5.093091754055994,0.8080718825245925,0.5070616938921853,12.120768912804161,0.07379906679318683,"{""colsample_bytree"": 0.883759384270313, ""gamma"": 4.657622845096606, ""learning_rate"": 0.039965854389049704, ""max_depth"": 1, ""min_child_weight"": 4, ""n_estimators"": 116, ""reg_alpha"": 0.0029493550162711904, ""reg_lambda"": 5.093091754055994, ""subsample"": 0.8080718825245925}",COMPLETE
36,0.19278731377086633,2026-10-08 20:28:48.861746,2026-10-08 20:28:48.949825,0 days 00:00:00.088079,0.9626469125289128,3.3479137985726832,0.027231171696034485,1,10,101,0.0011968300838564858,0.6476420895291328,0.7840929682913559,0.44724607118654935,13.717429003657742,0.0694906274762814,"{""colsample_bytree"": 0.9626469125289128, ""gamma"": 3.3479137985726832, ""learning_rate"": 0.027231171696034485, ""max_depth"": 1, ""min_child_weight"": 10, ""n_estimators"": 101, ""reg_alpha"": 0.0011968300838564858, ""reg_lambda"": 0.6476420895291328, ""subsample"": 0.7840929682913559}",COMPLETE
37,0.17441585670376036,2026-10-08 20:28:48.949825,2026-10-08 20:28:49.020890,0 days 00:00:00.071065,0.9848559744235377,2.7854208119439483,0.08100389373881134,1,8,56,0.00030438751247720367,0.371986626113142,0.9067512042831669,0.5315706025080598,11.956020422346105,0.07198546942932867,"{""colsample_bytree"": 0.9848559744235377, ""gamma"": 2.7854208119439483, ""learning_rate"": 0.08100389373881134, ""max_depth"": 1, ""min_child_weight"": 8, ""n_estimators"": 56, ""reg_alpha"": 0.00030438751247720367, ""reg_lambda"": 0.371986626113142, ""subsample"": 0.9067512042831669}",COMPLETE
38,0.1733719438815383,2026-10-08 20:28:49.020890,2026-10-08 20:28:49.115976,0 days 00:00:00.095086,0.9512454722005184,3.7143552523860643,0.041475027684156236,1,9,121,0.0014422585746740745,2.668598442362188,0.8288899537276627,0.5366227946676965,11.626588396408401,0.07211969011556028,"{""colsample_bytree"": 0.9512454722005184, ""gamma"": 3.7143552523860643, ""learning_rate"": 0.041475027684156236, ""max_depth"": 1, ""min_child_weight"": 9, ""n_estimators"": 121, ""reg_alpha"": 0.0014422585746740745, ""reg_lambda"": 2.668598442362188, ""subsample"": 0.8288899537276627}",COMPLETE
39,0.17278159638456594,2026-10-08 20:28:49.115976,2026-10-08 20:28:49.213064,0 days 00:00:00.097088,0.9332635585888677,2.558609683856037,0.10192289061541293,1,5,99,0.0016056249571006318,0.30033935210065077,0.8540510220221786,0.5438169900885851,11.163337477420574,0.06593804999265974,"{""colsample_bytree"": 0.9332635585888677, ""gamma"": 2.558609683856037, ""learning_rate"": 0.10192289061541293, ""max_depth"": 1, ""min_child_weight"": 5, ""n_estimators"": 99, ""reg_alpha"": 0.0016056249571006318, ""reg_lambda"": 0.30033935210065077, ""subsample"": 0.8540510220221786}",COMPLETE
40,0.1721736976054383,2026-10-08 20:28:49.213064,2026-10-08 20:28:49.323165,0 days 00:00:00.110101,0.8712923345960847,3.320115949018098,0.08132929378867237,1,7,107,0.006811983174487813,0.35714287228523145,0.8644682364424573,0.548794316512481,11.359768562069798,0.06455827804518596,"{""colsample_bytree"": 0.8712923345960847, ""gamma"": 3.320115949018098, ""learning_rate"": 0.08132929378867237, ""max_depth"": 1, ""min_child_weight"": 7, ""n_estimators"": 107, ""reg_alpha"": 0.006811983174487813, ""reg_lambda"": 0.35714287228523145, ""subsample"": 0.8644682364424573}",COMPLETE
41,0.17535240431664464,2026-10-08 20:28:49.323165,2026-10-08 20:28:49.468296,0 days 00:00:00.145131,0.9693069016924943,2.315491253778268,0.10233601985227557,1,6,137,0.0024601762857760084,0.27706564297791936,0.8496232124555047,0.5340088504242868,12.208078740242575,0.06331861191778432,"{""colsample_bytree"": 0.9693069016924943, ""gamma"": 2.315491253778268, ""learning_rate"": 0.10233601985227557, ""max_depth"": 1, ""min_child_weight"": 6, ""n_estimators"": 137, ""reg_alpha"": 0.0024601762857760084, ""reg_lambda"": 0.27706564297791936, ""subsample"": 0.8496232124555047}",COMPLETE
42,0.17420757734507253,2026-10-08 20:28:49.468296,2026-10-08 20:28:49.592408,0 days 00:00:00.124112,0.8894400920826434,2.625759675719905,0.05947397141690736,1,5,81,0.0018060827061174005,1.2550930549467227,0.8846522225751694,0.5324333098497228,11.937068905136954,0.07115813886703248,"{""colsample_bytree"": 0.8894400920826434, ""gamma"": 2.625759675719905, ""learning_rate"": 0.05947397141690736, ""max_depth"": 1, ""min_child_weight"": 5, ""n_estimators"": 81, ""reg_alpha"": 0.0018060827061174005, ""reg_lambda"": 1.2550930549467227, ""subsample"": 0.8846522225751694}",COMPLETE
43,0.17536871442004023,2026-10-08 20:28:49.592408,2026-10-08 20:28:49.706512,0 days 00:00:00.114104,0.8856679682965481,3.2168380385626794,0.07961224352110349,1,6,59,0.0037662699232346485,0.17692477422003672,0.923006949758805,0.5235849925516133,12.135177552507846,0.0734436551938096,"{""colsample_bytree"": 0.8856679682965481, ""gamma"": 3.2168380385626794, ""learning_rate"": 0.07961224352110349, ""max_depth"": 1, ""min_child_weight"": 6, ""n_estimators"": 59, ""reg_alpha"": 0.0037662699232346485, ""reg_lambda"": 0.17692477422003672, ""subsample"": 0.923006949758805}",COMPLETE
44,0.17356332779670566,2026-10-08 20:28:49.706512,2026-10-08 20:28:49.837631,0 days 00:00:00.131119,0.898579729167603,2.0771500906117897,0.08075090048047776,1,8,92,0.0013097526425529785,0.5679318597966364,0.9438291306609887,0.5346938495591087,11.336787737050107,0.07069876557490724,"{""colsample_bytree"": 0.898579729167603, ""gamma"": 2.0771500906117897, ""learning_rate"": 0.08075090048047776, ""max_depth"": 1, ""min_child_weight"": 8, ""n_estimators"": 92, ""reg_alpha"": 0.0013097526425529785, ""reg_lambda"": 0.5679318597966364, ""subsample"": 0.9438291306609887}",COMPLETE
45,0.17183524755219315,2026-10-08 20:28:49.837631,2026-10-08 20:28:50.007787,0 days 00:00:00.170156,0.9122642955407269,2.5342849975406394,0.08639139234487159,1,6,85,0.006324376193788261,0.35143757901914185,0.8360975874161145,0.543911363186074,11.66913603601161,0.06970051048148264,"{""colsample_bytree"": 0.9122642955407269, ""gamma"": 2.5342849975406394, ""learning_rate"": 0.08639139234487159, ""max_depth"": 1, ""min_child_weight"": 6, ""n_estimators"": 85, ""reg_alpha"": 0.006324376193788261, ""reg_lambda"": 0.35143757901914185, ""subsample"": 0.8360975874161145}",COMPLETE
