number,value,datetime_start,datetime_complete,duration,params_colsample_bytree,params_gamma,params_learning_rate,params_max_depth,params_min_child_weight,params_n_estimators,params_reg_alpha,params_reg_lambda,params_subsample,user_attrs_mean_r2,user_attrs_mean_wmape_pct,user_attrs_std_nrmse,system_attrs_tpe:relative_params:0,state
46,0.17499607777363899,2026-10-08 20:28:50.007787,2026-10-08 20:28:50.086858,0 days 00:00:00.079071,0.8885940861636515,3.1748372166665177,0.07408485047754838,1,9,56,0.0007797369656142954,0.2598925616081741,0.8478943287124988,0.5303592216830265,11.971457634941109,0.07101461085356407,"{""colsample_bytree"": 0.8885940861636515, ""gamma"": 3.1748372166665177, ""learning_rate"": 0.07408485047754838, ""max_depth"": 1, ""min_child_weight"": 9, ""n_estimators"": 56, ""reg_alpha"": 0.0007797369656142954, ""reg_lambda"": 0.2598925616081741, ""subsample"": 0.8478943287124988}",COMPLETE
47,0.1698476723256858,2026-10-08 20:28:50.086858,2026-10-08 20:28:50.190951,0 days 00:00:00.104093,0.950674081677922,3.4030034673726814,0.06608218961196977,1,5,112,0.0029921455942714436,0.21601293869128224,0.8875990136685155,0.5522003641583426,10.90052339586348,0.07125054961363123,"{""colsample_bytree"": 0.950674081677922, ""gamma"": 3.4030034673726814, ""learning_rate"": 0.06608218961196977, ""max_depth"": 1, ""min_child_weight"": 5, ""n_estimators"": 112, ""reg_alpha"": 0.0029921455942714436, ""reg_lambda"": 0.21601293869128224, ""subsample"": 0.8875990136685155}",COMPLETE
48,0.16840779308441708,2026-10-08 20:28:50.190951,2026-10-08 20:28:50.285037,0 days 00:00:00.094086,0.9574800525397223,2.532244684295583,0.06259804745612871,1,3,111,0.002655186289406276,0.18889269625709995,0.885550853839105,0.5656399124107375,11.23726065699244,0.06480190792623529,"{""colsample_bytree"": 0.9574800525397223, ""gamma"": 2.532244684295583, ""learning_rate"": 0.06259804745612871, ""max_depth"": 1, ""min_child_weight"": 3, ""n_estimators"": 111, ""reg_alpha"": 0.002655186289406276, ""reg_lambda"": 0.18889269625709995, ""subsample"": 0.885550853839105}",COMPLETE
49,0.17423472960836403,2026-10-08 20:28:50.285037,2026-10-08 20:28:50.350096,0 days 00:00:00.065059,0.9726641976866491,3.178920690942134,0.07169844501318237,1,4,58,0.0010513632000812934,0.12535435874027157,0.851141744186474,0.5329661243144633,12.154370189361822,0.07222114574194397,"{""colsample_bytree"": 0.9726641976866491, ""gamma"": 3.178920690942134, ""learning_rate"": 0.07169844501318237, ""max_depth"": 1, ""min_child_weight"": 4, ""n_estimators"": 58, ""reg_alpha"": 0.0010513632000812934, ""reg_lambda"": 0.12535435874027157, ""subsample"": 0.851141744186474}",COMPLETE
50,0.17051224234924356,2026-10-08 20:28:50.350096,2026-10-08 20:28:50.439176,0 days 00:00:00.089080,0.9794310928466539,4.12092298568182,0.059614441035185047,1,5,119,0.006472393669271607,0.18391299676846815,0.8087436144432826,0.5496152359980413,11.092676619829694,0.06979265698224116,"{""colsample_bytree"": 0.9794310928466539, ""gamma"": 4.12092298568182, ""learning_rate"": 0.059614441035185047, ""max_depth"": 1, ""min_child_weight"": 5, ""n_estimators"": 119, ""reg_alpha"": 0.006472393669271607, ""reg_lambda"": 0.18391299676846815, ""subsample"": 0.8087436144432826}",COMPLETE
51,0.17001784040306753,2026-10-08 20:28:50.439176,2026-10-08 20:28:50.536264,0 days 00:00:00.097088,0.9356065403202527,3.7779858626913296,0.07168751765539952,1,4,156,0.004977382499628408,0.206486791854413,0.8161287615692212,0.5572469351597437,11.31676571484102,0.06429700528481995,"{""colsample_bytree"": 0.9356065403202527, ""gamma"": 3.7779858626913296, ""learning_rate"": 0.07168751765539952, ""max_depth"": 1, ""min_child_weight"": 4, ""n_estimators"": 156, ""reg_alpha"": 0.004977382499628408, ""reg_lambda"": 0.206486791854413, ""subsample"": 0.8161287615692212}",COMPLETE
52,0.169590300194315,2026-10-08 20:28:50.536264,2026-10-08 20:28:50.645364,0 days 00:00:00.109100,0.9461981030038477,3.3416998293519344,0.03679840597598481,1,4,130,0.0015424093202793469,0.19121950613772382,0.8914742921262765,0.5521396408399303,11.596208273237517,0.07237609469976967,"{""colsample_bytree"": 0.9461981030038477, ""gamma"": 3.3416998293519344, ""learning_rate"": 0.03679840597598481, ""max_depth"": 1, ""min_child_weight"": 4, ""n_estimators"": 130, ""reg_alpha"": 0.0015424093202793469, ""reg_lambda"": 0.19121950613772382, ""subsample"": 0.8914742921262765}",COMPLETE
53,0.17252715643467678,2026-10-08 20:28:50.645364,2026-10-08 20:28:50.741450,0 days 00:00:00.096086,0.9912609329719498,3.36393556244041,0.06990144951127832,1,6,127,0.001819506257927646,0.1400694992514296,0.9087563172206143,0.5448315939965078,11.078261662888034,0.06784252431069997,"{""colsample_bytree"": 0.9912609329719498, ""gamma"": 3.36393556244041, ""learning_rate"": 0.06990144951127832, ""max_depth"": 1, ""min_child_weight"": 6, ""n_estimators"": 127, ""reg_alpha"": 0.001819506257927646, ""reg_lambda"": 0.1400694992514296, ""subsample"": 0.9087563172206143}",COMPLETE
54,0.16727279162706873,2026-10-08 20:28:50.741450,2026-10-08 20:28:50.828530,0 days 00:00:00.087080,0.9171382326478346,3.7681864666036646,0.04451051958377276,1,3,125,0.004374192931055168,0.14031447348661644,0.8684764281530772,0.5669269342199138,11.336574174264092,0.06761081936535945,"{""colsample_bytree"": 0.9171382326478346, ""gamma"": 3.7681864666036646, ""learning_rate"": 0.04451051958377276, ""max_depth"": 1, ""min_child_weight"": 3, ""n_estimators"": 125, ""reg_alpha"": 0.004374192931055168, ""reg_lambda"": 0.14031447348661644, ""subsample"": 0.8684764281530772}",COMPLETE
55,0.16915814337778937,2026-10-08 20:28:50.828530,2026-10-08 20:28:50.932625,0 days 00:00:00.104095,0.9326946719392827,3.6517955463108707,0.06670482850174753,1,4,153,0.022761872130199007,0.18278581857953677,0.8391187675326773,0.5621798117913143,11.067706785764974,0.06317700414533917,"{""colsample_bytree"": 0.9326946719392827, ""gamma"": 3.6517955463108707, ""learning_rate"": 0.06670482850174753, ""max_depth"": 1, ""min_child_weight"": 4, ""n_estimators"": 153, ""reg_alpha"": 0.022761872130199007, ""reg_lambda"": 0.18278581857953677, ""subsample"": 0.8391187675326773}",COMPLETE
56,0.16832750604530164,2026-10-08 20:28:50.932625,2026-10-08 20:28:51.017701,0 days 00:00:00.085076,0.9192030515798156,3.932806648781073,0.05758821703395147,1,4,111,0.0017120069823130363,0.25620254688434574,0.8708706947965321,0.560821202958421,11.254615268877144,0.0686103674673214,"{""colsample_bytree"": 0.9192030515798156, ""gamma"": 3.932806648781073, ""learning_rate"": 0.05758821703395147, ""max_depth"": 1, ""min_child_weight"": 4, ""n_estimators"": 111, ""reg_alpha"": 0.0017120069823130363, ""reg_lambda"": 0.25620254688434574, ""subsample"": 0.8708706947965321}",COMPLETE
57,0.18009560674589156,2026-10-08 20:28:51.017701,2026-10-08 20:28:51.096773,0 days 00:00:00.079072,0.9402657611336612,2.91097327440056,0.0399759576163458,1,3,85,0.0016493522023775444,0.15404072659460616,0.8954813390594022,0.5055989508568907,12.623127990579862,0.0727955053692241,"{""colsample_bytree"": 0.9402657611336612, ""gamma"": 2.91097327440056, ""learning_rate"": 0.0399759576163458, ""max_depth"": 1, ""min_child_weight"": 3, ""n_estimators"": 85, ""reg_alpha"": 0.0016493522023775444, ""reg_lambda"": 0.15404072659460616, ""subsample"": 0.8954813390594022}",COMPLETE
58,0.1752927596832342,2026-10-08 20:28:51.096773,2026-10-08 20:28:51.170841,0 days 00:00:00.074068,0.9021543959620222,4.02540607643952,0.05569511388604316,1,4,70,0.004570221251225858,0.13529645263606555,0.8487039191830278,0.5249783398883537,12.291162779703166,0.07416950999159541,"{""colsample_bytree"": 0.9021543959620222, ""gamma"": 4.02540607643952, ""learning_rate"": 0.05569511388604316, ""max_depth"": 1, ""min_child_weight"": 4, ""n_estimators"": 70, ""reg_alpha"": 0.004570221251225858, ""reg_lambda"": 0.13529645263606555, ""subsample"": 0.8487039191830278}",COMPLETE
59,0.16877625593461643,2026-10-08 20:28:51.170841,2026-10-08 20:28:51.269931,0 days 00:00:00.099090,0.9487188065770371,4.595019719410747,0.053792844257452975,1,5,130,0.01124179755400781,0.2370507814600021,0.8710574172169766,0.5583099257291165,11.265794904108617,0.0706692209435347,"{""colsample_bytree"": 0.9487188065770371, ""gamma"": 4.595019719410747, ""learning_rate"": 0.053792844257452975, ""max_depth"": 1, ""min_child_weight"": 5, ""n_estimators"": 130, ""reg_alpha"": 0.01124179755400781, ""reg_lambda"": 0.2370507814600021, ""subsample"": 0.8710574172169766}",COMPLETE
60,0.17228891555316375,2026-10-08 20:28:51.269931,2026-10-08 20:28:51.378535,0 days 00:00:00.108604,0.9195637978381054,3.8982755912224896,0.033979389469871585,1,5,162,0.0030251506632147413,0.18262947188816847,0.8657968812576775,0.5390253990443971,11.902562984584721,0.07180547713697027,"{""colsample_bytree"": 0.9195637978381054, ""gamma"": 3.8982755912224896, ""learning_rate"": 0.033979389469871585, ""max_depth"": 1, ""min_child_weight"": 5, ""n_estimators"": 162, ""reg_alpha"": 0.0030251506632147413, ""reg_lambda"": 0.18262947188816847, ""subsample"": 0.8657968812576775}",COMPLETE
61,0.17825082414979912,2026-10-08 20:28:51.378535,2026-10-08 20:28:51.462611,0 days 00:00:00.084076,0.9325586323592352,3.7720906824620206,0.035004955036413904,1,5,112,0.00730310995004305,0.30401819932639507,0.8940291223127186,0.5150789993893851,12.375321523826512,0.07140478135075295,"{""colsample_bytree"": 0.9325586323592352, ""gamma"": 3.7720906824620206, ""learning_rate"": 0.035004955036413904, ""max_depth"": 1, ""min_child_weight"": 5, ""n_estimators"": 112, ""reg_alpha"": 0.00730310995004305, ""reg_lambda"": 0.30401819932639507, ""subsample"": 0.8940291223127186}",COMPLETE
62,0.16642877069758147,2026-10-08 20:28:51.462611,2026-10-08 20:28:51.545685,0 days 00:00:00.083074,0.9860490267898121,3.1661246787074697,0.06374698514912888,1,4,115,0.0024412779038541148,0.2386325794261719,0.9095916894572034,0.5702771829466758,10.939234771848737,0.06843962197562678,"{""colsample_bytree"": 0.9860490267898121, ""gamma"": 3.1661246787074697, ""learning_rate"": 0.06374698514912888, ""max_depth"": 1, ""min_child_weight"": 4, ""n_estimators"": 115, ""reg_alpha"": 0.0024412779038541148, ""reg_lambda"": 0.2386325794261719, ""subsample"": 0.9095916894572034}",COMPLETE
63,0.1711403008004495,2026-10-08 20:28:51.545685,2026-10-08 20:28:51.652783,0 days 00:00:00.107098,0.9820248903513162,3.1390412351573773,0.062267029136517694,1,3,164,0.0037713488497672113,0.29300314417625095,0.898290408039523,0.5576589719045097,11.441731430702568,0.05947722555812925,"{""colsample_bytree"": 0.9820248903513162, ""gamma"": 3.1390412351573773, ""learning_rate"": 0.062267029136517694, ""max_depth"": 1, ""min_child_weight"": 3, ""n_estimators"": 164, ""reg_alpha"": 0.0037713488497672113, ""reg_lambda"": 0.29300314417625095, ""subsample"": 0.898290408039523}",COMPLETE
64,0.1655334979118158,2026-10-08 20:28:51.652783,2026-10-08 20:28:51.745869,0 days 00:00:00.093086,0.9422583855678123,3.66210284752108,0.05153838145109773,1,3,127,0.008111126213349083,0.32436698861620916,0.8632812853316353,0.5777800171202693,11.135127443868427,0.06499757489659279,"{""colsample_bytree"": 0.9422583855678123, ""gamma"": 3.66210284752108, ""learning_rate"": 0.05153838145109773, ""max_depth"": 1, ""min_child_weight"": 3, ""n_estimators"": 127, ""reg_alpha"": 0.008111126213349083, ""reg_lambda"": 0.32436698861620916, ""subsample"": 0.8632812853316353}",COMPLETE
65,0.16768458061609118,2026-10-08 20:28:51.745869,2026-10-08 20:28:51.826941,0 days 00:00:00.081072,0.9549809727925139,3.5717753455714094,0.06340546145093727,1,3,107,0.005084070636016117,0.11129430738465093,0.9274277993861852,0.5713518094471927,11.53311543326896,0.06250201869146328,"{""colsample_bytree"": 0.9549809727925139, ""gamma"": 3.5717753455714094, ""learning_rate"": 0.06340546145093727, ""max_depth"": 1, ""min_child_weight"": 3, ""n_estimators"": 107, ""reg_alpha"": 0.005084070636016117, ""reg_lambda"": 0.11129430738465093, ""subsample"": 0.9274277993861852}",COMPLETE
66,0.16896182065769272,2026-10-08 20:28:51.826941,2026-10-08 20:28:51.913020,0 days 00:00:00.086079,0.9997191334260866,3.559810819864792,0.06034390624887273,1,5,89,0.0018681800109937006,0.21386728963322724,0.9153531587815407,0.5532269818202091,11.429577864091309,0.07369628865207935,"{""colsample_bytree"": 0.9997191334260866, ""gamma"": 3.559810819864792, ""learning_rate"": 0.06034390624887273, ""max_depth"": 1, ""min_child_weight"": 5, ""n_estimators"": 89, ""reg_alpha"": 0.0018681800109937006, ""reg_lambda"": 0.21386728963322724, ""subsample"": 0.9153531587815407}",COMPLETE
67,0.16787573459290273,2026-10-08 20:28:51.914020,2026-10-08 20:28:52.005103,0 days 00:00:00.091083,0.9495567046562726,3.733854294069802,0.05033871238357727,1,4,119,0.007279178422906345,0.326116411709943,0.8266907809443395,0.5602814529653997,11.275833634889906,0.07142215423120363,"{""colsample_bytree"": 0.9495567046562726, ""gamma"": 3.733854294069802, ""learning_rate"": 0.05033871238357727, ""max_depth"": 1, ""min_child_weight"": 4, ""n_estimators"": 119, ""reg_alpha"": 0.007279178422906345, ""reg_lambda"": 0.326116411709943, ""subsample"": 0.8266907809443395}",COMPLETE
68,0.17179674626735122,2026-10-08 20:28:52.005103,2026-10-08 20:28:52.117204,0 days 00:00:00.112101,0.9699666608824579,3.8641782779569755,0.04571104443814036,1,3,98,0.007235585699230066,0.1588386409700271,0.9028254905715428,0.5404561833298712,11.903407818276422,0.0730327758714913,"{""colsample_bytree"": 0.9699666608824579, ""gamma"": 3.8641782779569755, ""learning_rate"": 0.04571104443814036, ""max_depth"": 1, ""min_child_weight"": 3, ""n_estimators"": 98, ""reg_alpha"": 0.007235585699230066, ""reg_lambda"": 0.1588386409700271, ""subsample"": 0.9028254905715428}",COMPLETE
69,0.16877755743258213,2026-10-08 20:28:52.117204,2026-10-08 20:28:52.200279,0 days 00:00:00.083075,0.99724700866533,3.3808600242031,0.09315811559348133,1,3,95,0.0020440461334606647,0.23475578635514194,0.9213690887345941,0.5618736255046838,11.343604796586705,0.06394502807450264,"{""colsample_bytree"": 0.99724700866533, ""gamma"": 3.3808600242031, ""learning_rate"": 0.09315811559348133, ""max_depth"": 1, ""min_child_weight"": 3, ""n_estimators"": 95, ""reg_alpha"": 0.0020440461334606647, ""reg_lambda"": 0.23475578635514194, ""subsample"": 0.9213690887345941}",COMPLETE
70,0.16842571342504828,2026-10-08 20:28:52.200279,2026-10-08 20:28:52.305376,0 days 00:00:00.105097,0.9215874951091473,3.8675903329889345,0.05085016592127957,1,3,116,0.005148557318251692,0.439988211419011,0.8813530241884258,0.5619654241506543,11.358477528975525,0.06671897587751971,"{""colsample_bytree"": 0.9215874951091473, ""gamma"": 3.8675903329889345, ""learning_rate"": 0.05085016592127957, ""max_depth"": 1, ""min_child_weight"": 3, ""n_estimators"": 116, ""reg_alpha"": 0.005148557318251692, ""reg_lambda"": 0.439988211419011, ""subsample"": 0.8813530241884258}",COMPLETE
71,0.16763166983774122,2026-10-08 20:28:52.306376,2026-10-08 20:28:52.422481,0 days 00:00:00.116105,0.9094721787480883,3.7127640500147745,0.05516165428073559,1,4,105,0.0034801577654795745,0.27266361224709185,0.8375038094694787,0.5604769791812438,11.197548015814306,0.0718210224083348,"{""colsample_bytree"": 0.9094721787480883, ""gamma"": 3.7127640500147745, ""learning_rate"": 0.05516165428073559, ""max_depth"": 1, ""min_child_weight"": 4, ""n_estimators"": 105, ""reg_alpha"": 0.0034801577654795745, ""reg_lambda"": 0.27266361224709185, ""subsample"": 0.8375038094694787}",COMPLETE
72,0.16809294979152667,2026-10-08 20:28:52.422481,2026-10-08 20:28:52.530580,0 days 00:00:00.108099,0.9328386706898883,3.330283822467985,0.04948919460622684,1,4,112,0.0032183633720033024,0.15138515406573766,0.9291776359666276,0.5616203953593129,11.391870162311234,0.07084098018146971,"{""colsample_bytree"": 0.9328386706898883, ""gamma"": 3.330283822467985, ""learning_rate"": 0.04948919460622684, ""max_depth"": 1, ""min_child_weight"": 4, ""n_estimators"": 112, ""reg_alpha"": 0.0032183633720033024, ""reg_lambda"": 0.15138515406573766, ""subsample"": 0.9291776359666276}",COMPLETE
73,0.1704540219909448,2026-10-08 20:28:52.530580,2026-10-08 20:28:52.647687,0 days 00:00:00.117107,0.9320260230915933,3.234273549093026,0.05354295913387455,1,3,81,0.016588866807904883,0.17000047240689214,0.9640194366696208,0.5472039472880263,11.834572136430408,0.07425486689570644,"{""colsample_bytree"": 0.9320260230915933, ""gamma"": 3.234273549093026, ""learning_rate"": 0.05354295913387455, ""max_depth"": 1, ""min_child_weight"": 3, ""n_estimators"": 81, ""reg_alpha"": 0.016588866807904883, ""reg_lambda"": 0.17000047240689214, ""subsample"": 0.9640194366696208}",COMPLETE
74,0.16907882680412747,2026-10-08 20:28:52.647687,2026-10-08 20:28:52.860879,0 days 00:00:00.213192,0.8955950552822954,3.2916729910862244,0.05058755561268321,1,4,117,0.004816747727298362,0.26140963746884766,0.8789534473315863,0.5595076681334344,11.271209686333139,0.06779772582051256,"{""colsample_bytree"": 0.8955950552822954, ""gamma"": 3.2916729910862244, ""learning_rate"": 0.05058755561268321, ""max_depth"": 1, ""min_child_weight"": 4, ""n_estimators"": 117, ""reg_alpha"": 0.004816747727298362, ""reg_lambda"": 0.26140963746884766, ""subsample"": 0.8789534473315863}",COMPLETE
75,0.1677239279053314,2026-10-08 20:28:52.860879,2026-10-08 20:28:52.996002,0 days 00:00:00.135123,0.9733964104274974,3.481481236971634,0.04412782896119948,1,4,141,0.0039429794027569685,0.2635371891420601,0.9009429504107458,0.5597798739279888,11.21503961487187,0.07160968650771135,"{""colsample_bytree"": 0.9733964104274974, ""gamma"": 3.481481236971634, ""learning_rate"": 0.04412782896119948, ""max_depth"": 1, ""min_child_weight"": 4, ""n_estimators"": 141, ""reg_alpha"": 0.0039429794027569685, ""reg_lambda"": 0.2635371891420601, ""subsample"": 0.9009429504107458}",COMPLETE
76,0.16780946856327714,2026-10-08 20:28:52.996002,2026-10-08 20:28:53.127121,0 days 00:00:00.131119,0.9511691495927184,3.5641197102471947,0.061112910738652194,1,3,100,0.0017858900985159038,0.1854625986189166,0.921121181386099,0.564592753190248,11.35476309874256,0.06733644830232047,"{""colsample_bytree"": 0.9511691495927184, ""gamma"": 3.5641197102471947, ""learning_rate"": 0.061112910738652194, ""max_depth"": 1, ""min_child_weight"": 3, ""n_estimators"": 100, ""reg_alpha"": 0.0017858900985159038, ""reg_lambda"": 0.1854625986189166, ""subsample"": 0.921121181386099}",COMPLETE
77,0.17068258719493531,2026-10-08 20:28:53.127121,2026-10-08 20:28:53.222207,0 days 00:00:00.095086,0.9623678522739538,3.4249812552492083,0.03731609276174718,1,4,131,0.013448877001803982,0.4630859449709293,0.9118835525450169,0.5496221178060894,11.604171155413729,0.07105243394103115,"{""colsample_bytree"": 0.9623678522739538, ""gamma"": 3.4249812552492083, ""learning_rate"": 0.03731609276174718, ""max_depth"": 1, ""min_child_weight"": 4, ""n_estimators"": 131, ""reg_alpha"": 0.013448877001803982, ""reg_lambda"": 0.4630859449709293, ""subsample"": 0.9118835525450169}",COMPLETE
78,0.16496424400052076,2026-10-08 20:28:53.223208,2026-10-08 20:28:53.305788,0 days 00:00:00.082580,0.9617773409021868,3.22285713509256,0.05939131556189845,1,3,101,0.0017856875935210257,0.19811648096870763,0.9157386475015193,0.5783397462487798,11.155786429807362,0.06589053884310017,"{""colsample_bytree"": 0.9617773409021868, ""gamma"": 3.22285713509256, ""learning_rate"": 0.05939131556189845, ""max_depth"": 1, ""min_child_weight"": 3, ""n_estimators"": 101, ""reg_alpha"": 0.0017856875935210257, ""reg_lambda"": 0.19811648096870763, ""subsample"": 0.9157386475015193}",COMPLETE
79,0.1661124204704554,2026-10-08 20:28:53.305788,2026-10-08 20:28:53.372850,0 days 00:00:00.067062,0.907333860759915,3.8264151287938994,0.07913151613721063,1,3,68,0.0010718699673231578,0.11568373565694119,0.90647435193499,0.5703465324308585,11.407835295326976,0.06912338090913535,"{""colsample_bytree"": 0.907333860759915, ""gamma"": 3.8264151287938994, ""learning_rate"": 0.07913151613721063, ""max_depth"": 1, ""min_child_weight"": 3, ""n_estimators"": 68, ""reg_alpha"": 0.0010718699673231578, ""reg_lambda"": 0.11568373565694119, ""subsample"": 0.90647435193499}",COMPLETE
80,0.1715965923605285,2026-10-08 20:28:53.372850,2026-10-08 20:28:53.475943,0 days 00:00:00.103093,0.9815664667789971,2.969214669961236,0.06711703036514238,1,4,157,0.005417290762718,0.12813761259080583,0.9272428602498803,0.5486022360267945,11.221044169422862,0.06674232326849736,"{""colsample_bytree"": 0.9815664667789971, ""gamma"": 2.969214669961236, ""learning_rate"": 0.06711703036514238, ""max_depth"": 1, ""min_child_weight"": 4, ""n_estimators"": 157, ""reg_alpha"": 0.005417290762718, ""reg_lambda"": 0.12813761259080583, ""subsample"": 0.9272428602498803}",COMPLETE
81,0.17080971471159134,2026-10-08 20:28:53.475943,2026-10-08 20:28:53.548008,0 days 00:00:00.072065,0.9367631161230994,3.4663745535708634,0.06564769471029656,1,5,91,0.004481807414432768,0.15419693977430207,0.943471115560872,0.5450700012439432,11.308337126371434,0.07402332009129983,"{""colsample_bytree"": 0.9367631161230994, ""gamma"": 3.4663745535708634, ""learning_rate"": 0.06564769471029656, ""max_depth"": 1, ""min_child_weight"": 5, ""n_estimators"": 91, ""reg_alpha"": 0.004481807414432768, ""reg_lambda"": 0.15419693977430207, ""subsample"": 0.943471115560872}",COMPLETE
82,0.1682949530063402,2026-10-08 20:28:53.548008,2026-10-08 20:28:53.637090,0 days 00:00:00.089082,0.9702692075021655,3.1113951210493562,0.048552784230298796,1,4,140,0.0007942992159506518,0.23941691886935712,0.9252129685133584,0.5586763639379195,11.222366763270456,0.07077147559886203,"{""colsample_bytree"": 0.9702692075021655, ""gamma"": 3.1113951210493562, ""learning_rate"": 0.048552784230298796, ""max_depth"": 1, ""min_child_weight"": 4, ""n_estimators"": 140, ""reg_alpha"": 0.0007942992159506518, ""reg_lambda"": 0.23941691886935712, ""subsample"": 0.9252129685133584}",COMPLETE
